<testsuites id="" name="" tests="2800" failures="56" skipped="2707" errors="0" time="309.290232">
<testsuite name="bidirectional-communication-auth-test.spec.ts" timestamp="2025-08-02T20:40:52.858Z" hostname="chromium" tests="5" failures="5" skipped="0" time="92.84" errors="0">
<testcase name="Bidirectional Communication with Authentication Test › should test authenticated bidirectional communication" classname="bidirectional-communication-auth-test.spec.ts" time="18.747">
<failure message="bidirectional-communication-auth-test.spec.ts:4:7 should test authenticated bidirectional communication" type="FAILURE">
<![CDATA[  [chromium] › bidirectional-communication-auth-test.spec.ts:4:7 › Bidirectional Communication with Authentication Test › should test authenticated bidirectional communication 

    TimeoutError: page.waitForURL: Timeout 10000ms exceeded.
    =========================== logs ===========================
    waiting for navigation until "load"
    ============================================================

      20 |       
      21 |       // Wait for login to complete
    > 22 |       await page.waitForURL(/\/dashboard/, { timeout: 10000 });
         |                  ^
      23 |       console.log('✅ Login successful');
      24 |       
      25 |       // Navigate to conversations
        at /Users/lukatenbosch/Downloads/campfire-v2/e2e/bidirectional-communication-auth-test.spec.ts:22:18

    attachment #1: screenshot (image/png) ──────────────────────────────────────────────────────────
    ../test-results/bidirectional-communicatio-0c5a5-bidirectional-communication-chromium/test-failed-1.png
    ────────────────────────────────────────────────────────────────────────────────────────────────

    attachment #2: video (video/webm) ──────────────────────────────────────────────────────────────
    ../test-results/bidirectional-communicatio-0c5a5-bidirectional-communication-chromium/video.webm
    ────────────────────────────────────────────────────────────────────────────────────────────────

    Error Context: ../test-results/bidirectional-communicatio-0c5a5-bidirectional-communication-chromium/error-context.md
]]>
</failure>
<system-out>
<![CDATA[🔐 Testing authenticated bidirectional communication...
✅ Login page loaded

[[ATTACHMENT|bidirectional-communicatio-0c5a5-bidirectional-communication-chromium/test-failed-1.png]]

[[ATTACHMENT|bidirectional-communicatio-0c5a5-bidirectional-communication-chromium/video.webm]]

[[ATTACHMENT|bidirectional-communicatio-0c5a5-bidirectional-communication-chromium/error-context.md]]
]]>
</system-out>
</testcase>
<testcase name="Bidirectional Communication with Authentication Test › should test widget with authentication" classname="bidirectional-communication-auth-test.spec.ts" time="18.46">
<failure message="bidirectional-communication-auth-test.spec.ts:51:7 should test widget with authentication" type="FAILURE">
<![CDATA[  [chromium] › bidirectional-communication-auth-test.spec.ts:51:7 › Bidirectional Communication with Authentication Test › should test widget with authentication 

    TimeoutError: page.waitForURL: Timeout 10000ms exceeded.
    =========================== logs ===========================
    waiting for navigation until "load"
    ============================================================

      61 |       await page.fill('input[type="password"], #password', 'password123');
      62 |       await page.click('button[type="submit"]');
    > 63 |       await page.waitForURL(/\/dashboard/, { timeout: 10000 });
         |                  ^
      64 |       
      65 |       // Now test widget with authentication
      66 |       await page.goto('http://localhost:3001/widget-demo');
        at /Users/lukatenbosch/Downloads/campfire-v2/e2e/bidirectional-communication-auth-test.spec.ts:63:18

    attachment #1: screenshot (image/png) ──────────────────────────────────────────────────────────
    ../test-results/bidirectional-communicatio-b18c2--widget-with-authentication-chromium/test-failed-1.png
    ────────────────────────────────────────────────────────────────────────────────────────────────

    attachment #2: video (video/webm) ──────────────────────────────────────────────────────────────
    ../test-results/bidirectional-communicatio-b18c2--widget-with-authentication-chromium/video.webm
    ────────────────────────────────────────────────────────────────────────────────────────────────

    Error Context: ../test-results/bidirectional-communicatio-b18c2--widget-with-authentication-chromium/error-context.md
]]>
</failure>
<system-out>
<![CDATA[🔧 Testing widget with authentication...

[[ATTACHMENT|bidirectional-communicatio-b18c2--widget-with-authentication-chromium/test-failed-1.png]]

[[ATTACHMENT|bidirectional-communicatio-b18c2--widget-with-authentication-chromium/video.webm]]

[[ATTACHMENT|bidirectional-communicatio-b18c2--widget-with-authentication-chromium/error-context.md]]
]]>
</system-out>
</testcase>
<testcase name="Bidirectional Communication with Authentication Test › should test AI handover functionality" classname="bidirectional-communication-auth-test.spec.ts" time="18.633">
<failure message="bidirectional-communication-auth-test.spec.ts:91:7 should test AI handover functionality" type="FAILURE">
<![CDATA[  [chromium] › bidirectional-communication-auth-test.spec.ts:91:7 › Bidirectional Communication with Authentication Test › should test AI handover functionality 

    TimeoutError: page.waitForURL: Timeout 10000ms exceeded.
    =========================== logs ===========================
    waiting for navigation until "load"
    ============================================================

      101 |       await page.fill('input[type="password"], #password', 'password123');
      102 |       await page.click('button[type="submit"]');
    > 103 |       await page.waitForURL(/\/dashboard/, { timeout: 10000 });
          |                  ^
      104 |       
      105 |       // Navigate to inbox to test AI handover
      106 |       await page.goto('http://localhost:3001/dashboard/inbox');
        at /Users/lukatenbosch/Downloads/campfire-v2/e2e/bidirectional-communication-auth-test.spec.ts:103:18

    attachment #1: screenshot (image/png) ──────────────────────────────────────────────────────────
    ../test-results/bidirectional-communicatio-f7851-t-AI-handover-functionality-chromium/test-failed-1.png
    ────────────────────────────────────────────────────────────────────────────────────────────────

    attachment #2: video (video/webm) ──────────────────────────────────────────────────────────────
    ../test-results/bidirectional-communicatio-f7851-t-AI-handover-functionality-chromium/video.webm
    ────────────────────────────────────────────────────────────────────────────────────────────────

    Error Context: ../test-results/bidirectional-communicatio-f7851-t-AI-handover-functionality-chromium/error-context.md
]]>
</failure>
<system-out>
<![CDATA[🤖 Testing AI handover functionality...

[[ATTACHMENT|bidirectional-communicatio-f7851-t-AI-handover-functionality-chromium/test-failed-1.png]]

[[ATTACHMENT|bidirectional-communicatio-f7851-t-AI-handover-functionality-chromium/video.webm]]

[[ATTACHMENT|bidirectional-communicatio-f7851-t-AI-handover-functionality-chromium/error-context.md]]
]]>
</system-out>
</testcase>
<testcase name="Bidirectional Communication with Authentication Test › should test message sending and receiving" classname="bidirectional-communication-auth-test.spec.ts" time="18.457">
<failure message="bidirectional-communication-auth-test.spec.ts:133:7 should test message sending and receiving" type="FAILURE">
<![CDATA[  [chromium] › bidirectional-communication-auth-test.spec.ts:133:7 › Bidirectional Communication with Authentication Test › should test message sending and receiving 

    TimeoutError: page.waitForURL: Timeout 10000ms exceeded.
    =========================== logs ===========================
    waiting for navigation until "load"
    ============================================================

      143 |       await page.fill('input[type="password"], #password', 'password123');
      144 |       await page.click('button[type="submit"]');
    > 145 |       await page.waitForURL(/\/dashboard/, { timeout: 10000 });
          |                  ^
      146 |       
      147 |       // Navigate to a conversation or create one
      148 |       await page.goto('http://localhost:3001/dashboard/conversations');
        at /Users/lukatenbosch/Downloads/campfire-v2/e2e/bidirectional-communication-auth-test.spec.ts:145:18

    attachment #1: screenshot (image/png) ──────────────────────────────────────────────────────────
    ../test-results/bidirectional-communicatio-054d4-ssage-sending-and-receiving-chromium/test-failed-1.png
    ────────────────────────────────────────────────────────────────────────────────────────────────

    attachment #2: video (video/webm) ──────────────────────────────────────────────────────────────
    ../test-results/bidirectional-communicatio-054d4-ssage-sending-and-receiving-chromium/video.webm
    ────────────────────────────────────────────────────────────────────────────────────────────────

    Error Context: ../test-results/bidirectional-communicatio-054d4-ssage-sending-and-receiving-chromium/error-context.md
]]>
</failure>
<system-out>
<![CDATA[💬 Testing message sending and receiving...

[[ATTACHMENT|bidirectional-communicatio-054d4-ssage-sending-and-receiving-chromium/test-failed-1.png]]

[[ATTACHMENT|bidirectional-communicatio-054d4-ssage-sending-and-receiving-chromium/video.webm]]

[[ATTACHMENT|bidirectional-communicatio-054d4-ssage-sending-and-receiving-chromium/error-context.md]]
]]>
</system-out>
</testcase>
<testcase name="Bidirectional Communication with Authentication Test › should test realtime connection stability" classname="bidirectional-communication-auth-test.spec.ts" time="18.543">
<failure message="bidirectional-communication-auth-test.spec.ts:183:7 should test realtime connection stability" type="FAILURE">
<![CDATA[  [chromium] › bidirectional-communication-auth-test.spec.ts:183:7 › Bidirectional Communication with Authentication Test › should test realtime connection stability 

    TimeoutError: page.waitForURL: Timeout 10000ms exceeded.
    =========================== logs ===========================
    waiting for navigation until "load"
    ============================================================

      193 |       await page.fill('input[type="password"], #password', 'password123');
      194 |       await page.click('button[type="submit"]');
    > 195 |       await page.waitForURL(/\/dashboard/, { timeout: 10000 });
          |                  ^
      196 |       
      197 |       // Navigate to dashboard and monitor connections
      198 |       await page.goto('http://localhost:3001/dashboard');
        at /Users/lukatenbosch/Downloads/campfire-v2/e2e/bidirectional-communication-auth-test.spec.ts:195:18

    attachment #1: screenshot (image/png) ──────────────────────────────────────────────────────────
    ../test-results/bidirectional-communicatio-0133f-altime-connection-stability-chromium/test-failed-1.png
    ────────────────────────────────────────────────────────────────────────────────────────────────

    attachment #2: video (video/webm) ──────────────────────────────────────────────────────────────
    ../test-results/bidirectional-communicatio-0133f-altime-connection-stability-chromium/video.webm
    ────────────────────────────────────────────────────────────────────────────────────────────────

    Error Context: ../test-results/bidirectional-communicatio-0133f-altime-connection-stability-chromium/error-context.md
]]>
</failure>
<system-out>
<![CDATA[🔗 Testing realtime connection stability...

[[ATTACHMENT|bidirectional-communicatio-0133f-altime-connection-stability-chromium/test-failed-1.png]]

[[ATTACHMENT|bidirectional-communicatio-0133f-altime-connection-stability-chromium/video.webm]]

[[ATTACHMENT|bidirectional-communicatio-0133f-altime-connection-stability-chromium/error-context.md]]
]]>
</system-out>
</testcase>
</testsuite>
<testsuite name="bidirectional-communication-corrected.spec.ts" timestamp="2025-08-02T20:40:52.858Z" hostname="chromium" tests="8" failures="0" skipped="0" time="119.444" errors="0">
<testcase name="Bidirectional Communication Test (Corrected URLs) › should test basic functionality with correct URLs" classname="bidirectional-communication-corrected.spec.ts" time="3.399">
<system-out>
<![CDATA[🧪 Testing basic functionality with correct URLs...
✅ Homepage loaded successfully
📊 Found 6 buttons and 40 links
✅ Basic functionality test completed
]]>
</system-out>
</testcase>
<testcase name="Bidirectional Communication Test (Corrected URLs) › should test login and dashboard access" classname="bidirectional-communication-corrected.spec.ts" time="13.356">
<system-out>
<![CDATA[🔐 Testing login and dashboard access...
✅ Login page loaded
ℹ️ Login timeout or redirect issue, continuing with current state
✅ Login and dashboard test completed
]]>
</system-out>
</testcase>
<testcase name="Bidirectional Communication Test (Corrected URLs) › should test widget functionality" classname="bidirectional-communication-corrected.spec.ts" time="23.881">
<system-out>
<![CDATA[🔧 Testing widget functionality...
✅ Widget container found
📊 Found 5 interactive elements
📊 Captured 0 realtime logs
✅ Widget functionality test completed
]]>
</system-out>
</testcase>
<testcase name="Bidirectional Communication Test (Corrected URLs) › should test API endpoints" classname="bidirectional-communication-corrected.spec.ts" time="13.893">
<system-out>
<![CDATA[🔌 Testing API endpoints...
📡 Auth session status: 401
📡 Homepage status: 200
📡 Widget auth status: 404
✅ API endpoints test completed
]]>
</system-out>
</testcase>
<testcase name="Bidirectional Communication Test (Corrected URLs) › should test authenticated inbox access" classname="bidirectional-communication-corrected.spec.ts" time="15.39">
<system-out>
<![CDATA[📥 Testing authenticated inbox access...
ℹ️ Login or inbox access issue, continuing
✅ Inbox access test completed
]]>
</system-out>
</testcase>
<testcase name="Bidirectional Communication Test (Corrected URLs) › should test error handling and database issues" classname="bidirectional-communication-corrected.spec.ts" time="19.45">
<system-out>
<![CDATA[🛡️ Testing error handling and database issues...
📡 Read receipts status: 400
📡 Widget messages status: 400
📡 Invalid API status: 404
✅ Error handling test completed
]]>
</system-out>
</testcase>
<testcase name="Bidirectional Communication Test (Corrected URLs) › should test realtime connection monitoring" classname="bidirectional-communication-corrected.spec.ts" time="13.326">
<system-out>
<![CDATA[📡 Testing realtime connection monitoring...
🔍 REALTIME: [Widget Supabase] 20:41:24 - Supabase client status changed to: connected undefined
🔍 REALTIME: [UNKNOWN] 🔐 [Auth] No access token found - realtime may fail
🔍 REALTIME: [UNKNOWN] 🔐 [Auth] No access token found - realtime may fail
🔍 REALTIME: [UNKNOWN] 🔐 [Auth] No access token found - realtime may fail
🔍 REALTIME: [UNKNOWN] 🔐 [Auth] No access token found - realtime may fail
📊 Captured 5 realtime logs
✅ No unexpected error logs detected
✅ Realtime monitoring completed
🔍 REALTIME: [Widget Realtime] 20:41:28 - 🚀 Starting enhanced real-time connection {channelName: org:b5e80170-004c-4e82-a88c-3e2166b169dd:conv:3aaf809a-385d-4d08-b356-612b122af3fa, organizationId: b5e80170-004c-4e82-a88c-3e2166b169dd, conversationId: 3aaf809a-385d-4d08-b356-612b122af3fa}
🔍 REALTIME: [Widget Event] widget_realtime_connect_success: {organizationId: b5e80170-004c-4e82-a88c-3e2166b169dd, conversationId: 3aaf809a-385d-4d08-b356-612b122af3fa}
🔍 REALTIME: [Widget Realtime] 20:41:28 - 🔄 Disconnecting channel {state: joining, topic: realtime:org:b5e80170-004c-4e82-a88c-3e2166b169dd:conv:3aaf809a-385d-4d08-b356-612b122af3fa}
🔍 REALTIME: WebSocket connection to 'wss://yvntokkncxbhapqjesti.supabase.co/realtime/v1/websocket?apikey=eyJhbGciOiJIUzI1NiIsInR5cCI6IkpXVCJ9.eyJpc3MiOiJzdXBhYmFzZSIsInJlZiI6Inl2bnRva2tuY3hiaGFwcWplc3RpIiwicm9sZSI6ImFub24iLCJpYXQiOjE3NDQ0ODUxNTQsImV4cCI6MjA2MDA2MTE1NH0.iJ4C4AHk0bfBmISvbSekGIAXn7puFL0lGbBwqBd6XTs&eventsPerSecond=10&log_level=debug&vsn=1.0.0' failed: WebSocket is closed before the connection is established.
🔍 REALTIME: [Widget Realtime] 20:41:28 - 🚀 Starting enhanced real-time connection {channelName: org:b5e80170-004c-4e82-a88c-3e2166b169dd:conv:3aaf809a-385d-4d08-b356-612b122af3fa, organizationId: b5e80170-004c-4e82-a88c-3e2166b169dd, conversationId: 3aaf809a-385d-4d08-b356-612b122af3fa}
🔍 REALTIME: [Widget Event] widget_realtime_connect_success: {organizationId: b5e80170-004c-4e82-a88c-3e2166b169dd, conversationId: 3aaf809a-385d-4d08-b356-612b122af3fa}
🔍 REALTIME: [UNKNOWN] 🔐 [Auth] No access token found - realtime may fail
🔍 REALTIME: [UNKNOWN] 🔐 [Auth] No access token found - realtime may fail
🔍 REALTIME: [UNKNOWN] 🔐 [Auth] No access token found - realtime may fail
🔍 REALTIME: [UNKNOWN] 🔐 [Auth] No access token found - realtime may fail
]]>
</system-out>
</testcase>
<testcase name="Bidirectional Communication Test (Corrected URLs) › should test AI handover with correct URLs" classname="bidirectional-communication-corrected.spec.ts" time="16.749">
<system-out>
<![CDATA[🤖 Testing AI handover with correct URLs...
ℹ️ Login or AI handover access issue, continuing
✅ AI handover test completed
]]>
</system-out>
</testcase>
</testsuite>
<testsuite name="bidirectional-communication.spec.ts" timestamp="2025-08-02T20:40:52.858Z" hostname="chromium" tests="6" failures="6" skipped="0" time="0.02" errors="0">
<testcase name="Bidirectional Communication E2E › should establish bidirectional message communication" classname="bidirectional-communication.spec.ts" time="0.003">
<failure message="bidirectional-communication.spec.ts:81:7 should establish bidirectional message communication" type="FAILURE">
<![CDATA[  [chromium] › bidirectional-communication.spec.ts:81:7 › Bidirectional Communication E2E › should establish bidirectional message communication 

    Error: ENOENT: no such file or directory, open 'e2e/test-metadata.json'

      34 |     // Load test metadata
      35 |     const testMetadata = JSON.parse(
    > 36 |       require('fs').readFileSync('e2e/test-metadata.json', 'utf-8')
         |                     ^
      37 |     );
      38 |
      39 |     // Create separate browser instances for agent and customer
        at /Users/lukatenbosch/Downloads/campfire-v2/e2e/bidirectional-communication.spec.ts:36:21

    TypeError: Cannot read properties of undefined (reading 'customerBrowser')

      74 |
      75 |   test.afterAll(async () => {
    > 76 |     await testContext.customerBrowser?.close();
         |                       ^
      77 |     await testContext.agentContext?.close();
      78 |     await testContext.customerContext?.close();
      79 |   });
        at /Users/lukatenbosch/Downloads/campfire-v2/e2e/bidirectional-communication.spec.ts:76:23
]]>
</failure>
</testcase>
<testcase name="Bidirectional Communication E2E › should handle typing indicators bidirectionally" classname="bidirectional-communication.spec.ts" time="0">
<failure message="bidirectional-communication.spec.ts:143:7 should handle typing indicators bidirectionally" type="FAILURE">
<![CDATA[  [chromium] › bidirectional-communication.spec.ts:143:7 › Bidirectional Communication E2E › should handle typing indicators bidirectionally 

    Error: ENOENT: no such file or directory, open 'e2e/test-metadata.json'

      34 |     // Load test metadata
      35 |     const testMetadata = JSON.parse(
    > 36 |       require('fs').readFileSync('e2e/test-metadata.json', 'utf-8')
         |                     ^
      37 |     );
      38 |
      39 |     // Create separate browser instances for agent and customer
        at /Users/lukatenbosch/Downloads/campfire-v2/e2e/bidirectional-communication.spec.ts:36:21

    TypeError: Cannot read properties of undefined (reading 'customerBrowser')

      74 |
      75 |   test.afterAll(async () => {
    > 76 |     await testContext.customerBrowser?.close();
         |                       ^
      77 |     await testContext.agentContext?.close();
      78 |     await testContext.customerContext?.close();
      79 |   });
        at /Users/lukatenbosch/Downloads/campfire-v2/e2e/bidirectional-communication.spec.ts:76:23
]]>
</failure>
</testcase>
<testcase name="Bidirectional Communication E2E › should handle presence updates bidirectionally" classname="bidirectional-communication.spec.ts" time="0">
<failure message="bidirectional-communication.spec.ts:195:7 should handle presence updates bidirectionally" type="FAILURE">
<![CDATA[  [chromium] › bidirectional-communication.spec.ts:195:7 › Bidirectional Communication E2E › should handle presence updates bidirectionally 

    Error: ENOENT: no such file or directory, open 'e2e/test-metadata.json'

      34 |     // Load test metadata
      35 |     const testMetadata = JSON.parse(
    > 36 |       require('fs').readFileSync('e2e/test-metadata.json', 'utf-8')
         |                     ^
      37 |     );
      38 |
      39 |     // Create separate browser instances for agent and customer
        at /Users/lukatenbosch/Downloads/campfire-v2/e2e/bidirectional-communication.spec.ts:36:21

    TypeError: Cannot read properties of undefined (reading 'customerBrowser')

      74 |
      75 |   test.afterAll(async () => {
    > 76 |     await testContext.customerBrowser?.close();
         |                       ^
      77 |     await testContext.agentContext?.close();
      78 |     await testContext.customerContext?.close();
      79 |   });
        at /Users/lukatenbosch/Downloads/campfire-v2/e2e/bidirectional-communication.spec.ts:76:23
]]>
</failure>
</testcase>
<testcase name="Bidirectional Communication E2E › should handle message delivery status" classname="bidirectional-communication.spec.ts" time="0.012">
<failure message="bidirectional-communication.spec.ts:232:7 should handle message delivery status" type="FAILURE">
<![CDATA[  [chromium] › bidirectional-communication.spec.ts:232:7 › Bidirectional Communication E2E › should handle message delivery status 

    Error: ENOENT: no such file or directory, open 'e2e/test-metadata.json'

      34 |     // Load test metadata
      35 |     const testMetadata = JSON.parse(
    > 36 |       require('fs').readFileSync('e2e/test-metadata.json', 'utf-8')
         |                     ^
      37 |     );
      38 |
      39 |     // Create separate browser instances for agent and customer
        at /Users/lukatenbosch/Downloads/campfire-v2/e2e/bidirectional-communication.spec.ts:36:21

    TypeError: Cannot read properties of undefined (reading 'customerBrowser')

      74 |
      75 |   test.afterAll(async () => {
    > 76 |     await testContext.customerBrowser?.close();
         |                       ^
      77 |     await testContext.agentContext?.close();
      78 |     await testContext.customerContext?.close();
      79 |   });
        at /Users/lukatenbosch/Downloads/campfire-v2/e2e/bidirectional-communication.spec.ts:76:23
]]>
</failure>
</testcase>
<testcase name="Bidirectional Communication E2E › should handle connection interruption and recovery" classname="bidirectional-communication.spec.ts" time="0.002">
<failure message="bidirectional-communication.spec.ts:270:7 should handle connection interruption and recovery" type="FAILURE">
<![CDATA[  [chromium] › bidirectional-communication.spec.ts:270:7 › Bidirectional Communication E2E › should handle connection interruption and recovery 

    Error: ENOENT: no such file or directory, open 'e2e/test-metadata.json'

      34 |     // Load test metadata
      35 |     const testMetadata = JSON.parse(
    > 36 |       require('fs').readFileSync('e2e/test-metadata.json', 'utf-8')
         |                     ^
      37 |     );
      38 |
      39 |     // Create separate browser instances for agent and customer
        at /Users/lukatenbosch/Downloads/campfire-v2/e2e/bidirectional-communication.spec.ts:36:21

    TypeError: Cannot read properties of undefined (reading 'customerBrowser')

      74 |
      75 |   test.afterAll(async () => {
    > 76 |     await testContext.customerBrowser?.close();
         |                       ^
      77 |     await testContext.agentContext?.close();
      78 |     await testContext.customerContext?.close();
      79 |   });
        at /Users/lukatenbosch/Downloads/campfire-v2/e2e/bidirectional-communication.spec.ts:76:23
]]>
</failure>
</testcase>
<testcase name="Bidirectional Communication E2E › should handle concurrent messages from multiple users" classname="bidirectional-communication.spec.ts" time="0.003">
<failure message="bidirectional-communication.spec.ts:325:7 should handle concurrent messages from multiple users" type="FAILURE">
<![CDATA[  [chromium] › bidirectional-communication.spec.ts:325:7 › Bidirectional Communication E2E › should handle concurrent messages from multiple users 

    Error: ENOENT: no such file or directory, open 'e2e/test-metadata.json'

      34 |     // Load test metadata
      35 |     const testMetadata = JSON.parse(
    > 36 |       require('fs').readFileSync('e2e/test-metadata.json', 'utf-8')
         |                     ^
      37 |     );
      38 |
      39 |     // Create separate browser instances for agent and customer
        at /Users/lukatenbosch/Downloads/campfire-v2/e2e/bidirectional-communication.spec.ts:36:21

    TypeError: Cannot read properties of undefined (reading 'customerBrowser')

      74 |
      75 |   test.afterAll(async () => {
    > 76 |     await testContext.customerBrowser?.close();
         |                       ^
      77 |     await testContext.agentContext?.close();
      78 |     await testContext.customerContext?.close();
      79 |   });
        at /Users/lukatenbosch/Downloads/campfire-v2/e2e/bidirectional-communication.spec.ts:76:23
]]>
</failure>
</testcase>
</testsuite>
<testsuite name="comprehensive-inbox-dashboard-test.spec.ts" timestamp="2025-08-02T20:40:52.858Z" hostname="chromium" tests="17" failures="17" skipped="0" time="393.802" errors="0">
<testcase name="Comprehensive Inbox Dashboard Test › should load inbox dashboard with all core components" classname="comprehensive-inbox-dashboard-test.spec.ts" time="12.318">
<failure message="comprehensive-inbox-dashboard-test.spec.ts:22:7 should load inbox dashboard with all core components" type="FAILURE">
<![CDATA[  [chromium] › comprehensive-inbox-dashboard-test.spec.ts:22:7 › Comprehensive Inbox Dashboard Test › should load inbox dashboard with all core components 

    TimeoutError: page.waitForURL: Timeout 5000ms exceeded.
    =========================== logs ===========================
    waiting for navigation until "load"
    ============================================================

      12 |       await page.fill('input[type="password"], #password', 'password123');
      13 |       await page.click('button[type="submit"]');
    > 14 |       await page.waitForURL(/\/dashboard/, { timeout: 5000 });
         |                  ^
      15 |     }
      16 |     
      17 |     // Navigate to inbox
        at /Users/lukatenbosch/Downloads/campfire-v2/e2e/comprehensive-inbox-dashboard-test.spec.ts:14:18

    attachment #1: screenshot (image/png) ──────────────────────────────────────────────────────────
    ../test-results/comprehensive-inbox-dashbo-e1292-rd-with-all-core-components-chromium/test-failed-1.png
    ────────────────────────────────────────────────────────────────────────────────────────────────

    attachment #2: video (video/webm) ──────────────────────────────────────────────────────────────
    ../test-results/comprehensive-inbox-dashbo-e1292-rd-with-all-core-components-chromium/video.webm
    ────────────────────────────────────────────────────────────────────────────────────────────────

    Error Context: ../test-results/comprehensive-inbox-dashbo-e1292-rd-with-all-core-components-chromium/error-context.md
]]>
</failure>
<system-out>
<![CDATA[
[[ATTACHMENT|comprehensive-inbox-dashbo-e1292-rd-with-all-core-components-chromium/test-failed-1.png]]

[[ATTACHMENT|comprehensive-inbox-dashbo-e1292-rd-with-all-core-components-chromium/video.webm]]

[[ATTACHMENT|comprehensive-inbox-dashbo-e1292-rd-with-all-core-components-chromium/error-context.md]]
]]>
</system-out>
</testcase>
<testcase name="Comprehensive Inbox Dashboard Test › should test conversation list functionality" classname="comprehensive-inbox-dashboard-test.spec.ts" time="22.846">
<failure message="comprehensive-inbox-dashboard-test.spec.ts:40:7 should test conversation list functionality" type="FAILURE">
<![CDATA[  [chromium] › comprehensive-inbox-dashboard-test.spec.ts:40:7 › Comprehensive Inbox Dashboard Test › should test conversation list functionality 

    TimeoutError: page.waitForURL: Timeout 5000ms exceeded.
    =========================== logs ===========================
    waiting for navigation until "load"
    ============================================================

      12 |       await page.fill('input[type="password"], #password', 'password123');
      13 |       await page.click('button[type="submit"]');
    > 14 |       await page.waitForURL(/\/dashboard/, { timeout: 5000 });
         |                  ^
      15 |     }
      16 |     
      17 |     // Navigate to inbox
        at /Users/lukatenbosch/Downloads/campfire-v2/e2e/comprehensive-inbox-dashboard-test.spec.ts:14:18

    attachment #1: screenshot (image/png) ──────────────────────────────────────────────────────────
    ../test-results/comprehensive-inbox-dashbo-f1c22-ersation-list-functionality-chromium/test-failed-1.png
    ────────────────────────────────────────────────────────────────────────────────────────────────

    attachment #2: video (video/webm) ──────────────────────────────────────────────────────────────
    ../test-results/comprehensive-inbox-dashbo-f1c22-ersation-list-functionality-chromium/video.webm
    ────────────────────────────────────────────────────────────────────────────────────────────────

    Error Context: ../test-results/comprehensive-inbox-dashbo-f1c22-ersation-list-functionality-chromium/error-context.md
]]>
</failure>
<system-out>
<![CDATA[
[[ATTACHMENT|comprehensive-inbox-dashbo-f1c22-ersation-list-functionality-chromium/test-failed-1.png]]

[[ATTACHMENT|comprehensive-inbox-dashbo-f1c22-ersation-list-functionality-chromium/video.webm]]

[[ATTACHMENT|comprehensive-inbox-dashbo-f1c22-ersation-list-functionality-chromium/error-context.md]]
]]>
</system-out>
</testcase>
<testcase name="Comprehensive Inbox Dashboard Test › should test chat header and customer information" classname="comprehensive-inbox-dashboard-test.spec.ts" time="11.747">
<failure message="comprehensive-inbox-dashboard-test.spec.ts:68:7 should test chat header and customer information" type="FAILURE">
<![CDATA[  [chromium] › comprehensive-inbox-dashboard-test.spec.ts:68:7 › Comprehensive Inbox Dashboard Test › should test chat header and customer information 

    TimeoutError: page.waitForURL: Timeout 5000ms exceeded.
    =========================== logs ===========================
    waiting for navigation until "load"
    ============================================================

      12 |       await page.fill('input[type="password"], #password', 'password123');
      13 |       await page.click('button[type="submit"]');
    > 14 |       await page.waitForURL(/\/dashboard/, { timeout: 5000 });
         |                  ^
      15 |     }
      16 |     
      17 |     // Navigate to inbox
        at /Users/lukatenbosch/Downloads/campfire-v2/e2e/comprehensive-inbox-dashboard-test.spec.ts:14:18

    attachment #1: screenshot (image/png) ──────────────────────────────────────────────────────────
    ../test-results/comprehensive-inbox-dashbo-40630-er-and-customer-information-chromium/test-failed-1.png
    ────────────────────────────────────────────────────────────────────────────────────────────────

    attachment #2: video (video/webm) ──────────────────────────────────────────────────────────────
    ../test-results/comprehensive-inbox-dashbo-40630-er-and-customer-information-chromium/video.webm
    ────────────────────────────────────────────────────────────────────────────────────────────────

    Error Context: ../test-results/comprehensive-inbox-dashbo-40630-er-and-customer-information-chromium/error-context.md
]]>
</failure>
<system-out>
<![CDATA[
[[ATTACHMENT|comprehensive-inbox-dashbo-40630-er-and-customer-information-chromium/test-failed-1.png]]

[[ATTACHMENT|comprehensive-inbox-dashbo-40630-er-and-customer-information-chromium/video.webm]]

[[ATTACHMENT|comprehensive-inbox-dashbo-40630-er-and-customer-information-chromium/error-context.md]]
]]>
</system-out>
</testcase>
<testcase name="Comprehensive Inbox Dashboard Test › should test message list and conversation display" classname="comprehensive-inbox-dashboard-test.spec.ts" time="24.282">
<failure message="comprehensive-inbox-dashboard-test.spec.ts:102:7 should test message list and conversation display" type="FAILURE">
<![CDATA[  [chromium] › comprehensive-inbox-dashboard-test.spec.ts:102:7 › Comprehensive Inbox Dashboard Test › should test message list and conversation display 

    TimeoutError: page.waitForURL: Timeout 5000ms exceeded.
    =========================== logs ===========================
    waiting for navigation until "load"
    ============================================================

      12 |       await page.fill('input[type="password"], #password', 'password123');
      13 |       await page.click('button[type="submit"]');
    > 14 |       await page.waitForURL(/\/dashboard/, { timeout: 5000 });
         |                  ^
      15 |     }
      16 |     
      17 |     // Navigate to inbox
        at /Users/lukatenbosch/Downloads/campfire-v2/e2e/comprehensive-inbox-dashboard-test.spec.ts:14:18

    attachment #1: screenshot (image/png) ──────────────────────────────────────────────────────────
    ../test-results/comprehensive-inbox-dashbo-ec9a8-st-and-conversation-display-chromium/test-failed-1.png
    ────────────────────────────────────────────────────────────────────────────────────────────────

    attachment #2: video (video/webm) ──────────────────────────────────────────────────────────────
    ../test-results/comprehensive-inbox-dashbo-ec9a8-st-and-conversation-display-chromium/video.webm
    ────────────────────────────────────────────────────────────────────────────────────────────────

    Error Context: ../test-results/comprehensive-inbox-dashbo-ec9a8-st-and-conversation-display-chromium/error-context.md
]]>
</failure>
<system-out>
<![CDATA[
[[ATTACHMENT|comprehensive-inbox-dashbo-ec9a8-st-and-conversation-display-chromium/test-failed-1.png]]

[[ATTACHMENT|comprehensive-inbox-dashbo-ec9a8-st-and-conversation-display-chromium/video.webm]]

[[ATTACHMENT|comprehensive-inbox-dashbo-ec9a8-st-and-conversation-display-chromium/error-context.md]]
]]>
</system-out>
</testcase>
<testcase name="Comprehensive Inbox Dashboard Test › should test message composer functionality" classname="comprehensive-inbox-dashboard-test.spec.ts" time="23.12">
<failure message="comprehensive-inbox-dashboard-test.spec.ts:131:7 should test message composer functionality" type="FAILURE">
<![CDATA[  [chromium] › comprehensive-inbox-dashboard-test.spec.ts:131:7 › Comprehensive Inbox Dashboard Test › should test message composer functionality 

    TimeoutError: page.waitForURL: Timeout 5000ms exceeded.
    =========================== logs ===========================
    waiting for navigation until "load"
    ============================================================

      12 |       await page.fill('input[type="password"], #password', 'password123');
      13 |       await page.click('button[type="submit"]');
    > 14 |       await page.waitForURL(/\/dashboard/, { timeout: 5000 });
         |                  ^
      15 |     }
      16 |     
      17 |     // Navigate to inbox
        at /Users/lukatenbosch/Downloads/campfire-v2/e2e/comprehensive-inbox-dashboard-test.spec.ts:14:18

    attachment #1: screenshot (image/png) ──────────────────────────────────────────────────────────
    ../test-results/comprehensive-inbox-dashbo-698e9-sage-composer-functionality-chromium/test-failed-1.png
    ────────────────────────────────────────────────────────────────────────────────────────────────

    attachment #2: video (video/webm) ──────────────────────────────────────────────────────────────
    ../test-results/comprehensive-inbox-dashbo-698e9-sage-composer-functionality-chromium/video.webm
    ────────────────────────────────────────────────────────────────────────────────────────────────

    Error Context: ../test-results/comprehensive-inbox-dashbo-698e9-sage-composer-functionality-chromium/error-context.md
]]>
</failure>
<system-out>
<![CDATA[
[[ATTACHMENT|comprehensive-inbox-dashbo-698e9-sage-composer-functionality-chromium/test-failed-1.png]]

[[ATTACHMENT|comprehensive-inbox-dashbo-698e9-sage-composer-functionality-chromium/video.webm]]

[[ATTACHMENT|comprehensive-inbox-dashbo-698e9-sage-composer-functionality-chromium/error-context.md]]
]]>
</system-out>
</testcase>
<testcase name="Comprehensive Inbox Dashboard Test › should test AI handover functionality" classname="comprehensive-inbox-dashboard-test.spec.ts" time="12.381">
<failure message="comprehensive-inbox-dashboard-test.spec.ts:159:7 should test AI handover functionality" type="FAILURE">
<![CDATA[  [chromium] › comprehensive-inbox-dashboard-test.spec.ts:159:7 › Comprehensive Inbox Dashboard Test › should test AI handover functionality 

    TimeoutError: page.waitForURL: Timeout 5000ms exceeded.
    =========================== logs ===========================
    waiting for navigation until "load"
    ============================================================

      12 |       await page.fill('input[type="password"], #password', 'password123');
      13 |       await page.click('button[type="submit"]');
    > 14 |       await page.waitForURL(/\/dashboard/, { timeout: 5000 });
         |                  ^
      15 |     }
      16 |     
      17 |     // Navigate to inbox
        at /Users/lukatenbosch/Downloads/campfire-v2/e2e/comprehensive-inbox-dashboard-test.spec.ts:14:18

    attachment #1: screenshot (image/png) ──────────────────────────────────────────────────────────
    ../test-results/comprehensive-inbox-dashbo-a424c-t-AI-handover-functionality-chromium/test-failed-1.png
    ────────────────────────────────────────────────────────────────────────────────────────────────

    attachment #2: video (video/webm) ──────────────────────────────────────────────────────────────
    ../test-results/comprehensive-inbox-dashbo-a424c-t-AI-handover-functionality-chromium/video.webm
    ────────────────────────────────────────────────────────────────────────────────────────────────

    Error Context: ../test-results/comprehensive-inbox-dashbo-a424c-t-AI-handover-functionality-chromium/error-context.md
]]>
</failure>
<system-out>
<![CDATA[
[[ATTACHMENT|comprehensive-inbox-dashbo-a424c-t-AI-handover-functionality-chromium/test-failed-1.png]]

[[ATTACHMENT|comprehensive-inbox-dashbo-a424c-t-AI-handover-functionality-chromium/video.webm]]

[[ATTACHMENT|comprehensive-inbox-dashbo-a424c-t-AI-handover-functionality-chromium/error-context.md]]
]]>
</system-out>
</testcase>
<testcase name="Comprehensive Inbox Dashboard Test › should test customer sidebar functionality" classname="comprehensive-inbox-dashboard-test.spec.ts" time="14.877">
<failure message="comprehensive-inbox-dashboard-test.spec.ts:188:7 should test customer sidebar functionality" type="FAILURE">
<![CDATA[  [chromium] › comprehensive-inbox-dashboard-test.spec.ts:188:7 › Comprehensive Inbox Dashboard Test › should test customer sidebar functionality 

    TimeoutError: page.waitForURL: Timeout 5000ms exceeded.
    =========================== logs ===========================
    waiting for navigation until "load"
    ============================================================

      12 |       await page.fill('input[type="password"], #password', 'password123');
      13 |       await page.click('button[type="submit"]');
    > 14 |       await page.waitForURL(/\/dashboard/, { timeout: 5000 });
         |                  ^
      15 |     }
      16 |     
      17 |     // Navigate to inbox
        at /Users/lukatenbosch/Downloads/campfire-v2/e2e/comprehensive-inbox-dashboard-test.spec.ts:14:18

    attachment #1: screenshot (image/png) ──────────────────────────────────────────────────────────
    ../test-results/comprehensive-inbox-dashbo-c69df-tomer-sidebar-functionality-chromium/test-failed-1.png
    ────────────────────────────────────────────────────────────────────────────────────────────────

    attachment #2: video (video/webm) ──────────────────────────────────────────────────────────────
    ../test-results/comprehensive-inbox-dashbo-c69df-tomer-sidebar-functionality-chromium/video.webm
    ────────────────────────────────────────────────────────────────────────────────────────────────

    Error Context: ../test-results/comprehensive-inbox-dashbo-c69df-tomer-sidebar-functionality-chromium/error-context.md
]]>
</failure>
<system-out>
<![CDATA[
[[ATTACHMENT|comprehensive-inbox-dashbo-c69df-tomer-sidebar-functionality-chromium/test-failed-1.png]]

[[ATTACHMENT|comprehensive-inbox-dashbo-c69df-tomer-sidebar-functionality-chromium/video.webm]]

[[ATTACHMENT|comprehensive-inbox-dashbo-c69df-tomer-sidebar-functionality-chromium/error-context.md]]
]]>
</system-out>
</testcase>
<testcase name="Comprehensive Inbox Dashboard Test › should test conversation management features" classname="comprehensive-inbox-dashboard-test.spec.ts" time="20.813">
<failure message="comprehensive-inbox-dashboard-test.spec.ts:219:7 should test conversation management features" type="FAILURE">
<![CDATA[  [chromium] › comprehensive-inbox-dashboard-test.spec.ts:219:7 › Comprehensive Inbox Dashboard Test › should test conversation management features 

    TimeoutError: page.waitForURL: Timeout 5000ms exceeded.
    =========================== logs ===========================
    waiting for navigation until "load"
    ============================================================

      12 |       await page.fill('input[type="password"], #password', 'password123');
      13 |       await page.click('button[type="submit"]');
    > 14 |       await page.waitForURL(/\/dashboard/, { timeout: 5000 });
         |                  ^
      15 |     }
      16 |     
      17 |     // Navigate to inbox
        at /Users/lukatenbosch/Downloads/campfire-v2/e2e/comprehensive-inbox-dashboard-test.spec.ts:14:18

    attachment #1: screenshot (image/png) ──────────────────────────────────────────────────────────
    ../test-results/comprehensive-inbox-dashbo-e2af8-rsation-management-features-chromium/test-failed-1.png
    ────────────────────────────────────────────────────────────────────────────────────────────────

    attachment #2: video (video/webm) ──────────────────────────────────────────────────────────────
    ../test-results/comprehensive-inbox-dashbo-e2af8-rsation-management-features-chromium/video.webm
    ────────────────────────────────────────────────────────────────────────────────────────────────

    Error Context: ../test-results/comprehensive-inbox-dashbo-e2af8-rsation-management-features-chromium/error-context.md
]]>
</failure>
<system-out>
<![CDATA[
[[ATTACHMENT|comprehensive-inbox-dashbo-e2af8-rsation-management-features-chromium/test-failed-1.png]]

[[ATTACHMENT|comprehensive-inbox-dashbo-e2af8-rsation-management-features-chromium/video.webm]]

[[ATTACHMENT|comprehensive-inbox-dashbo-e2af8-rsation-management-features-chromium/error-context.md]]
]]>
</system-out>
</testcase>
<testcase name="Comprehensive Inbox Dashboard Test › should test bulk actions functionality" classname="comprehensive-inbox-dashboard-test.spec.ts" time="19.536">
<failure message="comprehensive-inbox-dashboard-test.spec.ts:247:7 should test bulk actions functionality" type="FAILURE">
<![CDATA[  [chromium] › comprehensive-inbox-dashboard-test.spec.ts:247:7 › Comprehensive Inbox Dashboard Test › should test bulk actions functionality 

    TimeoutError: page.waitForURL: Timeout 5000ms exceeded.
    =========================== logs ===========================
    waiting for navigation until "load"
    ============================================================

      12 |       await page.fill('input[type="password"], #password', 'password123');
      13 |       await page.click('button[type="submit"]');
    > 14 |       await page.waitForURL(/\/dashboard/, { timeout: 5000 });
         |                  ^
      15 |     }
      16 |     
      17 |     // Navigate to inbox
        at /Users/lukatenbosch/Downloads/campfire-v2/e2e/comprehensive-inbox-dashboard-test.spec.ts:14:18

    attachment #1: screenshot (image/png) ──────────────────────────────────────────────────────────
    ../test-results/comprehensive-inbox-dashbo-27799--bulk-actions-functionality-chromium/test-failed-1.png
    ────────────────────────────────────────────────────────────────────────────────────────────────

    attachment #2: video (video/webm) ──────────────────────────────────────────────────────────────
    ../test-results/comprehensive-inbox-dashbo-27799--bulk-actions-functionality-chromium/video.webm
    ────────────────────────────────────────────────────────────────────────────────────────────────

    Error Context: ../test-results/comprehensive-inbox-dashbo-27799--bulk-actions-functionality-chromium/error-context.md
]]>
</failure>
<system-out>
<![CDATA[
[[ATTACHMENT|comprehensive-inbox-dashbo-27799--bulk-actions-functionality-chromium/test-failed-1.png]]

[[ATTACHMENT|comprehensive-inbox-dashbo-27799--bulk-actions-functionality-chromium/video.webm]]

[[ATTACHMENT|comprehensive-inbox-dashbo-27799--bulk-actions-functionality-chromium/error-context.md]]
]]>
</system-out>
</testcase>
<testcase name="Comprehensive Inbox Dashboard Test › should test advanced filters functionality" classname="comprehensive-inbox-dashboard-test.spec.ts" time="19.303">
<failure message="comprehensive-inbox-dashboard-test.spec.ts:267:7 should test advanced filters functionality" type="FAILURE">
<![CDATA[  [chromium] › comprehensive-inbox-dashboard-test.spec.ts:267:7 › Comprehensive Inbox Dashboard Test › should test advanced filters functionality 

    TimeoutError: page.waitForURL: Timeout 5000ms exceeded.
    =========================== logs ===========================
    waiting for navigation until "load"
    ============================================================

      12 |       await page.fill('input[type="password"], #password', 'password123');
      13 |       await page.click('button[type="submit"]');
    > 14 |       await page.waitForURL(/\/dashboard/, { timeout: 5000 });
         |                  ^
      15 |     }
      16 |     
      17 |     // Navigate to inbox
        at /Users/lukatenbosch/Downloads/campfire-v2/e2e/comprehensive-inbox-dashboard-test.spec.ts:14:18

    attachment #1: screenshot (image/png) ──────────────────────────────────────────────────────────
    ../test-results/comprehensive-inbox-dashbo-aac7c-anced-filters-functionality-chromium/test-failed-1.png
    ────────────────────────────────────────────────────────────────────────────────────────────────

    attachment #2: video (video/webm) ──────────────────────────────────────────────────────────────
    ../test-results/comprehensive-inbox-dashbo-aac7c-anced-filters-functionality-chromium/video.webm
    ────────────────────────────────────────────────────────────────────────────────────────────────

    Error Context: ../test-results/comprehensive-inbox-dashbo-aac7c-anced-filters-functionality-chromium/error-context.md
]]>
</failure>
<system-out>
<![CDATA[
[[ATTACHMENT|comprehensive-inbox-dashbo-aac7c-anced-filters-functionality-chromium/test-failed-1.png]]

[[ATTACHMENT|comprehensive-inbox-dashbo-aac7c-anced-filters-functionality-chromium/video.webm]]

[[ATTACHMENT|comprehensive-inbox-dashbo-aac7c-anced-filters-functionality-chromium/error-context.md]]
]]>
</system-out>
</testcase>
<testcase name="Comprehensive Inbox Dashboard Test › should test keyboard shortcuts" classname="comprehensive-inbox-dashboard-test.spec.ts" time="19.114">
<failure message="comprehensive-inbox-dashboard-test.spec.ts:290:7 should test keyboard shortcuts" type="FAILURE">
<![CDATA[  [chromium] › comprehensive-inbox-dashboard-test.spec.ts:290:7 › Comprehensive Inbox Dashboard Test › should test keyboard shortcuts 

    TimeoutError: page.waitForURL: Timeout 5000ms exceeded.
    =========================== logs ===========================
    waiting for navigation until "load"
    ============================================================

      12 |       await page.fill('input[type="password"], #password', 'password123');
      13 |       await page.click('button[type="submit"]');
    > 14 |       await page.waitForURL(/\/dashboard/, { timeout: 5000 });
         |                  ^
      15 |     }
      16 |     
      17 |     // Navigate to inbox
        at /Users/lukatenbosch/Downloads/campfire-v2/e2e/comprehensive-inbox-dashboard-test.spec.ts:14:18

    attachment #1: screenshot (image/png) ──────────────────────────────────────────────────────────
    ../test-results/comprehensive-inbox-dashbo-de2e1-uld-test-keyboard-shortcuts-chromium/test-failed-1.png
    ────────────────────────────────────────────────────────────────────────────────────────────────

    attachment #2: video (video/webm) ──────────────────────────────────────────────────────────────
    ../test-results/comprehensive-inbox-dashbo-de2e1-uld-test-keyboard-shortcuts-chromium/video.webm
    ────────────────────────────────────────────────────────────────────────────────────────────────

    Error Context: ../test-results/comprehensive-inbox-dashbo-de2e1-uld-test-keyboard-shortcuts-chromium/error-context.md
]]>
</failure>
<system-out>
<![CDATA[
[[ATTACHMENT|comprehensive-inbox-dashbo-de2e1-uld-test-keyboard-shortcuts-chromium/test-failed-1.png]]

[[ATTACHMENT|comprehensive-inbox-dashbo-de2e1-uld-test-keyboard-shortcuts-chromium/video.webm]]

[[ATTACHMENT|comprehensive-inbox-dashbo-de2e1-uld-test-keyboard-shortcuts-chromium/error-context.md]]
]]>
</system-out>
</testcase>
<testcase name="Comprehensive Inbox Dashboard Test › should test file upload functionality" classname="comprehensive-inbox-dashboard-test.spec.ts" time="18.667">
<failure message="comprehensive-inbox-dashboard-test.spec.ts:308:7 should test file upload functionality" type="FAILURE">
<![CDATA[  [chromium] › comprehensive-inbox-dashboard-test.spec.ts:308:7 › Comprehensive Inbox Dashboard Test › should test file upload functionality 

    TimeoutError: page.waitForURL: Timeout 5000ms exceeded.
    =========================== logs ===========================
    waiting for navigation until "load"
    ============================================================

      12 |       await page.fill('input[type="password"], #password', 'password123');
      13 |       await page.click('button[type="submit"]');
    > 14 |       await page.waitForURL(/\/dashboard/, { timeout: 5000 });
         |                  ^
      15 |     }
      16 |     
      17 |     // Navigate to inbox
        at /Users/lukatenbosch/Downloads/campfire-v2/e2e/comprehensive-inbox-dashboard-test.spec.ts:14:18

    attachment #1: screenshot (image/png) ──────────────────────────────────────────────────────────
    ../test-results/comprehensive-inbox-dashbo-764a8-t-file-upload-functionality-chromium/test-failed-1.png
    ────────────────────────────────────────────────────────────────────────────────────────────────

    attachment #2: video (video/webm) ──────────────────────────────────────────────────────────────
    ../test-results/comprehensive-inbox-dashbo-764a8-t-file-upload-functionality-chromium/video.webm
    ────────────────────────────────────────────────────────────────────────────────────────────────

    Error Context: ../test-results/comprehensive-inbox-dashbo-764a8-t-file-upload-functionality-chromium/error-context.md
]]>
</failure>
<system-out>
<![CDATA[
[[ATTACHMENT|comprehensive-inbox-dashbo-764a8-t-file-upload-functionality-chromium/test-failed-1.png]]

[[ATTACHMENT|comprehensive-inbox-dashbo-764a8-t-file-upload-functionality-chromium/video.webm]]

[[ATTACHMENT|comprehensive-inbox-dashbo-764a8-t-file-upload-functionality-chromium/error-context.md]]
]]>
</system-out>
</testcase>
<testcase name="Comprehensive Inbox Dashboard Test › should test emoji picker and templates" classname="comprehensive-inbox-dashboard-test.spec.ts" time="21.226">
<failure message="comprehensive-inbox-dashboard-test.spec.ts:329:7 should test emoji picker and templates" type="FAILURE">
<![CDATA[  [chromium] › comprehensive-inbox-dashboard-test.spec.ts:329:7 › Comprehensive Inbox Dashboard Test › should test emoji picker and templates 

    TimeoutError: page.waitForURL: Timeout 5000ms exceeded.
    =========================== logs ===========================
    waiting for navigation until "load"
    ============================================================

      12 |       await page.fill('input[type="password"], #password', 'password123');
      13 |       await page.click('button[type="submit"]');
    > 14 |       await page.waitForURL(/\/dashboard/, { timeout: 5000 });
         |                  ^
      15 |     }
      16 |     
      17 |     // Navigate to inbox
        at /Users/lukatenbosch/Downloads/campfire-v2/e2e/comprehensive-inbox-dashboard-test.spec.ts:14:18

    attachment #1: screenshot (image/png) ──────────────────────────────────────────────────────────
    ../test-results/comprehensive-inbox-dashbo-81b95--emoji-picker-and-templates-chromium/test-failed-1.png
    ────────────────────────────────────────────────────────────────────────────────────────────────

    attachment #2: video (video/webm) ──────────────────────────────────────────────────────────────
    ../test-results/comprehensive-inbox-dashbo-81b95--emoji-picker-and-templates-chromium/video.webm
    ────────────────────────────────────────────────────────────────────────────────────────────────

    Error Context: ../test-results/comprehensive-inbox-dashbo-81b95--emoji-picker-and-templates-chromium/error-context.md
]]>
</failure>
<system-out>
<![CDATA[
[[ATTACHMENT|comprehensive-inbox-dashbo-81b95--emoji-picker-and-templates-chromium/test-failed-1.png]]

[[ATTACHMENT|comprehensive-inbox-dashbo-81b95--emoji-picker-and-templates-chromium/video.webm]]

[[ATTACHMENT|comprehensive-inbox-dashbo-81b95--emoji-picker-and-templates-chromium/error-context.md]]
]]>
</system-out>
</testcase>
<testcase name="Comprehensive Inbox Dashboard Test › should test real-time features and connections" classname="comprehensive-inbox-dashboard-test.spec.ts" time="17.9">
<failure message="comprehensive-inbox-dashboard-test.spec.ts:361:7 should test real-time features and connections" type="FAILURE">
<![CDATA[  [chromium] › comprehensive-inbox-dashboard-test.spec.ts:361:7 › Comprehensive Inbox Dashboard Test › should test real-time features and connections 

    TimeoutError: page.waitForURL: Timeout 5000ms exceeded.
    =========================== logs ===========================
    waiting for navigation until "load"
    ============================================================

      12 |       await page.fill('input[type="password"], #password', 'password123');
      13 |       await page.click('button[type="submit"]');
    > 14 |       await page.waitForURL(/\/dashboard/, { timeout: 5000 });
         |                  ^
      15 |     }
      16 |     
      17 |     // Navigate to inbox
        at /Users/lukatenbosch/Downloads/campfire-v2/e2e/comprehensive-inbox-dashboard-test.spec.ts:14:18

    attachment #1: screenshot (image/png) ──────────────────────────────────────────────────────────
    ../test-results/comprehensive-inbox-dashbo-0c5a9-me-features-and-connections-chromium/test-failed-1.png
    ────────────────────────────────────────────────────────────────────────────────────────────────

    attachment #2: video (video/webm) ──────────────────────────────────────────────────────────────
    ../test-results/comprehensive-inbox-dashbo-0c5a9-me-features-and-connections-chromium/video.webm
    ────────────────────────────────────────────────────────────────────────────────────────────────

    Error Context: ../test-results/comprehensive-inbox-dashbo-0c5a9-me-features-and-connections-chromium/error-context.md
]]>
</failure>
<system-out>
<![CDATA[
[[ATTACHMENT|comprehensive-inbox-dashbo-0c5a9-me-features-and-connections-chromium/test-failed-1.png]]

[[ATTACHMENT|comprehensive-inbox-dashbo-0c5a9-me-features-and-connections-chromium/video.webm]]

[[ATTACHMENT|comprehensive-inbox-dashbo-0c5a9-me-features-and-connections-chromium/error-context.md]]
]]>
</system-out>
</testcase>
<testcase name="Comprehensive Inbox Dashboard Test › should test performance and loading states" classname="comprehensive-inbox-dashboard-test.spec.ts" time="59.907">
<failure message="comprehensive-inbox-dashboard-test.spec.ts:386:7 should test performance and loading states" type="FAILURE">
<![CDATA[  [chromium] › comprehensive-inbox-dashboard-test.spec.ts:386:7 › Comprehensive Inbox Dashboard Test › should test performance and loading states 

    TimeoutError: page.goto: Timeout 30000ms exceeded.
    Call log:
      - navigating to "http://localhost:3001/dashboard/inbox", waiting until "load"


      16 |     
      17 |     // Navigate to inbox
    > 18 |     await page.goto('http://localhost:3001/dashboard/inbox');
         |                ^
      19 |     await page.waitForLoadState('networkidle');
      20 |   });
      21 |
        at /Users/lukatenbosch/Downloads/campfire-v2/e2e/comprehensive-inbox-dashboard-test.spec.ts:18:16

    attachment #1: video (video/webm) ──────────────────────────────────────────────────────────────
    ../test-results/comprehensive-inbox-dashbo-6bb9f-formance-and-loading-states-chromium/video.webm
    ────────────────────────────────────────────────────────────────────────────────────────────────

    Error Context: ../test-results/comprehensive-inbox-dashbo-6bb9f-formance-and-loading-states-chromium/error-context.md
]]>
</failure>
<system-out>
<![CDATA[
[[ATTACHMENT|comprehensive-inbox-dashbo-6bb9f-formance-and-loading-states-chromium/video.webm]]

[[ATTACHMENT|comprehensive-inbox-dashbo-6bb9f-formance-and-loading-states-chromium/error-context.md]]
]]>
</system-out>
</testcase>
<testcase name="Comprehensive Inbox Dashboard Test › should test accessibility features" classname="comprehensive-inbox-dashboard-test.spec.ts" time="59.293">
<failure message="comprehensive-inbox-dashboard-test.spec.ts:409:7 should test accessibility features" type="FAILURE">
<![CDATA[  [chromium] › comprehensive-inbox-dashboard-test.spec.ts:409:7 › Comprehensive Inbox Dashboard Test › should test accessibility features 

    TimeoutError: page.goto: Timeout 30000ms exceeded.
    Call log:
      - navigating to "http://localhost:3001/dashboard/inbox", waiting until "load"


      16 |     
      17 |     // Navigate to inbox
    > 18 |     await page.goto('http://localhost:3001/dashboard/inbox');
         |                ^
      19 |     await page.waitForLoadState('networkidle');
      20 |   });
      21 |
        at /Users/lukatenbosch/Downloads/campfire-v2/e2e/comprehensive-inbox-dashboard-test.spec.ts:18:16

    attachment #1: screenshot (image/png) ──────────────────────────────────────────────────────────
    ../test-results/comprehensive-inbox-dashbo-83797-test-accessibility-features-chromium/test-failed-1.png
    ────────────────────────────────────────────────────────────────────────────────────────────────

    attachment #2: video (video/webm) ──────────────────────────────────────────────────────────────
    ../test-results/comprehensive-inbox-dashbo-83797-test-accessibility-features-chromium/video.webm
    ────────────────────────────────────────────────────────────────────────────────────────────────

    Error Context: ../test-results/comprehensive-inbox-dashbo-83797-test-accessibility-features-chromium/error-context.md
]]>
</failure>
<system-out>
<![CDATA[
[[ATTACHMENT|comprehensive-inbox-dashbo-83797-test-accessibility-features-chromium/test-failed-1.png]]

[[ATTACHMENT|comprehensive-inbox-dashbo-83797-test-accessibility-features-chromium/video.webm]]

[[ATTACHMENT|comprehensive-inbox-dashbo-83797-test-accessibility-features-chromium/error-context.md]]
]]>
</system-out>
</testcase>
<testcase name="Comprehensive Inbox Dashboard Test › should test responsive design and mobile features" classname="comprehensive-inbox-dashboard-test.spec.ts" time="16.472">
<failure message="comprehensive-inbox-dashboard-test.spec.ts:430:7 should test responsive design and mobile features" type="FAILURE">
<![CDATA[  [chromium] › comprehensive-inbox-dashboard-test.spec.ts:430:7 › Comprehensive Inbox Dashboard Test › should test responsive design and mobile features 

    TimeoutError: page.waitForURL: Timeout 5000ms exceeded.
    =========================== logs ===========================
    waiting for navigation until "load"
    ============================================================

      12 |       await page.fill('input[type="password"], #password', 'password123');
      13 |       await page.click('button[type="submit"]');
    > 14 |       await page.waitForURL(/\/dashboard/, { timeout: 5000 });
         |                  ^
      15 |     }
      16 |     
      17 |     // Navigate to inbox
        at /Users/lukatenbosch/Downloads/campfire-v2/e2e/comprehensive-inbox-dashboard-test.spec.ts:14:18

    attachment #1: screenshot (image/png) ──────────────────────────────────────────────────────────
    ../test-results/comprehensive-inbox-dashbo-1beda--design-and-mobile-features-chromium/test-failed-1.png
    ────────────────────────────────────────────────────────────────────────────────────────────────

    attachment #2: video (video/webm) ──────────────────────────────────────────────────────────────
    ../test-results/comprehensive-inbox-dashbo-1beda--design-and-mobile-features-chromium/video.webm
    ────────────────────────────────────────────────────────────────────────────────────────────────

    Error Context: ../test-results/comprehensive-inbox-dashbo-1beda--design-and-mobile-features-chromium/error-context.md
]]>
</failure>
<system-out>
<![CDATA[
[[ATTACHMENT|comprehensive-inbox-dashbo-1beda--design-and-mobile-features-chromium/test-failed-1.png]]

[[ATTACHMENT|comprehensive-inbox-dashbo-1beda--design-and-mobile-features-chromium/video.webm]]

[[ATTACHMENT|comprehensive-inbox-dashbo-1beda--design-and-mobile-features-chromium/error-context.md]]
]]>
</system-out>
</testcase>
</testsuite>
<testsuite name="multi-user-scenarios.spec.ts" timestamp="2025-08-02T20:40:52.858Z" hostname="chromium" tests="5" failures="5" skipped="0" time="0.012" errors="0">
<testcase name="Multi-User Scenarios E2E › should handle multiple agents serving different customers" classname="multi-user-scenarios.spec.ts" time="0.008">
<failure message="multi-user-scenarios.spec.ts:95:7 should handle multiple agents serving different customers" type="FAILURE">
<![CDATA[  [chromium] › multi-user-scenarios.spec.ts:95:7 › Multi-User Scenarios E2E › should handle multiple agents serving different customers 

    Error: ENOENT: no such file or directory, open 'e2e/test-metadata.json'

      34 |   test.beforeAll(async ({ browser }) => {
      35 |     const testMetadata = JSON.parse(
    > 36 |       require('fs').readFileSync('e2e/test-metadata.json', 'utf-8')
         |                     ^
      37 |     );
      38 |
      39 |     testContext = {
        at /Users/lukatenbosch/Downloads/campfire-v2/e2e/multi-user-scenarios.spec.ts:36:21

    TypeError: Cannot read properties of undefined (reading 'browsers')

      83 |   test.afterAll(async () => {
      84 |     // Close all browsers except the first one (managed by Playwright)
    > 85 |     for (let i = 1; i < testContext.browsers.length; i++) {
         |                                     ^
      86 |       await testContext.browsers[i].close();
      87 |     }
      88 |     
        at /Users/lukatenbosch/Downloads/campfire-v2/e2e/multi-user-scenarios.spec.ts:85:37
]]>
</failure>
</testcase>
<testcase name="Multi-User Scenarios E2E › should handle agent handoff scenarios" classname="multi-user-scenarios.spec.ts" time="0.001">
<failure message="multi-user-scenarios.spec.ts:190:7 should handle agent handoff scenarios" type="FAILURE">
<![CDATA[  [chromium] › multi-user-scenarios.spec.ts:190:7 › Multi-User Scenarios E2E › should handle agent handoff scenarios 

    Error: ENOENT: no such file or directory, open 'e2e/test-metadata.json'

      34 |   test.beforeAll(async ({ browser }) => {
      35 |     const testMetadata = JSON.parse(
    > 36 |       require('fs').readFileSync('e2e/test-metadata.json', 'utf-8')
         |                     ^
      37 |     );
      38 |
      39 |     testContext = {
        at /Users/lukatenbosch/Downloads/campfire-v2/e2e/multi-user-scenarios.spec.ts:36:21

    TypeError: Cannot read properties of undefined (reading 'browsers')

      83 |   test.afterAll(async () => {
      84 |     // Close all browsers except the first one (managed by Playwright)
    > 85 |     for (let i = 1; i < testContext.browsers.length; i++) {
         |                                     ^
      86 |       await testContext.browsers[i].close();
      87 |     }
      88 |     
        at /Users/lukatenbosch/Downloads/campfire-v2/e2e/multi-user-scenarios.spec.ts:85:37
]]>
</failure>
</testcase>
<testcase name="Multi-User Scenarios E2E › should handle AI to human handover" classname="multi-user-scenarios.spec.ts" time="0.001">
<failure message="multi-user-scenarios.spec.ts:262:7 should handle AI to human handover" type="FAILURE">
<![CDATA[  [chromium] › multi-user-scenarios.spec.ts:262:7 › Multi-User Scenarios E2E › should handle AI to human handover 

    Error: ENOENT: no such file or directory, open 'e2e/test-metadata.json'

      34 |   test.beforeAll(async ({ browser }) => {
      35 |     const testMetadata = JSON.parse(
    > 36 |       require('fs').readFileSync('e2e/test-metadata.json', 'utf-8')
         |                     ^
      37 |     );
      38 |
      39 |     testContext = {
        at /Users/lukatenbosch/Downloads/campfire-v2/e2e/multi-user-scenarios.spec.ts:36:21

    TypeError: Cannot read properties of undefined (reading 'browsers')

      83 |   test.afterAll(async () => {
      84 |     // Close all browsers except the first one (managed by Playwright)
    > 85 |     for (let i = 1; i < testContext.browsers.length; i++) {
         |                                     ^
      86 |       await testContext.browsers[i].close();
      87 |     }
      88 |     
        at /Users/lukatenbosch/Downloads/campfire-v2/e2e/multi-user-scenarios.spec.ts:85:37
]]>
</failure>
</testcase>
<testcase name="Multi-User Scenarios E2E › should handle supervisor monitoring and intervention" classname="multi-user-scenarios.spec.ts" time="0.002">
<failure message="multi-user-scenarios.spec.ts:335:7 should handle supervisor monitoring and intervention" type="FAILURE">
<![CDATA[  [chromium] › multi-user-scenarios.spec.ts:335:7 › Multi-User Scenarios E2E › should handle supervisor monitoring and intervention 

    Error: ENOENT: no such file or directory, open 'e2e/test-metadata.json'

      34 |   test.beforeAll(async ({ browser }) => {
      35 |     const testMetadata = JSON.parse(
    > 36 |       require('fs').readFileSync('e2e/test-metadata.json', 'utf-8')
         |                     ^
      37 |     );
      38 |
      39 |     testContext = {
        at /Users/lukatenbosch/Downloads/campfire-v2/e2e/multi-user-scenarios.spec.ts:36:21

    TypeError: Cannot read properties of undefined (reading 'browsers')

      83 |   test.afterAll(async () => {
      84 |     // Close all browsers except the first one (managed by Playwright)
    > 85 |     for (let i = 1; i < testContext.browsers.length; i++) {
         |                                     ^
      86 |       await testContext.browsers[i].close();
      87 |     }
      88 |     
        at /Users/lukatenbosch/Downloads/campfire-v2/e2e/multi-user-scenarios.spec.ts:85:37
]]>
</failure>
</testcase>
<testcase name="Multi-User Scenarios E2E › should handle concurrent message load" classname="multi-user-scenarios.spec.ts" time="0">
<failure message="multi-user-scenarios.spec.ts:407:7 should handle concurrent message load" type="FAILURE">
<![CDATA[  [chromium] › multi-user-scenarios.spec.ts:407:7 › Multi-User Scenarios E2E › should handle concurrent message load 

    Error: ENOENT: no such file or directory, open 'e2e/test-metadata.json'

      34 |   test.beforeAll(async ({ browser }) => {
      35 |     const testMetadata = JSON.parse(
    > 36 |       require('fs').readFileSync('e2e/test-metadata.json', 'utf-8')
         |                     ^
      37 |     );
      38 |
      39 |     testContext = {
        at /Users/lukatenbosch/Downloads/campfire-v2/e2e/multi-user-scenarios.spec.ts:36:21

    TypeError: Cannot read properties of undefined (reading 'browsers')

      83 |   test.afterAll(async () => {
      84 |     // Close all browsers except the first one (managed by Playwright)
    > 85 |     for (let i = 1; i < testContext.browsers.length; i++) {
         |                                     ^
      86 |       await testContext.browsers[i].close();
      87 |     }
      88 |     
        at /Users/lukatenbosch/Downloads/campfire-v2/e2e/multi-user-scenarios.spec.ts:85:37
]]>
</failure>
</testcase>
</testsuite>
<testsuite name="performance-load-testing.spec.ts" timestamp="2025-08-02T20:40:52.858Z" hostname="chromium" tests="4" failures="4" skipped="0" time="0.04" errors="0">
<testcase name="Performance &amp; Load Testing E2E › should handle high-volume message throughput" classname="performance-load-testing.spec.ts" time="0.016">
<failure message="performance-load-testing.spec.ts:107:7 should handle high-volume message throughput" type="FAILURE">
<![CDATA[  [chromium] › performance-load-testing.spec.ts:107:7 › Performance & Load Testing E2E › should handle high-volume message throughput 

    Error: ENOENT: no such file or directory, open 'e2e/test-metadata.json'

      41 |   test.beforeAll(async ({ browser }) => {
      42 |     const testMetadata = JSON.parse(
    > 43 |       require('fs').readFileSync('e2e/test-metadata.json', 'utf-8')
         |                     ^
      44 |     );
      45 |
      46 |     testContext = {
        at /Users/lukatenbosch/Downloads/campfire-v2/e2e/performance-load-testing.spec.ts:43:21

    TypeError: Cannot read properties of undefined (reading 'metrics')

      72 |     // Generate performance report
      73 |     const report = {
    > 74 |       ...testContext.metrics,
         |                      ^
      75 |       summary: {
      76 |         avgMessageLatency: testContext.metrics.messageLatency.reduce((a, b) => a + b, 0) / testContext.metrics.messageLatency.length || 0,
      77 |         avgConnectionTime: testContext.metrics.connectionTime.reduce((a, b) => a + b, 0) / testContext.metrics.connectionTime.length || 0,
        at /Users/lukatenbosch/Downloads/campfire-v2/e2e/performance-load-testing.spec.ts:74:22
]]>
</failure>
</testcase>
<testcase name="Performance &amp; Load Testing E2E › should maintain connection stability under load" classname="performance-load-testing.spec.ts" time="0.006">
<failure message="performance-load-testing.spec.ts:202:7 should maintain connection stability under load" type="FAILURE">
<![CDATA[  [chromium] › performance-load-testing.spec.ts:202:7 › Performance & Load Testing E2E › should maintain connection stability under load 

    Error: ENOENT: no such file or directory, open 'e2e/test-metadata.json'

      41 |   test.beforeAll(async ({ browser }) => {
      42 |     const testMetadata = JSON.parse(
    > 43 |       require('fs').readFileSync('e2e/test-metadata.json', 'utf-8')
         |                     ^
      44 |     );
      45 |
      46 |     testContext = {
        at /Users/lukatenbosch/Downloads/campfire-v2/e2e/performance-load-testing.spec.ts:43:21

    TypeError: Cannot read properties of undefined (reading 'metrics')

      72 |     // Generate performance report
      73 |     const report = {
    > 74 |       ...testContext.metrics,
         |                      ^
      75 |       summary: {
      76 |         avgMessageLatency: testContext.metrics.messageLatency.reduce((a, b) => a + b, 0) / testContext.metrics.messageLatency.length || 0,
      77 |         avgConnectionTime: testContext.metrics.connectionTime.reduce((a, b) => a + b, 0) / testContext.metrics.connectionTime.length || 0,
        at /Users/lukatenbosch/Downloads/campfire-v2/e2e/performance-load-testing.spec.ts:74:22
]]>
</failure>
</testcase>
<testcase name="Performance &amp; Load Testing E2E › should monitor memory usage during extended operation" classname="performance-load-testing.spec.ts" time="0.017">
<failure message="performance-load-testing.spec.ts:277:7 should monitor memory usage during extended operation" type="FAILURE">
<![CDATA[  [chromium] › performance-load-testing.spec.ts:277:7 › Performance & Load Testing E2E › should monitor memory usage during extended operation 

    Error: ENOENT: no such file or directory, open 'e2e/test-metadata.json'

      41 |   test.beforeAll(async ({ browser }) => {
      42 |     const testMetadata = JSON.parse(
    > 43 |       require('fs').readFileSync('e2e/test-metadata.json', 'utf-8')
         |                     ^
      44 |     );
      45 |
      46 |     testContext = {
        at /Users/lukatenbosch/Downloads/campfire-v2/e2e/performance-load-testing.spec.ts:43:21

    TypeError: Cannot read properties of undefined (reading 'metrics')

      72 |     // Generate performance report
      73 |     const report = {
    > 74 |       ...testContext.metrics,
         |                      ^
      75 |       summary: {
      76 |         avgMessageLatency: testContext.metrics.messageLatency.reduce((a, b) => a + b, 0) / testContext.metrics.messageLatency.length || 0,
      77 |         avgConnectionTime: testContext.metrics.connectionTime.reduce((a, b) => a + b, 0) / testContext.metrics.connectionTime.length || 0,
        at /Users/lukatenbosch/Downloads/campfire-v2/e2e/performance-load-testing.spec.ts:74:22
]]>
</failure>
</testcase>
<testcase name="Performance &amp; Load Testing E2E › should handle concurrent typing indicators" classname="performance-load-testing.spec.ts" time="0.001">
<failure message="performance-load-testing.spec.ts:353:7 should handle concurrent typing indicators" type="FAILURE">
<![CDATA[  [chromium] › performance-load-testing.spec.ts:353:7 › Performance & Load Testing E2E › should handle concurrent typing indicators 

    Error: ENOENT: no such file or directory, open 'e2e/test-metadata.json'

      41 |   test.beforeAll(async ({ browser }) => {
      42 |     const testMetadata = JSON.parse(
    > 43 |       require('fs').readFileSync('e2e/test-metadata.json', 'utf-8')
         |                     ^
      44 |     );
      45 |
      46 |     testContext = {
        at /Users/lukatenbosch/Downloads/campfire-v2/e2e/performance-load-testing.spec.ts:43:21

    TypeError: Cannot read properties of undefined (reading 'metrics')

      72 |     // Generate performance report
      73 |     const report = {
    > 74 |       ...testContext.metrics,
         |                      ^
      75 |       summary: {
      76 |         avgMessageLatency: testContext.metrics.messageLatency.reduce((a, b) => a + b, 0) / testContext.metrics.messageLatency.length || 0,
      77 |         avgConnectionTime: testContext.metrics.connectionTime.reduce((a, b) => a + b, 0) / testContext.metrics.connectionTime.length || 0,
        at /Users/lukatenbosch/Downloads/campfire-v2/e2e/performance-load-testing.spec.ts:74:22
]]>
</failure>
</testcase>
</testsuite>
<testsuite name="robust-inbox-dashboard-test.spec.ts" timestamp="2025-08-02T20:40:52.858Z" hostname="chromium" tests="10" failures="4" skipped="0" time="246.953" errors="0">
<testcase name="Robust Inbox Dashboard Test › should load inbox dashboard structure" classname="robust-inbox-dashboard-test.spec.ts" time="37.428">
<failure message="robust-inbox-dashboard-test.spec.ts:10:7 should load inbox dashboard structure" type="FAILURE">
<![CDATA[  [chromium] › robust-inbox-dashboard-test.spec.ts:10:7 › Robust Inbox Dashboard Test › should load inbox dashboard structure 

    TimeoutError: page.goto: Timeout 30000ms exceeded.
    Call log:
      - navigating to "http://localhost:3001/dashboard/inbox", waiting until "load"


      4 |   test.beforeEach(async ({ page }) => {
      5 |     // Navigate to inbox directly (skip login if it's causing issues)
    > 6 |     await page.goto('http://localhost:3001/dashboard/inbox');
        |                ^
      7 |     await page.waitForLoadState('networkidle');
      8 |   });
      9 |
        at /Users/lukatenbosch/Downloads/campfire-v2/e2e/robust-inbox-dashboard-test.spec.ts:6:16

    attachment #1: screenshot (image/png) ──────────────────────────────────────────────────────────
    ../test-results/robust-inbox-dashboard-tes-0ff22-d-inbox-dashboard-structure-chromium/test-failed-1.png
    ────────────────────────────────────────────────────────────────────────────────────────────────

    attachment #2: video (video/webm) ──────────────────────────────────────────────────────────────
    ../test-results/robust-inbox-dashboard-tes-0ff22-d-inbox-dashboard-structure-chromium/video.webm
    ────────────────────────────────────────────────────────────────────────────────────────────────

    Error Context: ../test-results/robust-inbox-dashboard-tes-0ff22-d-inbox-dashboard-structure-chromium/error-context.md
]]>
</failure>
<system-out>
<![CDATA[
[[ATTACHMENT|robust-inbox-dashboard-tes-0ff22-d-inbox-dashboard-structure-chromium/test-failed-1.png]]

[[ATTACHMENT|robust-inbox-dashboard-tes-0ff22-d-inbox-dashboard-structure-chromium/video.webm]]

[[ATTACHMENT|robust-inbox-dashboard-tes-0ff22-d-inbox-dashboard-structure-chromium/error-context.md]]
]]>
</system-out>
</testcase>
<testcase name="Robust Inbox Dashboard Test › should test authentication flow" classname="robust-inbox-dashboard-test.spec.ts" time="36.403">
<system-out>
<![CDATA[🔐 Testing authentication flow...
📊 Found 3 login elements
ℹ️ Login form detected, attempting login
✅ Login attempt completed
✅ Authentication flow test completed
]]>
</system-out>
</testcase>
<testcase name="Robust Inbox Dashboard Test › should test page navigation and routing" classname="robust-inbox-dashboard-test.spec.ts" time="35.904">
<failure message="robust-inbox-dashboard-test.spec.ts:70:7 should test page navigation and routing" type="FAILURE">
<![CDATA[  [chromium] › robust-inbox-dashboard-test.spec.ts:70:7 › Robust Inbox Dashboard Test › should test page navigation and routing 

    TimeoutError: page.goto: Timeout 30000ms exceeded.
    Call log:
      - navigating to "http://localhost:3001/dashboard/inbox", waiting until "load"


      4 |   test.beforeEach(async ({ page }) => {
      5 |     // Navigate to inbox directly (skip login if it's causing issues)
[...]
<testcase name="Simple UI Status Report › should provide comprehensive UI/UX status report" classname="tests/ui/simple-ui-status.spec.ts" time="0">
<skipped>
</skipped>
</testcase>
</testsuite>
<testsuite name="tests/ui-functional-test.spec.ts" timestamp="2025-08-02T20:40:52.858Z" hostname="Google Chrome" tests="9" failures="0" skipped="9" time="0" errors="0">
<testcase name="UI Functional Testing › should test real conversation assignment functionality" classname="tests/ui-functional-test.spec.ts" time="0">
<skipped>
</skipped>
</testcase>
<testcase name="UI Functional Testing › should test real AI handover functionality" classname="tests/ui-functional-test.spec.ts" time="0">
<skipped>
</skipped>
</testcase>
<testcase name="UI Functional Testing › should test real ticket conversion functionality" classname="tests/ui-functional-test.spec.ts" time="0">
<skipped>
</skipped>
</testcase>
<testcase name="UI Functional Testing › should test real conversation tagging functionality" classname="tests/ui-functional-test.spec.ts" time="0">
<skipped>
</skipped>
</testcase>
<testcase name="UI Functional Testing › should test real conversation priority functionality" classname="tests/ui-functional-test.spec.ts" time="0">
<skipped>
</skipped>
</testcase>
<testcase name="UI Functional Testing › should test real conversation status functionality" classname="tests/ui-functional-test.spec.ts" time="0">
<skipped>
</skipped>
</testcase>
<testcase name="UI Functional Testing › should test real bidirectional communication between widget and agent" classname="tests/ui-functional-test.spec.ts" time="0">
<skipped>
</skipped>
</testcase>
<testcase name="UI Functional Testing › should test real conversation notes functionality" classname="tests/ui-functional-test.spec.ts" time="0">
<skipped>
</skipped>
</testcase>
<testcase name="UI Functional Testing › should test real conversation history and export functionality" classname="tests/ui-functional-test.spec.ts" time="0">
<skipped>
</skipped>
</testcase>
</testsuite>
<testsuite name="tests/ultimate-widget-accessibility.spec.ts" timestamp="2025-08-02T20:40:52.858Z" hostname="Google Chrome" tests="9" failures="0" skipped="9" time="0" errors="0">
<testcase name="UltimateWidget Accessibility › should be keyboard navigable" classname="tests/ultimate-widget-accessibility.spec.ts" time="0">
<skipped>
</skipped>
</testcase>
<testcase name="UltimateWidget Accessibility › should have proper ARIA labels" classname="tests/ultimate-widget-accessibility.spec.ts" time="0">
<skipped>
</skipped>
</testcase>
<testcase name="UltimateWidget Accessibility › should support screen readers" classname="tests/ultimate-widget-accessibility.spec.ts" time="0">
<skipped>
</skipped>
</testcase>
<testcase name="UltimateWidget Accessibility › should have proper color contrast" classname="tests/ultimate-widget-accessibility.spec.ts" time="0">
<skipped>
</skipped>
</testcase>
<testcase name="UltimateWidget Accessibility › should handle focus management properly" classname="tests/ultimate-widget-accessibility.spec.ts" time="0">
<skipped>
</skipped>
</testcase>
<testcase name="UltimateWidget Accessibility › should announce status changes to screen readers" classname="tests/ultimate-widget-accessibility.spec.ts" time="0">
<skipped>
</skipped>
</testcase>
<testcase name="UltimateWidget Accessibility › should be operable with voice control" classname="tests/ultimate-widget-accessibility.spec.ts" time="0">
<skipped>
</skipped>
</testcase>
<testcase name="UltimateWidget Accessibility › should handle reduced motion preferences" classname="tests/ultimate-widget-accessibility.spec.ts" time="0">
<skipped>
</skipped>
</testcase>
<testcase name="UltimateWidget Accessibility › should have proper error handling for accessibility" classname="tests/ultimate-widget-accessibility.spec.ts" time="0">
<skipped>
</skipped>
</testcase>
</testsuite>
<testsuite name="tests/ultimate-widget-bidirectional.spec.ts" timestamp="2025-08-02T20:40:52.858Z" hostname="Google Chrome" tests="8" failures="0" skipped="8" time="0" errors="0">
<testcase name="UltimateWidget Bidirectional Communication › should establish real-time connection and send messages" classname="tests/ultimate-widget-bidirectional.spec.ts" time="0">
<skipped>
</skipped>
</testcase>
<testcase name="UltimateWidget Bidirectional Communication › should display typing indicators bidirectionally" classname="tests/ultimate-widget-bidirectional.spec.ts" time="0">
<skipped>
</skipped>
</testcase>
<testcase name="UltimateWidget Bidirectional Communication › should handle real-time message synchronization" classname="tests/ultimate-widget-bidirectional.spec.ts" time="0">
<skipped>
</skipped>
</testcase>
<testcase name="UltimateWidget Bidirectional Communication › should handle connection errors gracefully" classname="tests/ultimate-widget-bidirectional.spec.ts" time="0">
<skipped>
</skipped>
</testcase>
<testcase name="UltimateWidget Bidirectional Communication › should support advanced features" classname="tests/ultimate-widget-bidirectional.spec.ts" time="0">
<skipped>
</skipped>
</testcase>
<testcase name="UltimateWidget Bidirectional Communication › should maintain conversation state across page reloads" classname="tests/ultimate-widget-bidirectional.spec.ts" time="0">
<skipped>
</skipped>
</testcase>
<testcase name="UltimateWidget Bidirectional Communication › should handle multiple rapid messages" classname="tests/ultimate-widget-bidirectional.spec.ts" time="0">
<skipped>
</skipped>
</testcase>
<testcase name="UltimateWidget Bidirectional Communication › should handle AI handover functionality" classname="tests/ultimate-widget-bidirectional.spec.ts" time="0">
<skipped>
</skipped>
</testcase>
</testsuite>
<testsuite name="tests/ultimate-widget-performance.spec.ts" timestamp="2025-08-02T20:40:52.858Z" hostname="Google Chrome" tests="7" failures="0" skipped="7" time="0" errors="0">
<testcase name="UltimateWidget Performance › should handle rapid message sending" classname="tests/ultimate-widget-performance.spec.ts" time="0">
<skipped>
</skipped>
</testcase>
<testcase name="UltimateWidget Performance › should maintain connection stability" classname="tests/ultimate-widget-performance.spec.ts" time="0">
<skipped>
</skipped>
</testcase>
<testcase name="UltimateWidget Performance › should handle concurrent users" classname="tests/ultimate-widget-performance.spec.ts" time="0">
<skipped>
</skipped>
</testcase>
<testcase name="UltimateWidget Performance › should handle large message content" classname="tests/ultimate-widget-performance.spec.ts" time="0">
<skipped>
</skipped>
</testcase>
<testcase name="UltimateWidget Performance › should handle memory usage under load" classname="tests/ultimate-widget-performance.spec.ts" time="0">
<skipped>
</skipped>
</testcase>
<testcase name="UltimateWidget Performance › should handle network latency gracefully" classname="tests/ultimate-widget-performance.spec.ts" time="0">
<skipped>
</skipped>
</testcase>
<testcase name="UltimateWidget Performance › should handle rapid widget open/close cycles" classname="tests/ultimate-widget-performance.spec.ts" time="0">
<skipped>
</skipped>
</testcase>
</testsuite>
<testsuite name="tests/visual/design-system.spec.ts" timestamp="2025-08-02T20:40:52.858Z" hostname="Google Chrome" tests="6" failures="0" skipped="6" time="0" errors="0">
<testcase name="Visual Regression - Design System › should render design system tokens correctly" classname="tests/visual/design-system.spec.ts" time="0">
<skipped>
</skipped>
</testcase>
<testcase name="Visual Regression - Design System › should display correct color tokens" classname="tests/visual/design-system.spec.ts" time="0">
<skipped>
</skipped>
</testcase>
<testcase name="Visual Regression - Design System › should maintain consistent spacing" classname="tests/visual/design-system.spec.ts" time="0">
<skipped>
</skipped>
</testcase>
<testcase name="Visual Regression - Design System › should render button variants correctly" classname="tests/visual/design-system.spec.ts" time="0">
<skipped>
</skipped>
</testcase>
<testcase name="Visual Regression - Design System › should maintain responsive design" classname="tests/visual/design-system.spec.ts" time="0">
<skipped>
</skipped>
</testcase>
<testcase name="Visual Regression - Design System › should handle dark mode correctly" classname="tests/visual/design-system.spec.ts" time="0">
<skipped>
</skipped>
</testcase>
</testsuite>
<testsuite name="tests/widget/widget-bidirectional.spec.ts" timestamp="2025-08-02T20:40:52.858Z" hostname="Google Chrome" tests="14" failures="0" skipped="14" time="0" errors="0">
<testcase name="Widget Bidirectional Communication › should establish Supabase Realtime connection in widget" classname="tests/widget/widget-bidirectional.spec.ts" time="0">
<skipped>
</skipped>
</testcase>
<testcase name="Widget Bidirectional Communication › should send and receive messages in widget" classname="tests/widget/widget-bidirectional.spec.ts" time="0">
<skipped>
</skipped>
</testcase>
<testcase name="Widget Bidirectional Communication › should show typing indicators in widget" classname="tests/widget/widget-bidirectional.spec.ts" time="0">
<skipped>
</skipped>
</testcase>
<testcase name="Widget Bidirectional Communication › should handle message delivery status in widget" classname="tests/widget/widget-bidirectional.spec.ts" time="0">
<skipped>
</skipped>
</testcase>
<testcase name="Widget Bidirectional Communication › should handle message read receipts in widget" classname="tests/widget/widget-bidirectional.spec.ts" time="0">
<skipped>
</skipped>
</testcase>
<testcase name="Widget Bidirectional Communication › should handle file attachments in widget" classname="tests/widget/widget-bidirectional.spec.ts" time="0">
<skipped>
</skipped>
</testcase>
<testcase name="Widget Bidirectional Communication › should handle emoji reactions in widget" classname="tests/widget/widget-bidirectional.spec.ts" time="0">
<skipped>
</skipped>
</testcase>
<testcase name="Widget Bidirectional Communication › should handle widget state persistence" classname="tests/widget/widget-bidirectional.spec.ts" time="0">
<skipped>
</skipped>
</testcase>
<testcase name="Widget Bidirectional Communication › should handle widget responsive design" classname="tests/widget/widget-bidirectional.spec.ts" time="0">
<skipped>
</skipped>
</testcase>
<testcase name="Widget Bidirectional Communication › should handle widget accessibility" classname="tests/widget/widget-bidirectional.spec.ts" time="0">
<skipped>
</skipped>
</testcase>
<testcase name="Widget Bidirectional Communication › should handle widget error states" classname="tests/widget/widget-bidirectional.spec.ts" time="0">
<skipped>
</skipped>
</testcase>
<testcase name="Widget Bidirectional Communication › should handle widget notifications" classname="tests/widget/widget-bidirectional.spec.ts" time="0">
<skipped>
</skipped>
</testcase>
<testcase name="Widget Bidirectional Communication › should handle widget customization" classname="tests/widget/widget-bidirectional.spec.ts" time="0">
<skipped>
</skipped>
</testcase>
<testcase name="Widget Bidirectional Communication › should handle widget analytics and tracking" classname="tests/widget/widget-bidirectional.spec.ts" time="0">
<skipped>
</skipped>
</testcase>
</testsuite>
<testsuite name="tests/widget/widget-debug.spec.ts" timestamp="2025-08-02T20:40:52.858Z" hostname="Google Chrome" tests="2" failures="0" skipped="2" time="0" errors="0">
<testcase name="Widget Debug › should check page loads and widget structure" classname="tests/widget/widget-debug.spec.ts" time="0">
<skipped>
</skipped>
</testcase>
<testcase name="Widget Debug › should check widget renders correctly" classname="tests/widget/widget-debug.spec.ts" time="0">
<skipped>
</skipped>
</testcase>
</testsuite>
<testsuite name="tests/widget/widget-integration.spec.ts" timestamp="2025-08-02T20:40:52.858Z" hostname="Google Chrome" tests="7" failures="0" skipped="7" time="0" errors="0">
<testcase name="Widget Integration › should display widget button on homepage" classname="tests/widget/widget-integration.spec.ts" time="0">
<skipped>
</skipped>
</testcase>
<testcase name="Widget Integration › should open chat panel when widget button is clicked" classname="tests/widget/widget-integration.spec.ts" time="0">
<skipped>
</skipped>
</testcase>
<testcase name="Widget Integration › should close chat panel when widget button is clicked again" classname="tests/widget/widget-integration.spec.ts" time="0">
<skipped>
</skipped>
</testcase>
<testcase name="Widget Integration › should show message count badge when there are unread messages" classname="tests/widget/widget-integration.spec.ts" time="0">
<skipped>
</skipped>
</testcase>
<testcase name="Widget Integration › should have proper accessibility attributes" classname="tests/widget/widget-integration.spec.ts" time="0">
<skipped>
</skipped>
</testcase>
<testcase name="Widget Integration › should handle keyboard navigation" classname="tests/widget/widget-integration.spec.ts" time="0">
<skipped>
</skipped>
</testcase>
<testcase name="Widget Integration › should maintain state across page navigation" classname="tests/widget/widget-integration.spec.ts" time="0">
<skipped>
</skipped>
</testcase>
</testsuite>
<testsuite name="tests/widget/widget-simple.spec.ts" timestamp="2025-08-02T20:40:52.858Z" hostname="Google Chrome" tests="1" failures="0" skipped="1" time="0" errors="0">
<testcase name="Widget Simple › should keep button visible after clicking" classname="tests/widget/widget-simple.spec.ts" time="0">
<skipped>
</skipped>
</testcase>
</testsuite>
<testsuite name="tests/widget-basic.spec.ts" timestamp="2025-08-02T20:40:52.858Z" hostname="Google Chrome" tests="1" failures="0" skipped="1" time="0" errors="0">
<testcase name="Widget Basic Functionality › should open widget and find input" classname="tests/widget-basic.spec.ts" time="0">
<skipped>
</skipped>
</testcase>
</testsuite>
<testsuite name="tests/widget-conversation-alignment.spec.ts" timestamp="2025-08-02T20:40:52.858Z" hostname="Google Chrome" tests="1" failures="0" skipped="1" time="0" errors="0">
<testcase name="Widget-Dashboard Conversation Alignment › should use the same conversation ID in widget and dashboard" classname="tests/widget-conversation-alignment.spec.ts" time="0">
<skipped>
</skipped>
</testcase>
</testsuite>
<testsuite name="tests/widget-conversation-debug.spec.ts" timestamp="2025-08-02T20:40:52.858Z" hostname="Google Chrome" tests="1" failures="0" skipped="1" time="0" errors="0">
<testcase name="Widget Conversation Debug › should verify widget conversation ID alignment" classname="tests/widget-conversation-debug.spec.ts" time="0">
<skipped>
</skipped>
</testcase>
</testsuite>
<testsuite name="tests/widget-core-functionality.spec.ts" timestamp="2025-08-02T20:40:52.858Z" hostname="Google Chrome" tests="4" failures="0" skipped="4" time="0" errors="0">
<testcase name="Core Widget Functionality › should open widget and verify basic structure" classname="tests/widget-core-functionality.spec.ts" time="0">
<skipped>
</skipped>
</testcase>
<testcase name="Core Widget Functionality › should verify widget real-time connection" classname="tests/widget-core-functionality.spec.ts" time="0">
<skipped>
</skipped>
</testcase>
<testcase name="Core Widget Functionality › should test dashboard login and basic access" classname="tests/widget-core-functionality.spec.ts" time="0">
<skipped>
</skipped>
</testcase>
<testcase name="Core Widget Functionality › should verify API endpoints are accessible" classname="tests/widget-core-functionality.spec.ts" time="0">
<skipped>
</skipped>
</testcase>
</testsuite>
<testsuite name="tests/widget-dashboard-final.spec.ts" timestamp="2025-08-02T20:40:52.858Z" hostname="Google Chrome" tests="1" failures="0" skipped="1" time="0" errors="0">
<testcase name="Final Widget-Dashboard Integration › should complete widget to dashboard message flow" classname="tests/widget-dashboard-final.spec.ts" time="0">
<skipped>
</skipped>
</testcase>
</testsuite>
<testsuite name="tests/widget-dashboard-realtime.spec.ts" timestamp="2025-08-02T20:40:52.858Z" hostname="Google Chrome" tests="1" failures="0" skipped="1" time="0" errors="0">
<testcase name="Widget-Dashboard Real-time Communication › should enable bidirectional communication via Supabase Realtime" classname="tests/widget-dashboard-realtime.spec.ts" time="0">
<skipped>
</skipped>
</testcase>
</testsuite>
<testsuite name="tests/widget-dashboard-sync.spec.ts" timestamp="2025-08-02T20:40:52.858Z" hostname="Google Chrome" tests="1" failures="0" skipped="1" time="0" errors="0">
<testcase name="Widget-Dashboard Message Synchronization › should sync messages from widget to dashboard inbox" classname="tests/widget-dashboard-sync.spec.ts" time="0">
<skipped>
</skipped>
</testcase>
</testsuite>
<testsuite name="tests/widget-simple.spec.ts" timestamp="2025-08-02T20:40:52.858Z" hostname="Google Chrome" tests="1" failures="0" skipped="1" time="0" errors="0">
<testcase name="Widget Simple Test › should open widget and send message" classname="tests/widget-simple.spec.ts" time="0">
<skipped>
</skipped>
</testcase>
</testsuite>
<testsuite name="widget-agent-communication.spec.ts" timestamp="2025-08-02T20:40:52.858Z" hostname="Google Chrome" tests="7" failures="0" skipped="7" time="0" errors="0">
<testcase name="Widget-Agent Communication E2E › should initialize widget and establish connection" classname="widget-agent-communication.spec.ts" time="0">
<skipped>
</skipped>
</testcase>
<testcase name="Widget-Agent Communication E2E › should handle customer conversation initiation" classname="widget-agent-communication.spec.ts" time="0">
<skipped>
</skipped>
</testcase>
<testcase name="Widget-Agent Communication E2E › should handle agent assignment and response" classname="widget-agent-communication.spec.ts" time="0">
<skipped>
</skipped>
</testcase>
<testcase name="Widget-Agent Communication E2E › should handle emoji and rich text messages" classname="widget-agent-communication.spec.ts" time="0">
<skipped>
</skipped>
</testcase>
<testcase name="Widget-Agent Communication E2E › should handle widget customization" classname="widget-agent-communication.spec.ts" time="0">
<skipped>
</skipped>
</testcase>
<testcase name="Widget-Agent Communication E2E › should handle mobile responsiveness" classname="widget-agent-communication.spec.ts" time="0">
<skipped>
</skipped>
</testcase>
<testcase name="Widget-Agent Communication E2E › should handle conversation closure" classname="widget-agent-communication.spec.ts" time="0">
<skipped>
</skipped>
</testcase>
</testsuite>
<testsuite name="widget-functionality-test.spec.ts" timestamp="2025-08-02T20:40:52.858Z" hostname="Google Chrome" tests="5" failures="0" skipped="5" time="0" errors="0">
<testcase name="Widget Functionality &amp; Bidirectional Communication › should load widget and test basic functionality" classname="widget-functionality-test.spec.ts" time="0">
<skipped>
</skipped>
</testcase>
<testcase name="Widget Functionality &amp; Bidirectional Communication › should test Supabase connection and real-time capabilities" classname="widget-functionality-test.spec.ts" time="0">
<skipped>
</skipped>
</testcase>
<testcase name="Widget Functionality &amp; Bidirectional Communication › should simulate bidirectional message flow" classname="widget-functionality-test.spec.ts" time="0">
<skipped>
</skipped>
</testcase>
<testcase name="Widget Functionality &amp; Bidirectional Communication › should test connection reliability and error handling" classname="widget-functionality-test.spec.ts" time="0">
<skipped>
</skipped>
</testcase>
<testcase name="Widget Functionality &amp; Bidirectional Communication › should test performance under load" classname="widget-functionality-test.spec.ts" time="0">
<skipped>
</skipped>
</testcase>
</testsuite>
</testsuites>