<testsuites id="" name="" tests="21" failures="1" skipped="20" errors="0" time="12.954092000000001">
<testsuite name="tests/auth/simple-login.spec.ts" timestamp="2025-07-29T22:18:34.322Z" hostname="chromium" tests="3" failures="0" skipped="3" time="35.46" errors="0">
<testcase name="Simple Login Test › should login with jam@jam.com" classname="tests/auth/simple-login.spec.ts" time="11.495">
<skipped>
</skipped>
</testcase>
<testcase name="Simple Login Test › should access inbox after login" classname="tests/auth/simple-login.spec.ts" time="11.979">
<skipped>
</skipped>
</testcase>
<testcase name="Simple Login Test › should access widget after login" classname="tests/auth/simple-login.spec.ts" time="11.986">
<skipped>
</skipped>
</testcase>
</testsuite>
<testsuite name="tests/auth/simple-login.spec.ts" timestamp="2025-07-29T22:18:34.322Z" hostname="firefox" tests="3" failures="0" skipped="3" time="30.386" errors="0">
<testcase name="Simple Login Test › should login with jam@jam.com" classname="tests/auth/simple-login.spec.ts" time="10.062">
<skipped>
</skipped>
</testcase>
<testcase name="Simple Login Test › should access inbox after login" classname="tests/auth/simple-login.spec.ts" time="10.866">
<skipped>
</skipped>
</testcase>
<testcase name="Simple Login Test › should access widget after login" classname="tests/auth/simple-login.spec.ts" time="9.458">
<skipped>
</skipped>
</testcase>
</testsuite>
<testsuite name="tests/auth/simple-login.spec.ts" timestamp="2025-07-29T22:18:34.322Z" hostname="webkit" tests="3" failures="1" skipped="2" time="11.556" errors="0">
<testcase name="Simple Login Test › should login with jam@jam.com" classname="tests/auth/simple-login.spec.ts" time="11.556">
<failure message="simple-login.spec.ts:4:7 should login with jam@jam.com" type="FAILURE">
<![CDATA[  [webkit] › tests/auth/simple-login.spec.ts:4:7 › Simple Login Test › should login with jam@jam.com 

    Error: Timed out 10000ms waiting for expect(page).toHaveTitle(expected)

    Expected pattern: /Campfire/i
    Received string:  "CryptoIQ - Brain-Powered Trading Intelligence"
    Call log:
      - Expect "toHaveTitle" with timeout 10000ms
        14 × unexpected value "CryptoIQ - Brain-Powered Trading Intelligence"


       7 |     
       8 |     // Verify we're on login page
    >  9 |     await expect(page).toHaveTitle(/Campfire/i);
         |                        ^
      10 |     
      11 |     // Fill in credentials
      12 |     await page.fill('#email', 'jam@jam.com');
        at /Users/lukatenbosch/Downloads/campfire-v2/e2e/tests/auth/simple-login.spec.ts:9:24

    attachment #1: screenshot (image/png) ──────────────────────────────────────────────────────────
    ../test-results/tests-auth-simple-login-Si-fb3cf-ould-login-with-jam-jam-com-webkit/test-failed-1.png
    ────────────────────────────────────────────────────────────────────────────────────────────────

    attachment #2: video (video/webm) ──────────────────────────────────────────────────────────────
    ../test-results/tests-auth-simple-login-Si-fb3cf-ould-login-with-jam-jam-com-webkit/video.webm
    ────────────────────────────────────────────────────────────────────────────────────────────────

    Error Context: ../test-results/tests-auth-simple-login-Si-fb3cf-ould-login-with-jam-jam-com-webkit/error-context.md
]]>
</failure>
<system-out>
<![CDATA[
[[ATTACHMENT|tests-auth-simple-login-Si-fb3cf-ould-login-with-jam-jam-com-webkit/test-failed-1.png]]

[[ATTACHMENT|tests-auth-simple-login-Si-fb3cf-ould-login-with-jam-jam-com-webkit/video.webm]]

[[ATTACHMENT|tests-auth-simple-login-Si-fb3cf-ould-login-with-jam-jam-com-webkit/error-context.md]]
]]>
</system-out>
</testcase>
<testcase name="Simple Login Test › should access inbox after login" classname="tests/auth/simple-login.spec.ts" time="0">
<skipped>
</skipped>
</testcase>
<testcase name="Simple Login Test › should access widget after login" classname="tests/auth/simple-login.spec.ts" time="0">
<skipped>
</skipped>
</testcase>
</testsuite>
<testsuite name="tests/auth/simple-login.spec.ts" timestamp="2025-07-29T22:18:34.322Z" hostname="Mobile Chrome" tests="3" failures="0" skipped="3" time="0" errors="0">
<testcase name="Simple Login Test › should login with jam@jam.com" classname="tests/auth/simple-login.spec.ts" time="0">
<skipped>
</skipped>
</testcase>
<testcase name="Simple Login Test › should access inbox after login" classname="tests/auth/simple-login.spec.ts" time="0">
<skipped>
</skipped>
</testcase>
<testcase name="Simple Login Test › should access widget after login" classname="tests/auth/simple-login.spec.ts" time="0">
<skipped>
</skipped>
</testcase>
</testsuite>
<testsuite name="tests/auth/simple-login.spec.ts" timestamp="2025-07-29T22:18:34.322Z" hostname="Mobile Safari" tests="3" failures="0" skipped="3" time="0" errors="0">
<testcase name="Simple Login Test › should login with jam@jam.com" classname="tests/auth/simple-login.spec.ts" time="0">
<skipped>
</skipped>
</testcase>
<testcase name="Simple Login Test › should access inbox after login" classname="tests/auth/simple-login.spec.ts" time="0">
<skipped>
</skipped>
</testcase>
<testcase name="Simple Login Test › should access widget after login" classname="tests/auth/simple-login.spec.ts" time="0">
<skipped>
</skipped>
</testcase>
</testsuite>
<testsuite name="tests/auth/simple-login.spec.ts" timestamp="2025-07-29T22:18:34.322Z" hostname="Microsoft Edge" tests="3" failures="0" skipped="3" time="0" errors="0">
<testcase name="Simple Login Test › should login with jam@jam.com" classname="tests/auth/simple-login.spec.ts" time="0">
<skipped>
</skipped>
</testcase>
<testcase name="Simple Login Test › should access inbox after login" classname="tests/auth/simple-login.spec.ts" time="0">
<skipped>
</skipped>
</testcase>
<testcase name="Simple Login Test › should access widget after login" classname="tests/auth/simple-login.spec.ts" time="0">
<skipped>
</skipped>
</testcase>
</testsuite>
<testsuite name="tests/auth/simple-login.spec.ts" timestamp="2025-07-29T22:18:34.322Z" hostname="Google Chrome" tests="3" failures="0" skipped="3" time="0" errors="0">
<testcase name="Simple Login Test › should login with jam@jam.com" classname="tests/auth/simple-login.spec.ts" time="0">
<skipped>
</skipped>
</testcase>
<testcase name="Simple Login Test › should access inbox after login" classname="tests/auth/simple-login.spec.ts" time="0">
<skipped>
</skipped>
</testcase>
<testcase name="Simple Login Test › should access widget after login" classname="tests/auth/simple-login.spec.ts" time="0">
<skipped>
</skipped>
</testcase>
</testsuite>
</testsuites>