<testsuites id="" name="" tests="21" failures="16" skipped="0" errors="0" time="413.733917">
<testsuite name="focused-simple-test.spec.ts" timestamp="2025-08-03T21:27:26.820Z" hostname="chromium" tests="3" failures="2" skipped="0" time="140.575" errors="0">
<testcase name="Focused Simple Bidirectional Test › should verify widget to agent message delivery" classname="focused-simple-test.spec.ts" time="47.828">
<failure message="focused-simple-test.spec.ts:115:7 should verify widget to agent message delivery" type="FAILURE">
<![CDATA[  [chromium] › focused-simple-test.spec.ts:115:7 › Focused Simple Bidirectional Test › should verify widget to agent message delivery 

    Error: expect(received).toBe(expected) // Object.is equality

    Expected: true
    Received: false

      161 |     }
      162 |
    > 163 |     expect(messageFound).toBe(true);
          |                          ^
      164 |     console.log('🎉 Widget → Agent test completed!\n');
      165 |   });
      166 |
        at /Users/lukatenbosch/Downloads/campfire-v2/tests/e2e/focused-simple-test.spec.ts:163:26

    attachment #1: screenshot (image/png) ──────────────────────────────────────────────────────────
    ../../test-results/focused-simple-test-Focuse-c9fee-t-to-agent-message-delivery-chromium/test-failed-1.png
    ────────────────────────────────────────────────────────────────────────────────────────────────

    attachment #2: screenshot (image/png) ──────────────────────────────────────────────────────────
    ../../test-results/focused-simple-test-Focuse-c9fee-t-to-agent-message-delivery-chromium/test-failed-2.png
    ────────────────────────────────────────────────────────────────────────────────────────────────

    Error Context: ../../test-results/focused-simple-test-Focuse-c9fee-t-to-agent-message-delivery-chromium/error-context.md
]]>
</failure>
<system-out>
<![CDATA[
🎯 TEST 1: Widget → Agent Message Delivery
==========================================
🔐 Agent logging in...
✅ Agent logged in successfully
🔧 Opening widget...
✅ Widget opened successfully
💬 Widget sending: "Widget test message - 1754256465418"
✅ Message sent from widget
⏳ Waiting for message to appear in dashboard...
📊 Found 6 conversations in dashboard
❌ FAILED: Widget message not found in dashboard

[[ATTACHMENT|focused-simple-test-Focuse-c9fee-t-to-agent-message-delivery-chromium/test-failed-1.png]]

[[ATTACHMENT|focused-simple-test-Focuse-c9fee-t-to-agent-message-delivery-chromium/test-failed-2.png]]

[[ATTACHMENT|focused-simple-test-Focuse-c9fee-t-to-agent-message-delivery-chromium/error-context.md]]
]]>
</system-out>
</testcase>
<testcase name="Focused Simple Bidirectional Test › should verify agent to widget message delivery" classname="focused-simple-test.spec.ts" time="45.639">
<failure message="focused-simple-test.spec.ts:167:7 should verify agent to widget message delivery" type="FAILURE">
<![CDATA[  [chromium] › focused-simple-test.spec.ts:167:7 › Focused Simple Bidirectional Test › should verify agent to widget message delivery 

    Error: expect(received).toBeGreaterThan(expected)

    Expected: > 0
    Received:   0

      216 |         await visitorPage.screenshot({ path: 'agent-to-widget-failed.png', fullPage: true });
      217 |         
    > 218 |         expect(widgetMsgCount).toBeGreaterThan(0);
          |                                ^
      219 |       }
      220 |     } else {
      221 |       console.log('❌ FAILED: Could not open conversation in dashboard');
        at /Users/lukatenbosch/Downloads/campfire-v2/tests/e2e/focused-simple-test.spec.ts:218:32

    attachment #1: screenshot (image/png) ──────────────────────────────────────────────────────────
    ../../test-results/focused-simple-test-Focuse-a19e3--to-widget-message-delivery-chromium/test-failed-1.png
    ────────────────────────────────────────────────────────────────────────────────────────────────

    attachment #2: screenshot (image/png) ──────────────────────────────────────────────────────────
    ../../test-results/focused-simple-test-Focuse-a19e3--to-widget-message-delivery-chromium/test-failed-2.png
    ────────────────────────────────────────────────────────────────────────────────────────────────

    Error Context: ../../test-results/focused-simple-test-Focuse-a19e3--to-widget-message-delivery-chromium/error-context.md
]]>
</failure>
<system-out>
<![CDATA[
🎯 TEST 2: Agent → Widget Message Delivery
==========================================
🔐 Agent logging in...
✅ Agent logged in successfully
🔧 Opening widget...
✅ Widget opened successfully
💬 Widget sending: "Setup message - 1754256465125"
✅ Message sent from widget
📂 Opening conversation in dashboard...
✅ Conversation opened in dashboard
💬 Agent sending: "Agent response - 1754256479164"
✅ Message sent from dashboard
⏳ Waiting for agent message to appear in widget...
❌ FAILED: Agent message not found in widget
📊 Total messages in widget: 1
  Message 1: "Hi there! 👋 Welcome to Campfire. This is the UltimateWidget with all advanced features! Try uploading files, reacting to messages, and more!15:27😊"

[[ATTACHMENT|focused-simple-test-Focuse-a19e3--to-widget-message-delivery-chromium/test-failed-1.png]]

[[ATTACHMENT|focused-simple-test-Focuse-a19e3--to-widget-message-delivery-chromium/test-failed-2.png]]

[[ATTACHMENT|focused-simple-test-Focuse-a19e3--to-widget-message-delivery-chromium/error-context.md]]
]]>
</system-out>
</testcase>
<testcase name="Focused Simple Bidirectional Test › should verify typing animations work" classname="focused-simple-test.spec.ts" time="47.108">
<system-out>
<![CDATA[
🎯 TEST 3: Typing Animations
============================
🔐 Agent logging in...
✅ Agent logged in successfully
🔧 Opening widget...
✅ Widget opened successfully
💬 Widget sending: "Typing test setup - 1754256467041"
✅ Message sent from widget
📂 Opening conversation in dashboard...
✅ Conversation opened in dashboard
⌨️ Testing widget typing indicator...
⚠️ No typing indicator found in dashboard (may not be implemented yet)
⌨️ Testing dashboard typing indicator...
✅ Typing indicator found in widget with selector: :has-text("typing")
✅ SUCCESS: Typing indicators are working!
🎉 Typing animations test completed!

]]>
</system-out>
</testcase>
</testsuite>
<testsuite name="focused-simple-test.spec.ts" timestamp="2025-08-03T21:27:26.820Z" hostname="firefox" tests="3" failures="2" skipped="0" time="139.725" errors="0">
<testcase name="Focused Simple Bidirectional Test › should verify widget to agent message delivery" classname="focused-simple-test.spec.ts" time="46.752">
<failure message="focused-simple-test.spec.ts:115:7 should verify widget to agent message delivery" type="FAILURE">
<![CDATA[  [firefox] › focused-simple-test.spec.ts:115:7 › Focused Simple Bidirectional Test › should verify widget to agent message delivery 

    Error: expect(received).toBe(expected) // Object.is equality

    Expected: true
    Received: false

      161 |     }
      162 |
    > 163 |     expect(messageFound).toBe(true);
          |                          ^
      164 |     console.log('🎉 Widget → Agent test completed!\n');
      165 |   });
      166 |
        at /Users/lukatenbosch/Downloads/campfire-v2/tests/e2e/focused-simple-test.spec.ts:163:26

    attachment #1: screenshot (image/png) ──────────────────────────────────────────────────────────
    ../../test-results/focused-simple-test-Focuse-c9fee-t-to-agent-message-delivery-firefox/test-failed-1.png
    ────────────────────────────────────────────────────────────────────────────────────────────────

    attachment #2: screenshot (image/png) ──────────────────────────────────────────────────────────
    ../../test-results/focused-simple-test-Focuse-c9fee-t-to-agent-message-delivery-firefox/test-failed-2.png
    ────────────────────────────────────────────────────────────────────────────────────────────────

    Error Context: ../../test-results/focused-simple-test-Focuse-c9fee-t-to-agent-message-delivery-firefox/error-context.md
]]>
</failure>
<system-out>
<![CDATA[
🎯 TEST 1: Widget → Agent Message Delivery
==========================================
🔐 Agent logging in...
✅ Agent logged in successfully
🔧 Opening widget...
✅ Widget opened successfully
💬 Widget sending: "Widget test message - 1754256464276"
✅ Message sent from widget
⏳ Waiting for message to appear in dashboard...
📊 Found 6 conversations in dashboard
❌ FAILED: Widget message not found in dashboard

[[ATTACHMENT|focused-simple-test-Focuse-c9fee-t-to-agent-message-delivery-firefox/test-failed-1.png]]

[[ATTACHMENT|focused-simple-test-Focuse-c9fee-t-to-agent-message-delivery-firefox/test-failed-2.png]]

[[ATTACHMENT|focused-simple-test-Focuse-c9fee-t-to-agent-message-delivery-firefox/error-context.md]]
]]>
</system-out>
</testcase>
<testcase name="Focused Simple Bidirectional Test › should verify agent to widget message delivery" classname="focused-simple-test.spec.ts" time="46.89">
<failure message="focused-simple-test.spec.ts:167:7 should verify agent to widget message delivery" type="FAILURE">
<![CDATA[  [firefox] › focused-simple-test.spec.ts:167:7 › Focused Simple Bidirectional Test › should verify agent to widget message delivery 

    Error: expect(received).toBeGreaterThan(expected)

    Expected: > 0
    Received:   0

      216 |         await visitorPage.screenshot({ path: 'agent-to-widget-failed.png', fullPage: true });
      217 |         
    > 218 |         expect(widgetMsgCount).toBeGreaterThan(0);
          |                                ^
      219 |       }
      220 |     } else {
      221 |       console.log('❌ FAILED: Could not open conversation in dashboard');
        at /Users/lukatenbosch/Downloads/campfire-v2/tests/e2e/focused-simple-test.spec.ts:218:32

    attachment #1: screenshot (image/png) ──────────────────────────────────────────────────────────
    ../../test-results/focused-simple-test-Focuse-a19e3--to-widget-message-delivery-firefox/test-failed-2.png
    ────────────────────────────────────────────────────────────────────────────────────────────────

    attachment #2: screenshot (image/png) ──────────────────────────────────────────────────────────
    ../../test-results/focused-simple-test-Focuse-a19e3--to-widget-message-delivery-firefox/test-failed-1.png
    ────────────────────────────────────────────────────────────────────────────────────────────────

    Error Context: ../../test-results/focused-simple-test-Focuse-a19e3--to-widget-message-delivery-firefox/error-context.md
]]>
</failure>
<system-out>
<![CDATA[
🎯 TEST 2: Agent → Widget Message Delivery
==========================================
🔐 Agent logging in...
✅ Agent logged in successfully
🔧 Opening widget...
✅ Widget opened successfully
💬 Widget sending: "Setup message - 1754256467381"
✅ Message sent from widget
📂 Opening conversation in dashboard...
✅ Conversation opened in dashboard
💬 Agent sending: "Agent response - 1754256481462"
✅ Message sent from dashboard
⏳ Waiting for agent message to appear in widget...
❌ FAILED: Agent message not found in widget
📊 Total messages in widget: 1
  Message 1: "Hi there! 👋 Welcome to Campfire. This is the UltimateWidget with all advanced features! Try uploading files, reacting to messages, and more!15:27😊"

[[ATTACHMENT|focused-simple-test-Focuse-a19e3--to-widget-message-delivery-firefox/test-failed-2.png]]

[[ATTACHMENT|focused-simple-test-Focuse-a19e3--to-widget-message-delivery-firefox/test-failed-1.png]]

[[ATTACHMENT|focused-simple-test-Focuse-a19e3--to-widget-message-delivery-firefox/error-context.md]]
]]>
</system-out>
</testcase>
<testcase name="Focused Simple Bidirectional Test › should verify typing animations work" classname="focused-simple-test.spec.ts" time="46.083">
<system-out>
<![CDATA[
🎯 TEST 3: Typing Animations
============================
🔐 Agent logging in...
✅ Agent logged in successfully
🔧 Opening widget...
✅ Widget opened successfully
💬 Widget sending: "Typing test setup - 1754256467011"
✅ Message sent from widget
📂 Opening conversation in dashboard...
✅ Conversation opened in dashboard
⌨️ Testing widget typing indicator...
⚠️ No typing indicator found in dashboard (may not be implemented yet)
⌨️ Testing dashboard typing indicator...
✅ Typing indicator found in widget with selector: :has-text("typing")
✅ SUCCESS: Typing indicators are working!
🎉 Typing animations test completed!

]]>
</system-out>
</testcase>
</testsuite>
<testsuite name="focused-simple-test.spec.ts" timestamp="2025-08-03T21:27:26.820Z" hostname="webkit" tests="3" failures="2" skipped="0" time="135.891" errors="0">
<testcase name="Focused Simple Bidirectional Test › should verify widget to agent message delivery" classname="focused-simple-test.spec.ts" time="60.349">
<failure message="focused-simple-test.spec.ts:115:7 should verify widget to agent message delivery" type="FAILURE">
<![CDATA[  [webkit] › focused-simple-test.spec.ts:115:7 › Focused Simple Bidirectional Test › should verify widget to agent message delivery 

    Test timeout of 60000ms exceeded.

    Error: locator.click: Target page, context or browser has been closed
    Call log:
      - waiting for locator('[data-testid="conversation"]').nth(3)
        - locator resolved to <div tabindex="0" role="button" data-testid="conversation" aria-label="Conversation with Anonymous User" class="conversation-item mobile-conversation-item   flex cursor-pointer flex-col touch-target">…</div>
      - attempting click action
        2 × waiting for element to be visible, enabled and stable
          - element is visible, enabled and stable
          - scrolling into view if needed
          - done scrolling
          - <div class="conversation-list-virtualized">…</div> intercepts pointer events
        - retrying click action
        - waiting 20ms
        2 × waiting for element to be visible, enabled and stable
          - element is visible, enabled and stable
          - scrolling into view if needed
          - done scrolling
          - <div class="conversation-list-virtualized">…</div> intercepts pointer events
        - retrying click action
          - waiting 100ms
        22 × waiting for element to be visible, enabled and stable
           - element is visible, enabled and stable
           - scrolling into view if needed
           - done scrolling
           - <div class="conversation-list-virtualized">…</div> intercepts pointer events
         - retrying click action
           - waiting 500ms
        - waiting for element to be visible, enabled and stable
        - element is visible, enabled and stable
        - scrolling into view if needed
        - done scrolling
        - performing click action
        8 × <div class="conversation-list-virtualized">…</div> intercepts pointer events
        - retrying click action
          - waiting 500ms
          - waiting for element to be visible, enabled and stable
          - element is visible, enabled and stable
          - scrolling into view if needed
          - done scrolling
        - performing click action
        2 × <div class="conversation-list-virtualized">…</div> intercepts pointer events
        - retrying click action
          - waiting 500ms
          - waiting for element to be visible, enabled and stable
          - element is visible, enabled and stable
          - scrolling into view if needed
          - done scrolling
        - performing click action
        - <div class="conversation-list-virtualized">…</div> intercepts pointer events
      - retrying click action
        - waiting 500ms


      141 |     if (conversationCount > 0) {
      142 |       for (let i = 0; i < Math.min(conversationCount, 5); i++) {
    > 143 |         await conversations.nth(i).click();
          |                                    ^
      144 |         await agentPage.waitForTimeout(3000);
      145 |         
      146 |         const messageInDashboard = agentPage.locator(`text="${widgetMessage}"`);
        at /Users/lukatenbosch/Downloads/campfire-v2/tests/e2e/focused-simple-test.spec.ts:143:36

    attachment #1: screenshot (image/png) ──────────────────────────────────────────────────────────
    ../../test-results/focused-simple-test-Focuse-c9fee-t-to-agent-message-delivery-webkit/test-failed-1.png
    ────────────────────────────────────────────────────────────────────────────────────────────────

    attachment #2: screenshot (image/png) ──────────────────────────────────────────────────────────
    ../../test-results/focused-simple-test-Focuse-c9fee-t-to-agent-message-delivery-webkit/test-failed-2.png
    ────────────────────────────────────────────────────────────────────────────────────────────────

    Error Context: ../../test-results/focused-simple-test-Focuse-c9fee-t-to-agent-message-delivery-webkit/error-context.md
]]>
</failure>
<system-out>
<![CDATA[
🎯 TEST 1: Widget → Agent Message Delivery
==========================================
🔐 Agent logging in...
✅ Agent logged in successfully
🔧 Opening widget...
✅ Widget opened successfully
💬 Widget sending: "Widget test message - 1754256465392"
✅ Message sent from widget
⏳ Waiting for message to appear in dashboard...
📊 Found 6 conversations in dashboard

[[ATTACHMENT|focused-simple-test-Focuse-c9fee-t-to-agent-message-delivery-webkit/test-failed-1.png]]

[[ATTACHMENT|focused-simple-test-Focuse-c9fee-t-to-agent-message-delivery-webkit/test-failed-2.png]]

[[ATTACHMENT|focused-simple-test-Focuse-c9fee-t-to-agent-message-delivery-webkit/error-context.md]]
]]>
</system-out>
</testcase>
<testcase name="Focused Simple Bidirectional Test › should verify agent to widget message delivery" classname="focused-simple-test.spec.ts" time="38.398">
<failure message="focused-simple-test.spec.ts:167:7 should verify agent to widget message delivery" type="FAILURE">
<![CDATA[  [webkit] › focused-simple-test.spec.ts:167:7 › Focused Simple Bidirectional Test › should verify agent to widget message delivery 

    Error: expect(received).toBeGreaterThan(expected)

    Expected: > 0
    Received:   0

      216 |         await visitorPage.screenshot({ path: 'agent-to-widget-failed.png', fullPage: true });
      217 |         
    > 218 |         expect(widgetMsgCount).toBeGreaterThan(0);
          |                                ^
      219 |       }
      220 |     } else {
      221 |       console.log('❌ FAILED: Could not open conversation in dashboard');
        at /Users/lukatenbosch/Downloads/campfire-v2/tests/e2e/focused-simple-test.spec.ts:218:32

    attachment #1: screenshot (image/png) ──────────────────────────────────────────────────────────
    ../../test-results/focused-simple-test-Focuse-a19e3--to-widget-message-delivery-webkit/test-failed-1.png
    ────────────────────────────────────────────────────────────────────────────────────────────────

    attachment #2: screenshot (image/png) ──────────────────────────────────────────────────────────
    ../../test-results/focused-simple-test-Focuse-a19e3--to-widget-message-delivery-webkit/test-failed-2.png
    ────────────────────────────────────────────────────────────────────────────────────────────────

    Error Context: ../../test-results/focused-simple-test-Focuse-a19e3--to-widget-message-delivery-webkit/error-context.md
]]>
</failure>
<system-out>
<![CDATA[
🎯 TEST 2: Agent → Widget Message Delivery
==========================================
🔐 Agent logging in...
✅ Agent logged in successfully
🔧 Opening widget...
✅ Widget opened successfully
💬 Widget sending: "Setup message - 1754256505134"
✅ Message sent from widget
📂 Opening conversation in dashboard...
✅ Conversation opened in dashboard
💬 Agent sending: "Agent response - 1754256519839"
✅ Message sent from dashboard
⏳ Waiting for agent message to appear in widget...
❌ FAILED: Agent message not found in widget
📊 Total messages in widget: 1
  Message 1: "Hi there! 👋 Welcome to Campfire. This is the UltimateWidget with all advanced features! Try uploading files, reacting to messages, and more!15:28😊"

[[ATTACHMENT|focused-simple-test-Focuse-a19e3--to-widget-message-delivery-webkit/test-failed-1.png]]

[[ATTACHMENT|focused-simple-test-Focuse-a19e3--to-widget-message-delivery-webkit/test-failed-2.png]]

[[ATTACHMENT|focused-simple-test-Focuse-a19e3--to-widget-message-delivery-webkit/error-context.md]]
]]>
</system-out>
</testcase>
<testcase name="Focused Simple Bidirectional Test › should verify typing animations work" classname="focused-simple-test.spec.ts" time="37.144">
<system-out>
<![CDATA[
🎯 TEST 3: Typing Animations
============================
🔐 Agent logging in...
✅ Agent logged in successfully
🔧 Opening widget...
✅ Widget opened successfully
💬 Widget sending: "Typing test setup - 1754256506170"
✅ Message sent from widget
📂 Opening conversation in dashboard...
✅ Conversation opened in dashboard
⌨️ Testing widget typing indicator...
⚠️ No typing indicator found in dashboard (may not be implemented yet)
⌨️ Testing dashboard typing indicator...
✅ Typing indicator found in widget with selector: :has-text("typing")
✅ SUCCESS: Typing indicators are working!
🎉 Typing animations test completed!

]]>
</system-out>
</testcase>
</testsuite>
<testsuite name="focused-simple-test.spec.ts" timestamp="2025-08-03T21:27:26.820Z" hostname="Mobile Chrome" tests="3" failures="2" skipped="0" time="121.971" errors="0">
<testcase name="Focused Simple Bidirectional Test › should verify widget to agent message delivery" classname="focused-simple-test.spec.ts" time="40.127">
<failure message="focused-simple-test.spec.ts:115:7 should verify widget to agent message delivery" type="FAILURE">
<![CDATA[  [Mobile Chrome] › focused-simple-test.spec.ts:115:7 › Focused Simple Bidirectional Test › should verify widget to agent message delivery 

    Error: expect(received).toBe(expected) // Object.is equality

    Expected: true
    Received: false

      161 |     }
      162 |
    > 163 |     expect(messageFound).toBe(true);
          |                          ^
      164 |     console.log('🎉 Widget → Agent test completed!\n');
      165 |   });
      166 |
        at /Users/lukatenbosch/Downloads/campfire-v2/tests/e2e/focused-simple-test.spec.ts:163:26

    attachment #1: screenshot (image/png) ──────────────────────────────────────────────────────────
    ../../test-results/focused-simple-test-Focuse-c9fee-t-to-agent-message-delivery-Mobile-Chrome/test-failed-1.png
    ────────────────────────────────────────────────────────────────────────────────────────────────

    attachment #2: screenshot (image/png) ──────────────────────────────────────────────────────────
    ../../test-results/focused-simple-test-Focuse-c9fee-t-to-agent-message-delivery-Mobile-Chrome/test-failed-2.png
    ────────────────────────────────────────────────────────────────────────────────────────────────

    Error Context: ../../test-results/focused-simple-test-Focuse-c9fee-t-to-agent-message-delivery-Mobile-Chrome/error-context.md
]]>
</failure>
<system-out>
<![CDATA[
🎯 TEST 1: Widget → Agent Message Delivery
==========================================
🔐 Agent logging in...
✅ Agent logged in successfully
🔧 Opening widget...
✅ Widget opened successfully
💬 Widget sending: "Widget test message - 1754256507923"
✅ Message sent from widget
⏳ Waiting for message to appear in dashboard...
📊 Found 5 conversations in dashboard
❌ FAILED: Widget message not found in dashboard

[[ATTACHMENT|focused-simple-test-Focuse-c9fee-t-to-agent-message-delivery-Mobile-Chrome/test-failed-1.png]]

[[ATTACHMENT|focused-simple-test-Focuse-c9fee-t-to-agent-message-delivery-Mobile-Chrome/test-failed-2.png]]

[[ATTACHMENT|focused-simple-test-Focuse-c9fee-t-to-agent-message-delivery-Mobile-Chrome/error-context.md]]
]]>
</system-out>
</testcase>
<testcase name="Focused Simple Bidirectional Test › should verify agent to widget message delivery" classname="focused-simple-test.spec.ts" time="41.817">
<failure message="focused-simple-test.spec.ts:167:7 should verify agent to widget message delivery" type="FAILURE">
<![CDATA[  [Mobile Chrome] › focused-simple-test.spec.ts:167:7 › Focused Simple Bidirectional Test › should verify agent to widget message delivery 

    Error: expect(received).toBeGreaterThan(expected)

    Expected: > 0
    Received:   0

      216 |         await visitorPage.screenshot({ path: 'agent-to-widget-failed.png', fullPage: true });
      217 |         
    > 218 |         expect(widgetMsgCount).toBeGreaterThan(0);
          |                                ^
      219 |       }
      220 |     } else {
      221 |       console.log('❌ FAILED: Could not open conversation in dashboard');
        at /Users/lukatenbosch/Downloads/campfire-v2/tests/e2e/focused-simple-test.spec.ts:218:32

    attachment #1: screenshot (image/png) ──────────────────────────────────────────────────────────
    ../../test-results/focused-simple-test-Focuse-a19e3--to-widget-message-delivery-Mobile-Chrome/test-failed-2.png
    ────────────────────────────────────────────────────────────────────────────────────────────────

    attachment #2: screenshot (image/png) ──────────────────────────────────────────────────────────
    ../../test-results/focused-simple-test-Focuse-a19e3--to-widget-message-delivery-Mobile-Chrome/test-failed-1.png
    ────────────────────────────────────────────────────────────────────────────────────────────────

    Error Context: ../../test-results/focused-simple-test-Focuse-a19e3--to-widget-message-delivery-Mobile-Chrome/error-context.md
]]>
</failure>
<system-out>
<![CDATA[
🎯 TEST 2: Agent → Widget Message Delivery
==========================================
🔐 Agent logging in...
✅ Agent logged in successfully
🔧 Opening widget...
✅ Widget opened successfully
💬 Widget sending: "Setup message - 1754256510978"
✅ Message sent from widget
📂 Opening conversation in dashboard...
✅ Conversation opened in dashboard
💬 Agent sending: "Agent response - 1754256525188"
✅ Message sent from dashboard
⏳ Waiting for agent message to appear in widget...
❌ FAILED: Agent message not found in widget
📊 Total messages in widget: 1
  Message 1: "Hi there! 👋 Welcome to Campfire. This is the UltimateWidget with all advanced features! Try uploading files, reacting to messages, and more!15:28😊"

[[ATTACHMENT|focused-simple-test-Focuse-a19e3--to-widget-message-delivery-Mobile-Chrome/test-failed-2.png]]

[[ATTACHMENT|focused-simple-test-Focuse-a19e3--to-widget-message-delivery-Mobile-Chrome/test-failed-1.png]]

[[ATTACHMENT|focused-simple-test-Focuse-a19e3--to-widget-message-delivery-Mobile-Chrome/error-context.md]]
]]>
</system-out>
</testcase>
<testcase name="Focused Simple Bidirectional Test › should verify typing animations work" classname="focused-simple-test.spec.ts" time="40.027">
<system-out>
<![CDATA[
🎯 TEST 3: Typing Animations
============================
🔐 Agent logging in...
✅ Agent logged in successfully
🔧 Opening widget...
✅ Widget opened successfully
💬 Widget sending: "Typing test setup - 1754256510735"
✅ Message sent from widget
📂 Opening conversation in dashboard...
✅ Conversation opened in dashboard
⌨️ Testing widget typing indicator...
⚠️ No typing indicator found in dashboard (may not be implemented yet)
⌨️ Testing dashboard typing indicator...
✅ Typing indicator found in widget with selector: :has-text("typing")
✅ SUCCESS: Typing indicators are working!
🎉 Typing animations test completed!

]]>
</system-out>
</testcase>
</testsuite>
<testsuite name="focused-simple-test.spec.ts" timestamp="2025-08-03T21:27:26.820Z" hostname="Mobile Safari" tests="3" failures="2" skipped="0" time="77.712" errors="0">
<testcase name="Focused Simple Bidirectional Test › should verify widget to agent message delivery" classname="focused-simple-test.spec.ts" time="3.598">
<failure message="focused-simple-test.spec.ts:115:7 should verify widget to agent message delivery" type="FAILURE">
<![CDATA[  [Mobile Safari] › focused-simple-test.spec.ts:115:7 › Focused Simple Bidirectional Test › should verify widget to agent message delivery 

    Error: page.goto: Navigation to "http://localhost:3001/dashboard/inbox" is interrupted by another navigation to "http://localhost:3001/login"
    Call log:
      - navigating to "http://localhost:3001/dashboard/inbox", waiting until "load"


      119 |     // Step 1: Agent logs into dashboard
      120 |     await loginAsAgent(agentPage);
    > 121 |     await agentPage.goto(`${TEST_CONFIG.baseURL}/dashboard/inbox`);
          |                     ^
      122 |     await agentPage.waitForLoadState('networkidle');
      123 |
      124 |     // Step 2: Visitor opens widget
        at /Users/lukatenbosch/Downloads/campfire-v2/tests/e2e/focused-simple-test.spec.ts:121:21

    attachment #1: screenshot (image/png) ──────────────────────────────────────────────────────────
    ../../test-results/focused-simple-test-Focuse-c9fee-t-to-agent-message-delivery-Mobile-Safari/test-failed-2.png
    ────────────────────────────────────────────────────────────────────────────────────────────────

    attachment #2: screenshot (image/png) ──────────────────────────────────────────────────────────
    ../../test-results/focused-simple-test-Focuse-c9fee-t-to-agent-message-delivery-Mobile-Safari/test-failed-1.png
    ────────────────────────────────────────────────────────────────────────────────────────────────

    Error Context: ../../test-results/focused-simple-test-Focuse-c9fee-t-to-agent-message-delivery-Mobile-Safari/error-context.md
]]>
</failure>
<system-out>
<![CDATA[
🎯 TEST 1: Widget → Agent Message Delivery
==========================================
🔐 Agent logging in...
✅ Agent logged in successfully

[[ATTACHMENT|focused-simple-test-Focuse-c9fee-t-to-agent-message-delivery-Mobile-Safari/test-failed-2.png]]

[[ATTACHMENT|focused-simple-test-Focuse-c9fee-t-to-agent-message-delivery-Mobile-Safari/test-failed-1.png]]

[[ATTACHMENT|focused-simple-test-Focuse-c9fee-t-to-agent-message-delivery-Mobile-Safari/error-context.md]]
]]>
</system-out>
</testcase>
<testcase name="Focused Simple Bidirectional Test › should verify agent to widget message delivery" classname="focused-simple-test.spec.ts" time="39.045">
<failure message="focused-simple-test.spec.ts:167:7 should verify agent to widget message delivery" type="FAILURE">
<![CDATA[  [Mobile Safari] › focused-simple-test.spec.ts:167:7 › Focused Simple Bidirectional Test › should verify agent to widget message delivery 

    Error: expect(received).toBeGreaterThan(expected)

    Expected: > 0
    Received:   0

      216 |         await visitorPage.screenshot({ path: 'agent-to-widget-failed.png', fullPage: true });
      217 |         
    > 218 |         expect(widgetMsgCount).toBeGreaterThan(0);
          |                                ^
      219 |       }
      220 |     } else {
      221 |       console.log('❌ FAILED: Could not open conversation in dashboard');
        at /Users/lukatenbosch/Downloads/campfire-v2/tests/e2e/focused-simple-test.spec.ts:218:32

    attachment #1: screenshot (image/png) ──────────────────────────────────────────────────────────
    ../../test-results/focused-simple-test-Focuse-a19e3--to-widget-message-delivery-Mobile-Safari/test-failed-1.png
    ────────────────────────────────────────────────────────────────────────────────────────────────

    attachment #2: screenshot (image/png) ──────────────────────────────────────────────────────────
    ../../test-results/focused-simple-test-Focuse-a19e3--to-widget-message-delivery-Mobile-Safari/test-failed-2.png
    ────────────────────────────────────────────────────────────────────────────────────────────────

    Error Context: ../../test-results/focused-simple-test-Focuse-a19e3--to-widget-message-delivery-Mobile-Safari/error-context.md
]]>
</failure>
<system-out>
<![CDATA[
🎯 TEST 2: Agent → Widget Message Delivery
==========================================
🔐 Agent logging in...
✅ Agent logged in successfully
🔧 Opening widget...
✅ Widget opened successfully
💬 Widget sending: "Setup message - 1754256515515"
✅ Message sent from widget
📂 Opening conversation in dashboard...
✅ Conversation opened in dashboard
💬 Agent sending: "Agent response - 1754256529581"
✅ Message sent from dashboard
⏳ Waiting for agent message to appear in widget...
❌ FAILED: Agent message not found in widget
📊 Total messages in widget: 1
  Message 1: "Hi there! 👋 Welcome to Campfire. This is the UltimateWidget with all advanced features! Try uploading files, reacting to messages, and more!15:28😊"

[[ATTACHMENT|focused-simple-test-Focuse-a19e3--to-widget-message-delivery-Mobile-Safari/test-failed-1.png]]

[[ATTACHMENT|focused-simple-test-Focuse-a19e3--to-widget-message-delivery-Mobile-Safari/test-failed-2.png]]

[[ATTACHMENT|focused-simple-test-Focuse-a19e3--to-widget-message-delivery-Mobile-Safari/error-context.md]]
]]>
</system-out>
</testcase>
<testcase name="Focused Simple Bidirectional Test › should verify typing animations work" classname="focused-simple-test.spec.ts" time="35.069">
<system-out>
<![CDATA[
🎯 TEST 3: Typing Animations
============================
🔐 Agent logging in...
✅ Agent logged in successfully
🔧 Opening widget...
✅ Widget opened successfully
💬 Widget sending: "Typing test setup - 1754256516683"
✅ Message sent from widget
📂 Opening conversation in dashboard...
✅ Conversation opened in dashboard
⌨️ Testing widget typing indicator...
⚠️ No typing indicator found in dashboard (may not be implemented yet)
⌨️ Testing dashboard typing indicator...
✅ Typing indicator found in widget with selector: :has-text("typing")
✅ SUCCESS: Typing indicators are working!
🎉 Typing animations test completed!

]]>
</system-out>
</testcase>
</testsuite>
<testsuite name="focused-simple-test.spec.ts" timestamp="2025-08-03T21:27:26.820Z" hostname="Microsoft Edge" tests="3" failures="3" skipped="0" time="197.995" errors="0">
<testcase name="Focused Simple Bidirectional Test › should verify widget to agent message delivery" classname="focused-simple-test.spec.ts" time="67.029">
<failure message="focused-simple-test.spec.ts:115:7 should verify widget to agent message delivery" type="FAILURE">
<![CDATA[  [Microsoft Edge] › focused-simple-test.spec.ts:115:7 › Focused Simple Bidirectional Test › should verify widget to agent message delivery 

    Test timeout of 60000ms exceeded.

    Error: page.waitForTimeout: Target page, context or browser has been closed

      142 |       for (let i = 0; i < Math.min(conversationCount, 5); i++) {
      143 |         await conversations.nth(i).click();
    > 144 |         await agentPage.waitForTimeout(3000);
          |                         ^
      145 |         
      146 |         const messageInDashboard = agentPage.locator(`text="${widgetMessage}"`);
      147 |         const msgCount = await messageInDashboard.count();
        at /Users/lukatenbosch/Downloads/campfire-v2/tests/e2e/focused-simple-test.spec.ts:144:25

    Error Context: ../../test-results/focused-simple-test-Focuse-c9fee-t-to-agent-message-delivery-Microsoft-Edge/error-context.md
]]>
</failure>
<system-out>
<![CDATA[
🎯 TEST 1: Widget → Agent Message Delivery
==========================================
🔐 Agent logging in...
✅ Agent logged in successfully
🔧 Opening widget...
✅ Widget opened successfully
💬 Widget sending: "Widget test message - 1754256550231"
✅ Message sent from widget
⏳ Waiting for message to appear in dashboard...
📊 Found 6 conversations in dashboard

[[ATTACHMENT|focused-simple-test-Focuse-c9fee-t-to-agent-message-delivery-Microsoft-Edge/error-context.md]]
]]>
</system-out>
</testcase>
<testcase name="Focused Simple Bidirectional Test › should verify agent to widget message delivery" classname="focused-simple-test.spec.ts" time="67.372">
<failure message="focused-simple-test.spec.ts:167:7 should verify agent to widget message delivery" type="FAILURE">
<![CDATA[  [Microsoft Edge] › focused-simple-test.spec.ts:167:7 › Focused Simple Bidirectional Test › should verify agent to widget message delivery 

    Test timeout of 60000ms exceeded.

    Error: expect(received).toBeGreaterThan(expected)

    Expected: > 0
    Received:   0

      216 |         await visitorPage.screenshot({ path: 'agent-to-widget-failed.png', fullPage: true });
      217 |         
    > 218 |         expect(widgetMsgCount).toBeGreaterThan(0);
          |                                ^
      219 |       }
      220 |     } else {
      221 |       console.log('❌ FAILED: Could not open conversation in dashboard');
        at /Users/lukatenbosch/Downloads/campfire-v2/tests/e2e/focused-simple-test.spec.ts:218:32

    Error Context: ../../test-results/focused-simple-test-Focuse-a19e3--to-widget-message-delivery-Microsoft-Edge/error-context.md
]]>
</failure>
<system-out>
<![CDATA[
🎯 TEST 2: Agent → Widget Message Delivery
==========================================
🔐 Agent logging in...
✅ Agent logged in successfully
🔧 Opening widget...
✅ Widget opened successfully
💬 Widget sending: "Setup message - 1754256550380"
✅ Message sent from widget
📂 Opening conversation in dashboard...
✅ Conversation opened in dashboard
💬 Agent sending: "Agent response - 1754256567817"
✅ Message sent from dashboard
⏳ Waiting for agent message to appear in widget...
❌ FAILED: Agent message not found in widget
📊 Total messages in widget: 2
  Message 1: "Hi there! 👋 Welcome to Campfire. This is the UltimateWidget with all advanced features! Try uploading files, reacting to messages, and more!15:29😊"
  Message 2: "Setup message - 175425655038015:29✓✓😊"

[[ATTACHMENT|focused-simple-test-Focuse-a19e3--to-widget-message-delivery-Microsoft-Edge/error-context.md]]
]]>
</system-out>
</testcase>
<testcase name="Focused Simple Bidirectional Test › should verify typing animations work" classname="focused-simple-test.spec.ts" time="63.594">
<failure message="focused-simple-test.spec.ts:228:7 should verify typing animations work" type="FAILURE">
<![CDATA[  [Microsoft Edge] › focused-simple-test.spec.ts:228:7 › Focused Simple Bidirectional Test › should verify typing animations work 

    TimeoutError: page.type: Timeout 30000ms exceeded.
    Call log:
      - waiting for locator('[data-testid="widget-message-input"]')
        - locator resolved to <textarea rows="1" maxlength="2000" placeholder="Type your message..." data-testid="widget-message-input" data-campfire-message-input="true" class="w-full resize-none border-none outline-none bg-transparent placeholder:text-gray-400"></textarea>
      - elementHandle.type("Testing typing indicator...")


      250 |       // Start typing in widget (don't send)
      251 |       await visitorPage.fill('[data-testid="widget-message-input"]', '');
    > 252 |       await visitorPage.type('[data-testid="widget-message-input"]', 'Testing typing indicator...', { delay: 100 });
          |                         ^
      253 |       
      254 |       // Wait and check for typing indicator in dashboard
      255 |       await agentPage.waitForTimeout(3000);
        at /Users/lukatenbosch/Downloads/campfire-v2/tests/e2e/focused-simple-test.spec.ts:252:25

    attachment #1: screenshot (image/png) ──────────────────────────────────────────────────────────
    ../../test-results/focused-simple-test-Focuse-1d6f7-rify-typing-animations-work-Microsoft-Edge/test-failed-1.png
    ────────────────────────────────────────────────────────────────────────────────────────────────

    attachment #2: screenshot (image/png) ──────────────────────────────────────────────────────────
    ../../test-results/focused-simple-test-Focuse-1d6f7-rify-typing-animations-work-Microsoft-Edge/test-failed-2.png
    ────────────────────────────────────────────────────────────────────────────────────────────────

    Error Context: ../../test-results/focused-simple-test-Focuse-1d6f7-rify-typing-animations-work-Microsoft-Edge/error-context.md
]]>
</failure>
<system-out>
<![CDATA[
🎯 TEST 3: Typing Animations
============================
🔐 Agent logging in...
✅ Agent logged in successfully
🔧 Opening widget...
✅ Widget opened successfully
💬 Widget sending: "Typing test setup - 1754256551889"
✅ Message sent from widget
📂 Opening conversation in dashboard...
✅ Conversation opened in dashboard
⌨️ Testing widget typing indicator...

[[ATTACHMENT|focused-simple-test-Focuse-1d6f7-rify-typing-animations-work-Microsoft-Edge/test-failed-1.png]]

[[ATTACHMENT|focused-simple-test-Focuse-1d6f7-rify-typing-animations-work-Microsoft-Edge/test-failed-2.png]]

[[ATTACHMENT|focused-simple-test-Focuse-1d6f7-rify-typing-animations-work-Microsoft-Edge/error-context.md]]
]]>
</system-out>
</testcase>
</testsuite>
<testsuite name="focused-simple-test.spec.ts" timestamp="2025-08-03T21:27:26.820Z" hostname="Google Chrome" tests="3" failures="3" skipped="0" time="81.161" errors="0">
<testcase name="Focused Simple Bidirectional Test › should verify widget to agent message delivery" classname="focused-simple-test.spec.ts" time="45.419">
<failure message="focused-simple-test.spec.ts:115:7 should verify widget to agent message delivery" type="FAILURE">
<![CDATA[  [Google Chrome] › focused-simple-test.spec.ts:115:7 › Focused Simple Bidirectional Test › should verify widget to agent message delivery 

    TimeoutError: page.waitForLoadState: Timeout 30000ms exceeded.

      30 |   console.log('🔧 Opening widget...');
      31 |   await page.goto(TEST_CONFIG.baseURL);
    > 32 |   await page.waitForLoadState('networkidle');
         |              ^
      33 |   await page.waitForSelector('[data-testid="widget-button"]', { timeout: 15000 });
      34 |   await page.click('[data-testid="widget-button"]');
      35 |   await page.waitForSelector('[data-testid="widget-panel"]', { timeout: 10000 });
        at openWidget (/Users/lukatenbosch/Downloads/campfire-v2/tests/e2e/focused-simple-test.spec.ts:32:14)
        at /Users/lukatenbosch/Downloads/campfire-v2/tests/e2e/focused-simple-test.spec.ts:125:5

    Error Context: ../../test-results/focused-simple-test-Focuse-c9fee-t-to-agent-message-delivery-Google-Chrome/error-context.md
]]>
</failure>
<system-out>
<![CDATA[
🎯 TEST 1: Widget → Agent Message Delivery
==========================================
🔐 Agent logging in...
✅ Agent logged in successfully
🔧 Opening widget...

[[ATTACHMENT|focused-simple-test-Focuse-c9fee-t-to-agent-message-delivery-Google-Chrome/error-context.md]]
]]>
</system-out>
</testcase>
<testcase name="Focused Simple Bidirectional Test › should verify agent to widget message delivery" classname="focused-simple-test.spec.ts" time="19.309">
<failure message="focused-simple-test.spec.ts:167:7 should verify agent to widget message delivery" type="FAILURE">
<![CDATA[  [Google Chrome] › focused-simple-test.spec.ts:167:7 › Focused Simple Bidirectional Test › should verify agent to widget message delivery 

    TimeoutError: page.waitForURL: Timeout 15000ms exceeded.
    =========================== logs ===========================
    waiting for navigation to "**/dashboard**" until "load"
    ============================================================

      23 |   await page.fill('#password', TEST_CONFIG.agentPassword);
      24 |   await page.click('button[type="submit"]');
    > 25 |   await page.waitForURL('**/dashboard**', { timeout: 15000 });
         |              ^
      26 |   console.log('✅ Agent logged in successfully');
      27 | }
      28 |
        at loginAsAgent (/Users/lukatenbosch/Downloads/campfire-v2/tests/e2e/focused-simple-test.spec.ts:25:14)
        at /Users/lukatenbosch/Downloads/campfire-v2/tests/e2e/focused-simple-test.spec.ts:172:5

    attachment #1: screenshot (image/png) ──────────────────────────────────────────────────────────
    ../../test-results/focused-simple-test-Focuse-a19e3--to-widget-message-delivery-Google-Chrome/test-failed-2.png
    ────────────────────────────────────────────────────────────────────────────────────────────────

    attachment #2: screenshot (image/png) ──────────────────────────────────────────────────────────
    ../../test-results/focused-simple-test-Focuse-a19e3--to-widget-message-delivery-Google-Chrome/test-failed-1.png
    ────────────────────────────────────────────────────────────────────────────────────────────────

    Error Context: ../../test-results/focused-simple-test-Focuse-a19e3--to-widget-message-delivery-Google-Chrome/error-context.md
]]>
</failure>
<system-out>
<![CDATA[
🎯 TEST 2: Agent → Widget Message Delivery
==========================================
🔐 Agent logging in...

[[ATTACHMENT|focused-simple-test-Focuse-a19e3--to-widget-message-delivery-Google-Chrome/test-failed-2.png]]

[[ATTACHMENT|focused-simple-test-Focuse-a19e3--to-widget-message-delivery-Google-Chrome/test-failed-1.png]]

[[ATTACHMENT|focused-simple-test-Focuse-a19e3--to-widget-message-delivery-Google-Chrome/error-context.md]]
]]>
</system-out>
</testcase>
<testcase name="Focused Simple Bidirectional Test › should verify typing animations work" classname="focused-simple-test.spec.ts" time="16.433">
<failure message="focused-simple-test.spec.ts:228:7 should verify typing animations work" type="FAILURE">
<![CDATA[  [Google Chrome] › focused-simple-test.spec.ts:228:7 › Focused Simple Bidirectional Test › should verify typing animations work 

    TimeoutError: page.waitForURL: Timeout 15000ms exceeded.
    =========================== logs ===========================
    waiting for navigation to "**/dashboard**" until "load"
    ============================================================

      23 |   await page.fill('#password', TEST_CONFIG.agentPassword);
      24 |   await page.click('button[type="submit"]');
    > 25 |   await page.waitForURL('**/dashboard**', { timeout: 15000 });
         |              ^
      26 |   console.log('✅ Agent logged in successfully');
      27 | }
      28 |
        at loginAsAgent (/Users/lukatenbosch/Downloads/campfire-v2/tests/e2e/focused-simple-test.spec.ts:25:14)
        at /Users/lukatenbosch/Downloads/campfire-v2/tests/e2e/focused-simple-test.spec.ts:233:5

    attachment #1: screenshot (image/png) ──────────────────────────────────────────────────────────
    ../../test-results/focused-simple-test-Focuse-1d6f7-rify-typing-animations-work-Google-Chrome/test-failed-1.png
    ────────────────────────────────────────────────────────────────────────────────────────────────

    attachment #2: screenshot (image/png) ──────────────────────────────────────────────────────────
    ../../test-results/focused-simple-test-Focuse-1d6f7-rify-typing-animations-work-Google-Chrome/test-failed-2.png
    ────────────────────────────────────────────────────────────────────────────────────────────────

    Error Context: ../../test-results/focused-simple-test-Focuse-1d6f7-rify-typing-animations-work-Google-Chrome/error-context.md
]]>
</failure>
<system-out>
<![CDATA[
🎯 TEST 3: Typing Animations
============================
🔐 Agent logging in...

[[ATTACHMENT|focused-simple-test-Focuse-1d6f7-rify-typing-animations-work-Google-Chrome/test-failed-1.png]]

[[ATTACHMENT|focused-simple-test-Focuse-1d6f7-rify-typing-animations-work-Google-Chrome/test-failed-2.png]]

[[ATTACHMENT|focused-simple-test-Focuse-1d6f7-rify-typing-animations-work-Google-Chrome/error-context.md]]
]]>
</system-out>
</testcase>
</testsuite>
</testsuites>