<testsuites id="" name="" tests="49" failures="49" skipped="0" errors="0" time="10.396064999999998">
<testsuite name="widget-agent-communication.spec.ts" timestamp="2025-08-02T02:00:08.928Z" hostname="chromium" tests="7" failures="7" skipped="0" time="0" errors="0">
<testcase name="Widget-Agent Communication E2E › should initialize widget and establish connection" classname="widget-agent-communication.spec.ts" time="0">
<failure message="widget-agent-communication.spec.ts:65:7 should initialize widget and establish connection" type="FAILURE">
<![CDATA[  [chromium] › widget-agent-communication.spec.ts:65:7 › Widget-Agent Communication E2E › should initialize widget and establish connection 

    Error: ENOENT: no such file or directory, open 'e2e/test-metadata.json'

      32 |   test.beforeAll(async ({ browser }) => {
      33 |     const testMetadata = JSON.parse(
    > 34 |       require('fs').readFileSync('e2e/test-metadata.json', 'utf-8')
         |                     ^
      35 |     );
      36 |
      37 |     testContext = {
        at /Users/lukatenbosch/Downloads/campfire-v2/e2e/widget-agent-communication.spec.ts:34:21

    TypeError: Cannot read properties of undefined (reading 'widgetBrowser')

      58 |
      59 |   test.afterAll(async () => {
    > 60 |     await testContext.widgetBrowser?.close();
         |                       ^
      61 |     await testContext.agentContext?.close();
      62 |     await testContext.widgetContext?.close();
      63 |   });
        at /Users/lukatenbosch/Downloads/campfire-v2/e2e/widget-agent-communication.spec.ts:60:23
]]>
</failure>
</testcase>
<testcase name="Widget-Agent Communication E2E › should handle customer conversation initiation" classname="widget-agent-communication.spec.ts" time="0">
<failure message="widget-agent-communication.spec.ts:113:7 should handle customer conversation initiation" type="FAILURE">
<![CDATA[  [chromium] › widget-agent-communication.spec.ts:113:7 › Widget-Agent Communication E2E › should handle customer conversation initiation 

    Error: ENOENT: no such file or directory, open 'e2e/test-metadata.json'

      32 |   test.beforeAll(async ({ browser }) => {
      33 |     const testMetadata = JSON.parse(
    > 34 |       require('fs').readFileSync('e2e/test-metadata.json', 'utf-8')
         |                     ^
      35 |     );
      36 |
      37 |     testContext = {
        at /Users/lukatenbosch/Downloads/campfire-v2/e2e/widget-agent-communication.spec.ts:34:21

    TypeError: Cannot read properties of undefined (reading 'widgetBrowser')

      58 |
      59 |   test.afterAll(async () => {
    > 60 |     await testContext.widgetBrowser?.close();
         |                       ^
      61 |     await testContext.agentContext?.close();
      62 |     await testContext.widgetContext?.close();
      63 |   });
        at /Users/lukatenbosch/Downloads/campfire-v2/e2e/widget-agent-communication.spec.ts:60:23
]]>
</failure>
</testcase>
<testcase name="Widget-Agent Communication E2E › should handle agent assignment and response" classname="widget-agent-communication.spec.ts" time="0">
<failure message="widget-agent-communication.spec.ts:166:7 should handle agent assignment and response" type="FAILURE">
<![CDATA[  [chromium] › widget-agent-communication.spec.ts:166:7 › Widget-Agent Communication E2E › should handle agent assignment and response 

    Error: ENOENT: no such file or directory, open 'e2e/test-metadata.json'

      32 |   test.beforeAll(async ({ browser }) => {
      33 |     const testMetadata = JSON.parse(
    > 34 |       require('fs').readFileSync('e2e/test-metadata.json', 'utf-8')
         |                     ^
      35 |     );
      36 |
      37 |     testContext = {
        at /Users/lukatenbosch/Downloads/campfire-v2/e2e/widget-agent-communication.spec.ts:34:21

    TypeError: Cannot read properties of undefined (reading 'widgetBrowser')

      58 |
      59 |   test.afterAll(async () => {
    > 60 |     await testContext.widgetBrowser?.close();
         |                       ^
      61 |     await testContext.agentContext?.close();
      62 |     await testContext.widgetContext?.close();
      63 |   });
        at /Users/lukatenbosch/Downloads/campfire-v2/e2e/widget-agent-communication.spec.ts:60:23
]]>
</failure>
</testcase>
<testcase name="Widget-Agent Communication E2E › should handle emoji and rich text messages" classname="widget-agent-communication.spec.ts" time="0">
<failure message="widget-agent-communication.spec.ts:221:7 should handle emoji and rich text messages" type="FAILURE">
<![CDATA[  [chromium] › widget-agent-communication.spec.ts:221:7 › Widget-Agent Communication E2E › should handle emoji and rich text messages 

    Error: ENOENT: no such file or directory, open 'e2e/test-metadata.json'

      32 |   test.beforeAll(async ({ browser }) => {
      33 |     const testMetadata = JSON.parse(
    > 34 |       require('fs').readFileSync('e2e/test-metadata.json', 'utf-8')
         |                     ^
      35 |     );
      36 |
      37 |     testContext = {
        at /Users/lukatenbosch/Downloads/campfire-v2/e2e/widget-agent-communication.spec.ts:34:21

    TypeError: Cannot read properties of undefined (reading 'widgetBrowser')

      58 |
      59 |   test.afterAll(async () => {
    > 60 |     await testContext.widgetBrowser?.close();
         |                       ^
      61 |     await testContext.agentContext?.close();
      62 |     await testContext.widgetContext?.close();
      63 |   });
        at /Users/lukatenbosch/Downloads/campfire-v2/e2e/widget-agent-communication.spec.ts:60:23
]]>
</failure>
</testcase>
<testcase name="Widget-Agent Communication E2E › should handle widget customization" classname="widget-agent-communication.spec.ts" time="0">
<failure message="widget-agent-communication.spec.ts:264:7 should handle widget customization" type="FAILURE">
<![CDATA[  [chromium] › widget-agent-communication.spec.ts:264:7 › Widget-Agent Communication E2E › should handle widget customization 

    Error: ENOENT: no such file or directory, open 'e2e/test-metadata.json'

      32 |   test.beforeAll(async ({ browser }) => {
      33 |     const testMetadata = JSON.parse(
    > 34 |       require('fs').readFileSync('e2e/test-metadata.json', 'utf-8')
         |                     ^
      35 |     );
      36 |
      37 |     testContext = {
        at /Users/lukatenbosch/Downloads/campfire-v2/e2e/widget-agent-communication.spec.ts:34:21

    TypeError: Cannot read properties of undefined (reading 'widgetBrowser')

      58 |
      59 |   test.afterAll(async () => {
    > 60 |     await testContext.widgetBrowser?.close();
         |                       ^
      61 |     await testContext.agentContext?.close();
      62 |     await testContext.widgetContext?.close();
      63 |   });
        at /Users/lukatenbosch/Downloads/campfire-v2/e2e/widget-agent-communication.spec.ts:60:23
]]>
</failure>
</testcase>
<testcase name="Widget-Agent Communication E2E › should handle mobile responsiveness" classname="widget-agent-communication.spec.ts" time="0">
<failure message="widget-agent-communication.spec.ts:314:7 should handle mobile responsiveness" type="FAILURE">
<![CDATA[  [chromium] › widget-agent-communication.spec.ts:314:7 › Widget-Agent Communication E2E › should handle mobile responsiveness 

    Error: ENOENT: no such file or directory, open 'e2e/test-metadata.json'

      32 |   test.beforeAll(async ({ browser }) => {
      33 |     const testMetadata = JSON.parse(
    > 34 |       require('fs').readFileSync('e2e/test-metadata.json', 'utf-8')
         |                     ^
      35 |     );
      36 |
      37 |     testContext = {
        at /Users/lukatenbosch/Downloads/campfire-v2/e2e/widget-agent-communication.spec.ts:34:21

    TypeError: Cannot read properties of undefined (reading 'widgetBrowser')

      58 |
      59 |   test.afterAll(async () => {
    > 60 |     await testContext.widgetBrowser?.close();
         |                       ^
      61 |     await testContext.agentContext?.close();
      62 |     await testContext.widgetContext?.close();
      63 |   });
        at /Users/lukatenbosch/Downloads/campfire-v2/e2e/widget-agent-communication.spec.ts:60:23
]]>
</failure>
</testcase>
<testcase name="Widget-Agent Communication E2E › should handle conversation closure" classname="widget-agent-communication.spec.ts" time="0">
<failure message="widget-agent-communication.spec.ts:358:7 should handle conversation closure" type="FAILURE">
<![CDATA[  [chromium] › widget-agent-communication.spec.ts:358:7 › Widget-Agent Communication E2E › should handle conversation closure 

    Error: ENOENT: no such file or directory, open 'e2e/test-metadata.json'

      32 |   test.beforeAll(async ({ browser }) => {
      33 |     const testMetadata = JSON.parse(
    > 34 |       require('fs').readFileSync('e2e/test-metadata.json', 'utf-8')
         |                     ^
      35 |     );
      36 |
      37 |     testContext = {
        at /Users/lukatenbosch/Downloads/campfire-v2/e2e/widget-agent-communication.spec.ts:34:21

    TypeError: Cannot read properties of undefined (reading 'widgetBrowser')

      58 |
      59 |   test.afterAll(async () => {
    > 60 |     await testContext.widgetBrowser?.close();
         |                       ^
      61 |     await testContext.agentContext?.close();
      62 |     await testContext.widgetContext?.close();
      63 |   });
        at /Users/lukatenbosch/Downloads/campfire-v2/e2e/widget-agent-communication.spec.ts:60:23
]]>
</failure>
</testcase>
</testsuite>
<testsuite name="widget-agent-communication.spec.ts" timestamp="2025-08-02T02:00:08.928Z" hostname="firefox" tests="7" failures="7" skipped="0" time="0" errors="0">
<testcase name="Widget-Agent Communication E2E › should initialize widget and establish connection" classname="widget-agent-communication.spec.ts" time="0">
<failure message="widget-agent-communication.spec.ts:65:7 should initialize widget and establish connection" type="FAILURE">
<![CDATA[  [firefox] › widget-agent-communication.spec.ts:65:7 › Widget-Agent Communication E2E › should initialize widget and establish connection 

    Error: ENOENT: no such file or directory, open 'e2e/test-metadata.json'

      32 |   test.beforeAll(async ({ browser }) => {
      33 |     const testMetadata = JSON.parse(
    > 34 |       require('fs').readFileSync('e2e/test-metadata.json', 'utf-8')
         |                     ^
      35 |     );
      36 |
      37 |     testContext = {
        at /Users/lukatenbosch/Downloads/campfire-v2/e2e/widget-agent-communication.spec.ts:34:21

    TypeError: Cannot read properties of undefined (reading 'widgetBrowser')

      58 |
      59 |   test.afterAll(async () => {
    > 60 |     await testContext.widgetBrowser?.close();
         |                       ^
      61 |     await testContext.agentContext?.close();
      62 |     await testContext.widgetContext?.close();
      63 |   });
        at /Users/lukatenbosch/Downloads/campfire-v2/e2e/widget-agent-communication.spec.ts:60:23
]]>
</failure>
</testcase>
<testcase name="Widget-Agent Communication E2E › should handle customer conversation initiation" classname="widget-agent-communication.spec.ts" time="0">
<failure message="widget-agent-communication.spec.ts:113:7 should handle customer conversation initiation" type="FAILURE">
<![CDATA[  [firefox] › widget-agent-communication.spec.ts:113:7 › Widget-Agent Communication E2E › should handle customer conversation initiation 

    Error: ENOENT: no such file or directory, open 'e2e/test-metadata.json'

      32 |   test.beforeAll(async ({ browser }) => {
      33 |     const testMetadata = JSON.parse(
    > 34 |       require('fs').readFileSync('e2e/test-metadata.json', 'utf-8')
         |                     ^
      35 |     );
      36 |
      37 |     testContext = {
        at /Users/lukatenbosch/Downloads/campfire-v2/e2e/widget-agent-communication.spec.ts:34:21

    TypeError: Cannot read properties of undefined (reading 'widgetBrowser')

      58 |
      59 |   test.afterAll(async () => {
    > 60 |     await testContext.widgetBrowser?.close();
         |                       ^
      61 |     await testContext.agentContext?.close();
      62 |     await testContext.widgetContext?.close();
      63 |   });
        at /Users/lukatenbosch/Downloads/campfire-v2/e2e/widget-agent-communication.spec.ts:60:23
]]>
</failure>
</testcase>
<testcase name="Widget-Agent Communication E2E › should handle agent assignment and response" classname="widget-agent-communication.spec.ts" time="0">
<failure message="widget-agent-communication.spec.ts:166:7 should handle agent assignment and response" type="FAILURE">
<![CDATA[  [firefox] › widget-agent-communication.spec.ts:166:7 › Widget-Agent Communication E2E › should handle agent assignment and response 

    Error: ENOENT: no such file or directory, open 'e2e/test-metadata.json'

      32 |   test.beforeAll(async ({ browser }) => {
      33 |     const testMetadata = JSON.parse(
    > 34 |       require('fs').readFileSync('e2e/test-metadata.json', 'utf-8')
         |                     ^
      35 |     );
      36 |
      37 |     testContext = {
        at /Users/lukatenbosch/Downloads/campfire-v2/e2e/widget-agent-communication.spec.ts:34:21

    TypeError: Cannot read properties of undefined (reading 'widgetBrowser')

      58 |
      59 |   test.afterAll(async () => {
    > 60 |     await testContext.widgetBrowser?.close();
         |                       ^
      61 |     await testContext.agentContext?.close();
      62 |     await testContext.widgetContext?.close();
      63 |   });
        at /Users/lukatenbosch/Downloads/campfire-v2/e2e/widget-agent-communication.spec.ts:60:23
]]>
</failure>
</testcase>
<testcase name="Widget-Agent Communication E2E › should handle emoji and rich text messages" classname="widget-agent-communication.spec.ts" time="0">
<failure message="widget-agent-communication.spec.ts:221:7 should handle emoji and rich text messages" type="FAILURE">
<![CDATA[  [firefox] › widget-agent-communication.spec.ts:221:7 › Widget-Agent Communication E2E › should handle emoji and rich text messages 

    Error: ENOENT: no such file or directory, open 'e2e/test-metadata.json'

      32 |   test.beforeAll(async ({ browser }) => {
      33 |     const testMetadata = JSON.parse(
    > 34 |       require('fs').readFileSync('e2e/test-metadata.json', 'utf-8')
         |                     ^
      35 |     );
      36 |
      37 |     testContext = {
        at /Users/lukatenbosch/Downloads/campfire-v2/e2e/widget-agent-communication.spec.ts:34:21

    TypeError: Cannot read properties of undefined (reading 'widgetBrowser')

      58 |
      59 |   test.afterAll(async () => {
    > 60 |     await testContext.widgetBrowser?.close();
         |                       ^
      61 |     await testContext.agentContext?.close();
      62 |     await testContext.widgetContext?.close();
      63 |   });
        at /Users/lukatenbosch/Downloads/campfire-v2/e2e/widget-agent-communication.spec.ts:60:23
]]>
</failure>
</testcase>
<testcase name="Widget-Agent Communication E2E › should handle widget customization" classname="widget-agent-communication.spec.ts" time="0">
<failure message="widget-agent-communication.spec.ts:264:7 should handle widget customization" type="FAILURE">
<![CDATA[  [firefox] › widget-agent-communication.spec.ts:264:7 › Widget-Agent Communication E2E › should handle widget customization 

    Error: ENOENT: no such file or directory, open 'e2e/test-metadata.json'

      32 |   test.beforeAll(async ({ browser }) => {
      33 |     const testMetadata = JSON.parse(
    > 34 |       require('fs').readFileSync('e2e/test-metadata.json', 'utf-8')
         |                     ^
      35 |     );
      36 |
      37 |     testContext = {
        at /Users/lukatenbosch/Downloads/campfire-v2/e2e/widget-agent-communication.spec.ts:34:21

    TypeError: Cannot read properties of undefined (reading 'widgetBrowser')

      58 |
      59 |   test.afterAll(async () => {
    > 60 |     await testContext.widgetBrowser?.close();
         |                       ^
      61 |     await testContext.agentContext?.close();
      62 |     await testContext.widgetContext?.close();
      63 |   });
        at /Users/lukatenbosch/Downloads/campfire-v2/e2e/widget-agent-communication.spec.ts:60:23
]]>
</failure>
</testcase>
<testcase name="Widget-Agent Communication E2E › should handle mobile responsiveness" classname="widget-agent-communication.spec.ts" time="0">
<failure message="widget-agent-communication.spec.ts:314:7 should handle mobile responsiveness" type="FAILURE">
<![CDATA[  [firefox] › widget-agent-communication.spec.ts:314:7 › Widget-Agent Communication E2E › should handle mobile responsiveness 

    Error: ENOENT: no such file or directory, open 'e2e/test-metadata.json'

      32 |   test.beforeAll(async ({ browser }) => {
      33 |     const testMetadata = JSON.parse(
    > 34 |       require('fs').readFileSync('e2e/test-metadata.json', 'utf-8')
         |                     ^
      35 |     );
      36 |
      37 |     testContext = {
        at /Users/lukatenbosch/Downloads/campfire-v2/e2e/widget-agent-communication.spec.ts:34:21

    TypeError: Cannot read properties of undefined (reading 'widgetBrowser')

      58 |
      59 |   test.afterAll(async () => {
    > 60 |     await testContext.widgetBrowser?.close();
         |                       ^
      61 |     await testContext.agentContext?.close();
      62 |     await testContext.widgetContext?.close();
      63 |   });
        at /Users/lukatenbosch/Downloads/campfire-v2/e2e/widget-agent-communication.spec.ts:60:23
]]>
</failure>
</testcase>
<testcase name="Widget-Agent Communication E2E › should handle conversation closure" classname="widget-agent-communication.spec.ts" time="0">
<failure message="widget-agent-communication.spec.ts:358:7 should handle conversation closure" type="FAILURE">
<![CDATA[  [firefox] › widget-agent-communication.spec.ts:358:7 › Widget-Agent Communication E2E › should handle conversation closure 

    Error: ENOENT: no such file or directory, open 'e2e/test-metadata.json'

      32 |   test.beforeAll(async ({ browser }) => {
      33 |     const testMetadata = JSON.parse(
    > 34 |       require('fs').readFileSync('e2e/test-metadata.json', 'utf-8')
         |                     ^
      35 |     );
      36 |
      37 |     testContext = {
        at /Users/lukatenbosch/Downloads/campfire-v2/e2e/widget-agent-communication.spec.ts:34:21

    TypeError: Cannot read properties of undefined (reading 'widgetBrowser')

      58 |
      59 |   test.afterAll(async () => {
    > 60 |     await testContext.widgetBrowser?.close();
         |                       ^
      61 |     await testContext.agentContext?.close();
      62 |     await testContext.widgetContext?.close();
      63 |   });
        at /Users/lukatenbosch/Downloads/campfire-v2/e2e/widget-agent-communication.spec.ts:60:23
]]>
</failure>
</testcase>
</testsuite>
<testsuite name="widget-agent-communication.spec.ts" timestamp="2025-08-02T02:00:08.928Z" hostname="webkit" tests="7" failures="7" skipped="0" time="0" errors="0">
<testcase name="Widget-Agent Communication E2E › should initialize widget and establish connection" classname="widget-agent-communication.spec.ts" time="0">
<failure message="widget-agent-communication.spec.ts:65:7 should initialize widget and establish connection" type="FAILURE">
<![CDATA[  [webkit] › widget-agent-communication.spec.ts:65:7 › Widget-Agent Communication E2E › should initialize widget and establish connection 

    Error: ENOENT: no such file or directory, open 'e2e/test-metadata.json'

      32 |   test.beforeAll(async ({ browser }) => {
      33 |     const testMetadata = JSON.parse(
    > 34 |       require('fs').readFileSync('e2e/test-metadata.json', 'utf-8')
         |                     ^
      35 |     );
      36 |
      37 |     testContext = {
        at /Users/lukatenbosch/Downloads/campfire-v2/e2e/widget-agent-communication.spec.ts:34:21

    TypeError: Cannot read properties of undefined (reading 'widgetBrowser')

      58 |
      59 |   test.afterAll(async () => {
    > 60 |     await testContext.widgetBrowser?.close();
         |                       ^
      61 |     await testContext.agentContext?.close();
      62 |     await testContext.widgetContext?.close();
      63 |   });
        at /Users/lukatenbosch/Downloads/campfire-v2/e2e/widget-agent-communication.spec.ts:60:23
]]>
</failure>
</testcase>
<testcase name="Widget-Agent Communication E2E › should handle customer conversation initiation" classname="widget-agent-communication.spec.ts" time="0">
<failure message="widget-agent-communication.spec.ts:113:7 should handle customer conversation initiation" type="FAILURE">
<![CDATA[  [webkit] › widget-agent-communication.spec.ts:113:7 › Widget-Agent Communication E2E › should handle customer conversation initiation 

    Error: ENOENT: no such file or directory, open 'e2e/test-metadata.json'

      32 |   test.beforeAll(async ({ browser }) => {
      33 |     const testMetadata = JSON.parse(
    > 34 |       require('fs').readFileSync('e2e/test-metadata.json', 'utf-8')
         |                     ^
      35 |     );
      36 |
      37 |     testContext = {
        at /Users/lukatenbosch/Downloads/campfire-v2/e2e/widget-agent-communication.spec.ts:34:21

    TypeError: Cannot read properties of undefined (reading 'widgetBrowser')

      58 |
      59 |   test.afterAll(async () => {
    > 60 |     await testContext.widgetBrowser?.close();
         |                       ^
      61 |     await testContext.agentContext?.close();
      62 |     await testContext.widgetContext?.close();
      63 |   });
        at /Users/lukatenbosch/Downloads/campfire-v2/e2e/widget-agent-communication.spec.ts:60:23
]]>
</failure>
</testcase>
<testcase name="Widget-Agent Communication E2E › should handle agent assignment and response" classname="widget-agent-communication.spec.ts" time="0">
<failure message="widget-agent-communication.spec.ts:166:7 should handle agent assignment and response" type="FAILURE">
<![CDATA[  [webkit] › widget-agent-communication.spec.ts:166:7 › Widget-Agent Communication E2E › should handle agent assignment and response 

    Error: ENOENT: no such file or directory, open 'e2e/test-metadata.json'

      32 |   test.beforeAll(async ({ browser }) => {
      33 |     const testMetadata = JSON.parse(
    > 34 |       require('fs').readFileSync('e2e/test-metadata.json', 'utf-8')
         |                     ^
      35 |     );
      36 |
      37 |     testContext = {
        at /Users/lukatenbosch/Downloads/campfire-v2/e2e/widget-agent-communication.spec.ts:34:21

    TypeError: Cannot read properties of undefined (reading 'widgetBrowser')

      58 |
      59 |   test.afterAll(async () => {
    > 60 |     await testContext.widgetBrowser?.close();
         |                       ^
      61 |     await testContext.agentContext?.close();
      62 |     await testContext.widgetContext?.close();
      63 |   });
        at /Users/lukatenbosch/Downloads/campfire-v2/e2e/widget-agent-communication.spec.ts:60:23
]]>
</failure>
</testcase>
<testcase name="Widget-Agent Communication E2E › should handle emoji and rich text messages" classname="widget-agent-communication.spec.ts" time="0">
<failure message="widget-agent-communication.spec.ts:221:7 should handle emoji and rich text messages" type="FAILURE">
<![CDATA[  [webkit] › widget-agent-communication.spec.ts:221:7 › Widget-Agent Communication E2E › should handle emoji and rich text messages 

    Error: ENOENT: no such file or directory, open 'e2e/test-metadata.json'

      32 |   test.beforeAll(async ({ browser }) => {
      33 |     const testMetadata = JSON.parse(
    > 34 |       require('fs').readFileSync('e2e/test-metadata.json', 'utf-8')
         |                     ^
      35 |     );
      36 |
      37 |     testContext = {
        at /Users/lukatenbosch/Downloads/campfire-v2/e2e/widget-agent-communication.spec.ts:34:21

    TypeError: Cannot read properties of undefined (reading 'widgetBrowser')

      58 |
      59 |   test.afterAll(async () => {
    > 60 |     await testContext.widgetBrowser?.close();
         |                       ^
      61 |     await testContext.agentContext?.close();
      62 |     await testContext.widgetContext?.close();
      63 |   });
        at /Users/lukatenbosch/Downloads/campfire-v2/e2e/widget-agent-communication.spec.ts:60:23
]]>
</failure>
</testcase>
<testcase name="Widget-Agent Communication E2E › should handle widget customization" classname="widget-agent-communication.spec.ts" time="0">
<failure message="widget-agent-communication.spec.ts:264:7 should handle widget customization" type="FAILURE">
<![CDATA[  [webkit] › widget-agent-communication.spec.ts:264:7 › Widget-Agent Communication E2E › should handle widget customization 

    Error: ENOENT: no such file or directory, open 'e2e/test-metadata.json'

      32 |   test.beforeAll(async ({ browser }) => {
      33 |     const testMetadata = JSON.parse(
    > 34 |       require('fs').readFileSync('e2e/test-metadata.json', 'utf-8')
         |                     ^
      35 |     );
      36 |
      37 |     testContext = {
        at /Users/lukatenbosch/Downloads/campfire-v2/e2e/widget-agent-communication.spec.ts:34:21

    TypeError: Cannot read properties of undefined (reading 'widgetBrowser')

      58 |
      59 |   test.afterAll(async () => {
    > 60 |     await testContext.widgetBrowser?.close();
         |                       ^
      61 |     await testContext.agentContext?.close();
      62 |     await testContext.widgetContext?.close();
      63 |   });
        at /Users/lukatenbosch/Downloads/campfire-v2/e2e/widget-agent-communication.spec.ts:60:23
]]>
</failure>
</testcase>
<testcase name="Widget-Agent Communication E2E › should handle mobile responsiveness" classname="widget-agent-communication.spec.ts" time="0">
<failure message="widget-agent-communication.spec.ts:314:7 should handle mobile responsiveness" type="FAILURE">
<![CDATA[  [webkit] › widget-agent-communication.spec.ts:314:7 › Widget-Agent Communication E2E › should handle mobile responsiveness 

    Error: ENOENT: no such file or directory, open 'e2e/test-metadata.json'

      32 |   test.beforeAll(async ({ browser }) => {
      33 |     const testMetadata = JSON.parse(
    > 34 |       require('fs').readFileSync('e2e/test-metadata.json', 'utf-8')
         |                     ^
      35 |     );
      36 |
      37 |     testContext = {
        at /Users/lukatenbosch/Downloads/campfire-v2/e2e/widget-agent-communication.spec.ts:34:21

    TypeError: Cannot read properties of undefined (reading 'widgetBrowser')

      58 |
      59 |   test.afterAll(async () => {
    > 60 |     await testContext.widgetBrowser?.close();
         |                       ^
      61 |     await testContext.agentContext?.close();
      62 |     await testContext.widgetContext?.close();
      63 |   });
        at /Users/lukatenbosch/Downloads/campfire-v2/e2e/widget-agent-communication.spec.ts:60:23
]]>
</failure>
</testcase>
<testcase name="Widget-Agent Communication E2E › should handle conversation closure" classname="widget-agent-communication.spec.ts" time="0">
<failure message="widget-agent-communication.spec.ts:358:7 should handle conversation closure" type="FAILURE">
<![CDATA[  [webkit] › widget-agent-communication.spec.ts:358:7 › Widget-Agent Communication E2E › should handle conversation closure 

    Error: ENOENT: no such file or directory, open 'e2e/test-metadata.json'

      32 |   test.beforeAll(async ({ browser }) => {
      33 |     const testMetadata = JSON.parse(
    > 34 |       require('fs').readFileSync('e2e/test-metadata.json', 'utf-8')
         |                     ^
      35 |     );
      36 |
      37 |     testContext = {
        at /Users/lukatenbosch/Downloads/campfire-v2/e2e/widget-agent-communication.spec.ts:34:21

    TypeError: Cannot read properties of undefined (reading 'widgetBrowser')

      58 |
      59 |   test.afterAll(async () => {
    > 60 |     await testContext.widgetBrowser?.close();
         |                       ^
      61 |     await testContext.agentContext?.close();
      62 |     await testContext.widgetContext?.close();
      63 |   });
        at /Users/lukatenbosch/Downloads/campfire-v2/e2e/widget-agent-communication.spec.ts:60:23
]]>
</failure>
</testcase>
</testsuite>
<testsuite name="widget-agent-communication.spec.ts" timestamp="2025-08-02T02:00:08.928Z" hostname="Mobile Chrome" tests="7" failures="7" skipped="0" time="0" errors="0">
<testcase name="Widget-Agent Communication E2E › should initialize widget and establish connection" classname="widget-agent-communication.spec.ts" time="0">
<failure message="widget-agent-communication.spec.ts:65:7 should initialize widget and establish connection" type="FAILURE">
<![CDATA[  [Mobile Chrome] › widget-agent-communication.spec.ts:65:7 › Widget-Agent Communication E2E › should initialize widget and establish connection 

    Error: ENOENT: no such file or directory, open 'e2e/test-metadata.json'

      32 |   test.beforeAll(async ({ browser }) => {
      33 |     const testMetadata = JSON.parse(
    > 34 |       require('fs').readFileSync('e2e/test-metadata.json', 'utf-8')
         |                     ^
      35 |     );
      36 |
      37 |     testContext = {
        at /Users/lukatenbosch/Downloads/campfire-v2/e2e/widget-agent-communication.spec.ts:34:21

    TypeError: Cannot read properties of undefined (reading 'widgetBrowser')

      58 |
      59 |   test.afterAll(async () => {
    > 60 |     await testContext.widgetBrowser?.close();
         |                       ^
      61 |     await testContext.agentContext?.close();
      62 |     await testContext.widgetContext?.close();
      63 |   });
        at /Users/lukatenbosch/Downloads/campfire-v2/e2e/widget-agent-communication.spec.ts:60:23
]]>
</failure>
</testcase>
<testcase name="Widget-Agent Communication E2E › should handle customer conversation initiation" classname="widget-agent-communication.spec.ts" time="0">
<failure message="widget-agent-communication.spec.ts:113:7 should handle customer conversation initiation" type="FAILURE">
<![CDATA[  [Mobile Chrome] › widget-agent-communication.spec.ts:113:7 › Widget-Agent Communication E2E › should handle customer conversation initiation 

    Error: ENOENT: no such file or directory, open 'e2e/test-metadata.json'

      32 |   test.beforeAll(async ({ browser }) => {
      33 |     const testMetadata = JSON.parse(
    > 34 |       require('fs').readFileSync('e2e/test-metadata.json', 'utf-8')
         |                     ^
      35 |     );
      36 |
      37 |     testContext = {
        at /Users/lukatenbosch/Downloads/campfire-v2/e2e/widget-agent-communication.spec.ts:34:21

    TypeError: Cannot read properties of undefined (reading 'widgetBrowser')

      58 |
      59 |   test.afterAll(async () => {
    > 60 |     await testContext.widgetBrowser?.close();
         |                       ^
      61 |     await testContext.agentContext?.close();
      62 |     await testContext.widgetContext?.close();
      63 |   });
        at /Users/lukatenbosch/Downloads/campfire-v2/e2e/widget-agent-communication.spec.ts:60:23
]]>
</failure>
</testcase>
<testcase name="Widget-Agent Communication E2E › should handle agent assignment and response" classname="widget-agent-communication.spec.ts" time="0">
<failure message="widget-agent-communication.spec.ts:166:7 should handle agent assignment and response" type="FAILURE">
<![CDATA[  [Mobile Chrome] › widget-agent-communication.spec.ts:166:7 › Widget-Agent Communication E2E › should handle agent assignment and response 

    Error: ENOENT: no such file or directory, open 'e2e/test-metadata.json'

      32 |   test.beforeAll(async ({ browser }) => {
      33 |     const testMetadata = JSON.parse(
    > 34 |       require('fs').readFileSync('e2e/test-metadata.json', 'utf-8')
         |                     ^
      35 |     );
      36 |
      37 |     testContext = {
        at /Users/lukatenbosch/Downloads/campfire-v2/e2e/widget-agent-communication.spec.ts:34:21

    TypeError: Cannot read properties of undefined (reading 'widgetBrowser')

      58 |
      59 |   test.afterAll(async () => {
    > 60 |     await testContext.widgetBrowser?.close();
         |                       ^
      61 |     await testContext.agentContext?.close();
      62 |     await testContext.widgetContext?.close();
      63 |   });
        at /Users/lukatenbosch/Downloads/campfire-v2/e2e/widget-agent-communication.spec.ts:60:23
]]>
</failure>
</testcase>
<testcase name="Widget-Agent Communication E2E › should handle emoji and rich text messages" classname="widget-agent-communication.spec.ts" time="0">
<failure message="widget-agent-communication.spec.ts:221:7 should handle emoji and rich text messages" type="FAILURE">
<![CDATA[  [Mobile Chrome] › widget-agent-communication.spec.ts:221:7 › Widget-Agent Communication E2E › should handle emoji and rich text messages 

    Error: ENOENT: no such file or directory, open 'e2e/test-metadata.json'

      32 |   test.beforeAll(async ({ browser }) => {
      33 |     const testMetadata = JSON.parse(
    > 34 |       require('fs').readFileSync('e2e/test-metadata.json', 'utf-8')
         |                     ^
      35 |     );
      36 |
      37 |     testContext = {
        at /Users/lukatenbosch/Downloads/campfire-v2/e2e/widget-agent-communication.spec.ts:34:21

    TypeError: Cannot read properties of undefined (reading 'widgetBrowser')

      58 |
      59 |   test.afterAll(async () => {
    > 60 |     await testContext.widgetBrowser?.close();
         |                       ^
      61 |     await testContext.agentContext?.close();
      62 |     await testContext.widgetContext?.close();
      63 |   });
        at /Users/lukatenbosch/Downloads/campfire-v2/e2e/widget-agent-communication.spec.ts:60:23
]]>
</failure>
</testcase>
<testcase name="Widget-Agent Communication E2E › should handle widget customization" classname="widget-agent-communication.spec.ts" time="0">
<failure message="widget-agent-communication.spec.ts:264:7 should handle widget customization" type="FAILURE">
<![CDATA[  [Mobile Chrome] › widget-agent-communication.spec.ts:264:7 › Widget-Agent Communication E2E › should handle widget customization 

    Error: ENOENT: no such file or directory, open 'e2e/test-metadata.json'

      32 |   test.beforeAll(async ({ browser }) => {
      33 |     const testMetadata = JSON.parse(
    > 34 |       require('fs').readFileSync('e2e/test-metadata.json', 'utf-8')
         |                     ^
      35 |     );
      36 |
      37 |     testContext = {
        at /Users/lukatenbosch/Downloads/campfire-v2/e2e/widget-agent-communication.spec.ts:34:21

    TypeError: Cannot read properties of undefined (reading 'widgetBrowser')

      58 |
      59 |   test.afterAll(async () => {
    > 60 |     await testContext.widgetBrowser?.close();
         |                       ^
      61 |     await testContext.agentContext?.close();
      62 |     await testContext.widgetContext?.close();
      63 |   });
        at /Users/lukatenbosch/Downloads/campfire-v2/e2e/widget-agent-communication.spec.ts:60:23
]]>
</failure>
</testcase>
<testcase name="Widget-Agent Communication E2E › should handle mobile responsiveness" classname="widget-agent-communication.spec.ts" time="0">
<failure message="widget-agent-communication.spec.ts:314:7 should handle mobile responsiveness" type="FAILURE">
<![CDATA[  [Mobile Chrome] › widget-agent-communication.spec.ts:314:7 › Widget-Agent Communication E2E › should handle mobile responsiveness 

    Error: ENOENT: no such file or directory, open 'e2e/test-metadata.json'

      32 |   test.beforeAll(async ({ browser }) => {
      33 |     const testMetadata = JSON.parse(
    > 34 |       require('fs').readFileSync('e2e/test-metadata.json', 'utf-8')
         |                     ^
      35 |     );
      36 |
      37 |     testContext = {
        at /Users/lukatenbosch/Downloads/campfire-v2/e2e/widget-agent-communication.spec.ts:34:21

    TypeError: Cannot read properties of undefined (reading 'widgetBrowser')

      58 |
      59 |   test.afterAll(async () => {
    > 60 |     await testContext.widgetBrowser?.close();
         |                       ^
      61 |     await testContext.agentContext?.close();
      62 |     await testContext.widgetContext?.close();
      63 |   });
        at /Users/lukatenbosch/Downloads/campfire-v2/e2e/widget-agent-communication.spec.ts:60:23
]]>
</failure>
</testcase>
<testcase name="Widget-Agent Communication E2E › should handle conversation closure" classname="widget-agent-communication.spec.ts" time="0">
<failure message="widget-agent-communication.spec.ts:358:7 should handle conversation closure" type="FAILURE">
<![CDATA[  [Mobile Chrome] › widget-agent-communication.spec.ts:358:7 › Widget-Agent Communication E2E › should handle conversation closure 

    Error: ENOENT: no such file or directory, open 'e2e/test-metadata.json'

      32 |   test.beforeAll(async ({ browser }) => {
      33 |     const testMetadata = JSON.parse(
    > 34 |       require('fs').readFileSync('e2e/test-metadata.json', 'utf-8')
         |                     ^
      35 |     );
      36 |
      37 |     testContext = {
        at /Users/lukatenbosch/Downloads/campfire-v2/e2e/widget-agent-communication.spec.ts:34:21

    TypeError: Cannot read properties of undefined (reading 'widgetBrowser')

      58 |
      59 |   test.afterAll(async () => {
    > 60 |     await testContext.widgetBrowser?.close();
         |                       ^
      61 |     await testContext.agentContext?.close();
      62 |     await testContext.widgetContext?.close();
      63 |   });
        at /Users/lukatenbosch/Downloads/campfire-v2/e2e/widget-agent-communication.spec.ts:60:23
]]>
</failure>
</testcase>
</testsuite>
<testsuite name="widget-agent-communication.spec.ts" timestamp="2025-08-02T02:00:08.928Z" hostname="Mobile Safari" tests="7" failures="7" skipped="0" time="0" errors="0">
<testcase name="Widget-Agent Communication E2E › should initialize widget and establish connection" classname="widget-agent-communication.spec.ts" time="0">
<failure message="widget-agent-communication.spec.ts:65:7 should initialize widget and establish connection" type="FAILURE">
<![CDATA[  [Mobile Safari] › widget-agent-communication.spec.ts:65:7 › Widget-Agent Communication E2E › should initialize widget and establish connection 

    Error: ENOENT: no such file or directory, open 'e2e/test-metadata.json'

      32 |   test.beforeAll(async ({ browser }) => {
      33 |     const testMetadata = JSON.parse(
    > 34 |       require('fs').readFileSync('e2e/test-metadata.json', 'utf-8')
         |                     ^
      35 |     );
      36 |
      37 |     testContext = {
        at /Users/lukatenbosch/Downloads/campfire-v2/e2e/widget-agent-communication.spec.ts:34:21

    TypeError: Cannot read properties of undefined (reading 'widgetBrowser')

      58 |
      59 |   test.afterAll(async () => {
    > 60 |     await testContext.widgetBrowser?.close();
         |                       ^
      61 |     await testContext.agentContext?.close();
      62 |     await testContext.widgetContext?.close();
      63 |   });
        at /Users/lukatenbosch/Downloads/campfire-v2/e2e/widget-agent-communication.spec.ts:60:23
]]>
</failure>
</testcase>
<testcase name="Widget-Agent Communication E2E › should handle customer conversation initiation" classname="widget-agent-communication.spec.ts" time="0">
<failure message="widget-agent-communication.spec.ts:113:7 should handle customer conversation initiation" type="FAILURE">
<![CDATA[  [Mobile Safari] › widget-agent-communication.spec.ts:113:7 › Widget-Agent Communication E2E › should handle customer conversation initiation 

    Error: ENOENT: no such file or directory, open 'e2e/test-metadata.json'

      32 |   test.beforeAll(async ({ browser }) => {
      33 |     const testMetadata = JSON.parse(
    > 34 |       require('fs').readFileSync('e2e/test-metadata.json', 'utf-8')
         |                     ^
      35 |     );
      36 |
      37 |     testContext = {
        at /Users/lukatenbosch/Downloads/campfire-v2/e2e/widget-agent-communication.spec.ts:34:21

    TypeError: Cannot read properties of undefined (reading 'widgetBrowser')

      58 |
      59 |   test.afterAll(async () => {
    > 60 |     await testContext.widgetBrowser?.close();
         |                       ^
      61 |     await testContext.agentContext?.close();
      62 |     await testContext.widgetContext?.close();
      63 |   });
        at /Users/lukatenbosch/Downloads/campfire-v2/e2e/widget-agent-communication.spec.ts:60:23
]]>
</failure>
</testcase>
<testcase name="Widget-Agent Communication E2E › should handle agent assignment and response" classname="widget-agent-communication.spec.ts" time="0">
<failure message="widget-agent-communication.spec.ts:166:7 should handle agent assignment and response" type="FAILURE">
<![CDATA[  [Mobile Safari] › widget-agent-communication.spec.ts:166:7 › Widget-Agent Communication E2E › should handle agent assignment and response 

    Error: ENOENT: no such file or directory, open 'e2e/test-metadata.json'

      32 |   test.beforeAll(async ({ browser }) => {
      33 |     const testMetadata = JSON.parse(
    > 34 |       require('fs').readFileSync('e2e/test-metadata.json', 'utf-8')
         |                     ^
      35 |     );
      36 |
      37 |     testContext = {
        at /Users/lukatenbosch/Downloads/campfire-v2/e2e/widget-agent-communication.spec.ts:34:21

    TypeError: Cannot read properties of undefined (reading 'widgetBrowser')

      58 |
      59 |   test.afterAll(async () => {
    > 60 |     await testContext.widgetBrowser?.close();
         |                       ^
      61 |     await testContext.agentContext?.close();
      62 |     await testContext.widgetContext?.close();
      63 |   });
        at /Users/lukatenbosch/Downloads/campfire-v2/e2e/widget-agent-communication.spec.ts:60:23
]]>
</failure>
</testcase>
<testcase name="Widget-Agent Communication E2E › should handle emoji and rich text messages" classname="widget-agent-communication.spec.ts" time="0">
<failure message="widget-agent-communication.spec.ts:221:7 should handle emoji and rich text messages" type="FAILURE">
<![CDATA[  [Mobile Safari] › widget-agent-communication.spec.ts:221:7 › Widget-Agent Communication E2E › should handle emoji and rich text messages 

    Error: ENOENT: no such file or directory, open 'e2e/test-metadata.json'

      32 |   test.beforeAll(async ({ browser }) => {
      33 |     const testMetadata = JSON.parse(
    > 34 |       require('fs').readFileSync('e2e/test-metadata.json', 'utf-8')
         |                     ^
      35 |     );
      36 |
      37 |     testContext = {
        at /Users/lukatenbosch/Downloads/campfire-v2/e2e/widget-agent-communication.spec.ts:34:21

    TypeError: Cannot read properties of undefined (reading 'widgetBrowser')

      58 |
      59 |   test.afterAll(async () => {
    > 60 |     await testContext.widgetBrowser?.close();
         |                       ^
      61 |     await testContext.agentContext?.close();
      62 |     await testContext.widgetContext?.close();
      63 |   });
        at /Users/lukatenbosch/Downloads/campfire-v2/e2e/widget-agent-communication.spec.ts:60:23
]]>
</failure>
</testcase>
<testcase name="Widget-Agent Communication E2E › should handle widget customization" classname="widget-agent-communication.spec.ts" time="0">
<failure message="widget-agent-communication.spec.ts:264:7 should handle widget customization" type="FAILURE">
<![CDATA[  [Mobile Safari] › widget-agent-communication.spec.ts:264:7 › Widget-Agent Communication E2E › should handle widget customization 

    Error: ENOENT: no such file or directory, open 'e2e/test-metadata.json'

      32 |   test.beforeAll(async ({ browser }) => {
      33 |     const testMetadata = JSON.parse(
    > 34 |       require('fs').readFileSync('e2e/test-metadata.json', 'utf-8')
         |                     ^
      35 |     );
      36 |
      37 |     testContext = {
        at /Users/lukatenbosch/Downloads/campfire-v2/e2e/widget-agent-communication.spec.ts:34:21

    TypeError: Cannot read properties of undefined (reading 'widgetBrowser')

      58 |
      59 |   test.afterAll(async () => {
    > 60 |     await testContext.widgetBrowser?.close();
         |                       ^
      61 |     await testContext.agentContext?.close();
      62 |     await testContext.widgetContext?.close();
      63 |   });
        at /Users/lukatenbosch/Downloads/campfire-v2/e2e/widget-agent-communication.spec.ts:60:23
]]>
</failure>
</testcase>
<testcase name="Widget-Agent Communication E2E › should handle mobile responsiveness" classname="widget-agent-communication.spec.ts" time="0">
<failure message="widget-agent-communication.spec.ts:314:7 should handle mobile responsiveness" type="FAILURE">
<![CDATA[  [Mobile Safari] › widget-agent-communication.spec.ts:314:7 › Widget-Agent Communication E2E › should handle mobile responsiveness 

    Error: ENOENT: no such file or directory, open 'e2e/test-metadata.json'

      32 |   test.beforeAll(async ({ browser }) => {
      33 |     const testMetadata = JSON.parse(
    > 34 |       require('fs').readFileSync('e2e/test-metadata.json', 'utf-8')
         |                     ^
      35 |     );
      36 |
      37 |     testContext = {
        at /Users/lukatenbosch/Downloads/campfire-v2/e2e/widget-agent-communication.spec.ts:34:21

    TypeError: Cannot read properties of undefined (reading 'widgetBrowser')

      58 |
      59 |   test.afterAll(async () => {
    > 60 |     await testContext.widgetBrowser?.close();
         |                       ^
      61 |     await testContext.agentContext?.close();
      62 |     await testContext.widgetContext?.close();
      63 |   });
        at /Users/lukatenbosch/Downloads/campfire-v2/e2e/widget-agent-communication.spec.ts:60:23
]]>
</failure>
</testcase>
<testcase name="Widget-Agent Communication E2E › should handle conversation closure" classname="widget-agent-communication.spec.ts" time="0">
<failure message="widget-agent-communication.spec.ts:358:7 should handle conversation closure" type="FAILURE">
<![CDATA[  [Mobile Safari] › widget-agent-communication.spec.ts:358:7 › Widget-Agent Communication E2E › should handle conversation closure 

    Error: ENOENT: no such file or directory, open 'e2e/test-metadata.json'

      32 |   test.beforeAll(async ({ browser }) => {
      33 |     const testMetadata = JSON.parse(
    > 34 |       require('fs').readFileSync('e2e/test-metadata.json', 'utf-8')
         |                     ^
      35 |     );
      36 |
      37 |     testContext = {
        at /Users/lukatenbosch/Downloads/campfire-v2/e2e/widget-agent-communication.spec.ts:34:21

    TypeError: Cannot read properties of undefined (reading 'widgetBrowser')

      58 |
      59 |   test.afterAll(async () => {
    > 60 |     await testContext.widgetBrowser?.close();
         |                       ^
      61 |     await testContext.agentContext?.close();
      62 |     await testContext.widgetContext?.close();
      63 |   });
        at /Users/lukatenbosch/Downloads/campfire-v2/e2e/widget-agent-communication.spec.ts:60:23
]]>
</failure>
</testcase>
</testsuite>
<testsuite name="widget-agent-communication.spec.ts" timestamp="2025-08-02T02:00:08.928Z" hostname="Microsoft Edge" tests="7" failures="7" skipped="0" time="0" errors="0">
<testcase name="Widget-Agent Communication E2E › should initialize widget and establish connection" classname="widget-agent-communication.spec.ts" time="0">
<failure message="widget-agent-communication.spec.ts:65:7 should initialize widget and establish connection" type="FAILURE">
<![CDATA[  [Microsoft Edge] › widget-agent-communication.spec.ts:65:7 › Widget-Agent Communication E2E › should initialize widget and establish connection 

    Error: ENOENT: no such file or directory, open 'e2e/test-metadata.json'

      32 |   test.beforeAll(async ({ browser }) => {
      33 |     const testMetadata = JSON.parse(
    > 34 |       require('fs').readFileSync('e2e/test-metadata.json', 'utf-8')
         |                     ^
      35 |     );
      36 |
      37 |     testContext = {
        at /Users/lukatenbosch/Downloads/campfire-v2/e2e/widget-agent-communication.spec.ts:34:21

    TypeError: Cannot read properties of undefined (reading 'widgetBrowser')

      58 |
      59 |   test.afterAll(async () => {
    > 60 |     await testContext.widgetBrowser?.close();
         |                       ^
      61 |     await testContext.agentContext?.close();
      62 |     await testContext.widgetContext?.close();
      63 |   });
        at /Users/lukatenbosch/Downloads/campfire-v2/e2e/widget-agent-communication.spec.ts:60:23
]]>
</failure>
</testcase>
<testcase name="Widget-Agent Communication E2E › should handle customer conversation initiation" classname="widget-agent-communication.spec.ts" time="0">
<failure message="widget-agent-communication.spec.ts:113:7 should handle customer conversation initiation" type="FAILURE">
<![CDATA[  [Microsoft Edge] › widget-agent-communication.spec.ts:113:7 › Widget-Agent Communication E2E › should handle customer conversation initiation 

    Error: ENOENT: no such file or directory, open 'e2e/test-metadata.json'

      32 |   test.beforeAll(async ({ browser }) => {
      33 |     const testMetadata = JSON.parse(
    > 34 |       require('fs').readFileSync('e2e/test-metadata.json', 'utf-8')
         |                     ^
      35 |     );
      36 |
      37 |     testContext = {
        at /Users/lukatenbosch/Downloads/campfire-v2/e2e/widget-agent-communication.spec.ts:34:21

    TypeError: Cannot read properties of undefined (reading 'widgetBrowser')

      58 |
      59 |   test.afterAll(async () => {
    > 60 |     await testContext.widgetBrowser?.close();
         |                       ^
      61 |     await testContext.agentContext?.close();
      62 |     await testContext.widgetContext?.close();
      63 |   });
        at /Users/lukatenbosch/Downloads/campfire-v2/e2e/widget-agent-communication.spec.ts:60:23
]]>
</failure>
</testcase>
<testcase name="Widget-Agent Communication E2E › should handle agent assignment and response" classname="widget-agent-communication.spec.ts" time="0">
<failure message="widget-agent-communication.spec.ts:166:7 should handle agent assignment and response" type="FAILURE">
<![CDATA[  [Microsoft Edge] › widget-agent-communication.spec.ts:166:7 › Widget-Agent Communication E2E › should handle agent assignment and response 

    Error: ENOENT: no such file or directory, open 'e2e/test-metadata.json'

      32 |   test.beforeAll(async ({ browser }) => {
      33 |     const testMetadata = JSON.parse(
    > 34 |       require('fs').readFileSync('e2e/test-metadata.json', 'utf-8')
         |                     ^
      35 |     );
      36 |
      37 |     testContext = {
        at /Users/lukatenbosch/Downloads/campfire-v2/e2e/widget-agent-communication.spec.ts:34:21

    TypeError: Cannot read properties of undefined (reading 'widgetBrowser')

      58 |
      59 |   test.afterAll(async () => {
    > 60 |     await testContext.widgetBrowser?.close();
         |                       ^
      61 |     await testContext.agentContext?.close();
      62 |     await testContext.widgetContext?.close();
      63 |   });
        at /Users/lukatenbosch/Downloads/campfire-v2/e2e/widget-agent-communication.spec.ts:60:23
]]>
</failure>
</testcase>
<testcase name="Widget-Agent Communication E2E › should handle emoji and rich text messages" classname="widget-agent-communication.spec.ts" time="0">
<failure message="widget-agent-communication.spec.ts:221:7 should handle emoji and rich text messages" type="FAILURE">
<![CDATA[  [Microsoft Edge] › widget-agent-communication.spec.ts:221:7 › Widget-Agent Communication E2E › should handle emoji and rich text messages 

    Error: ENOENT: no such file or directory, open 'e2e/test-metadata.json'

      32 |   test.beforeAll(async ({ browser }) => {
      33 |     const testMetadata = JSON.parse(
    > 34 |       require('fs').readFileSync('e2e/test-metadata.json', 'utf-8')
         |                     ^
      35 |     );
      36 |
      37 |     testContext = {
        at /Users/lukatenbosch/Downloads/campfire-v2/e2e/widget-agent-communication.spec.ts:34:21

    TypeError: Cannot read properties of undefined (reading 'widgetBrowser')

      58 |
      59 |   test.afterAll(async () => {
    > 60 |     await testContext.widgetBrowser?.close();
         |                       ^
      61 |     await testContext.agentContext?.close();
      62 |     await testContext.widgetContext?.close();
      63 |   });
        at /Users/lukatenbosch/Downloads/campfire-v2/e2e/widget-agent-communication.spec.ts:60:23
]]>
</failure>
</testcase>
<testcase name="Widget-Agent Communication E2E › should handle widget customization" classname="widget-agent-communication.spec.ts" time="0">
<failure message="widget-agent-communication.spec.ts:264:7 should handle widget customization" type="FAILURE">
<![CDATA[  [Microsoft Edge] › widget-agent-communication.spec.ts:264:7 › Widget-Agent Communication E2E › should handle widget customization 

    Error: ENOENT: no such file or directory, open 'e2e/test-metadata.json'

      32 |   test.beforeAll(async ({ browser }) => {
      33 |     const testMetadata = JSON.parse(
    > 34 |       require('fs').readFileSync('e2e/test-metadata.json', 'utf-8')
         |                     ^
      35 |     );
      36 |
      37 |     testContext = {
        at /Users/lukatenbosch/Downloads/campfire-v2/e2e/widget-agent-communication.spec.ts:34:21

    TypeError: Cannot read properties of undefined (reading 'widgetBrowser')

      58 |
      59 |   test.afterAll(async () => {
    > 60 |     await testContext.widgetBrowser?.close();
         |                       ^
      61 |     await testContext.agentContext?.close();
      62 |     await testContext.widgetContext?.close();
      63 |   });
        at /Users/lukatenbosch/Downloads/campfire-v2/e2e/widget-agent-communication.spec.ts:60:23
]]>
</failure>
</testcase>
<testcase name="Widget-Agent Communication E2E › should handle mobile responsiveness" classname="widget-agent-communication.spec.ts" time="0">
<failure message="widget-agent-communication.spec.ts:314:7 should handle mobile responsiveness" type="FAILURE">
<![CDATA[  [Microsoft Edge] › widget-agent-communication.spec.ts:314:7 › Widget-Agent Communication E2E › should handle mobile responsiveness 

    Error: ENOENT: no such file or directory, open 'e2e/test-metadata.json'

      32 |   test.beforeAll(async ({ browser }) => {
      33 |     const testMetadata = JSON.parse(
    > 34 |       require('fs').readFileSync('e2e/test-metadata.json', 'utf-8')
         |                     ^
      35 |     );
      36 |
      37 |     testContext = {
        at /Users/lukatenbosch/Downloads/campfire-v2/e2e/widget-agent-communication.spec.ts:34:21

    TypeError: Cannot read properties of undefined (reading 'widgetBrowser')

      58 |
      59 |   test.afterAll(async () => {
    > 60 |     await testContext.widgetBrowser?.close();
         |                       ^
      61 |     await testContext.agentContext?.close();
      62 |     await testContext.widgetContext?.close();
      63 |   });
        at /Users/lukatenbosch/Downloads/campfire-v2/e2e/widget-agent-communication.spec.ts:60:23
]]>
</failure>
</testcase>
<testcase name="Widget-Agent Communication E2E › should handle conversation closure" classname="widget-agent-communication.spec.ts" time="0">
<failure message="widget-agent-communication.spec.ts:358:7 should handle conversation closure" type="FAILURE">
<![CDATA[  [Microsoft Edge] › widget-agent-communication.spec.ts:358:7 › Widget-Agent Communication E2E › should handle conversation closure 

    Error: ENOENT: no such file or directory, open 'e2e/test-metadata.json'

      32 |   test.beforeAll(async ({ browser }) => {
      33 |     const testMetadata = JSON.parse(
    > 34 |       require('fs').readFileSync('e2e/test-metadata.json', 'utf-8')
         |                     ^
      35 |     );
      36 |
      37 |     testContext = {
        at /Users/lukatenbosch/Downloads/campfire-v2/e2e/widget-agent-communication.spec.ts:34:21

    TypeError: Cannot read properties of undefined (reading 'widgetBrowser')

      58 |
      59 |   test.afterAll(async () => {
    > 60 |     await testContext.widgetBrowser?.close();
         |                       ^
      61 |     await testContext.agentContext?.close();
      62 |     await testContext.widgetContext?.close();
      63 |   });
        at /Users/lukatenbosch/Downloads/campfire-v2/e2e/widget-agent-communication.spec.ts:60:23
]]>
</failure>
</testcase>
</testsuite>
<testsuite name="widget-agent-communication.spec.ts" timestamp="2025-08-02T02:00:08.928Z" hostname="Google Chrome" tests="7" failures="7" skipped="0" time="0" errors="0">
<testcase name="Widget-Agent Communication E2E › should initialize widget and establish connection" classname="widget-agent-communication.spec.ts" time="0">
<failure message="widget-agent-communication.spec.ts:65:7 should initialize widget and establish connection" type="FAILURE">
<![CDATA[  [Google Chrome] › widget-agent-communication.spec.ts:65:7 › Widget-Agent Communication E2E › should initialize widget and establish connection 

    Error: ENOENT: no such file or directory, open 'e2e/test-metadata.json'

      32 |   test.beforeAll(async ({ browser }) => {
      33 |     const testMetadata = JSON.parse(
    > 34 |       require('fs').readFileSync('e2e/test-metadata.json', 'utf-8')
         |                     ^
      35 |     );
      36 |
      37 |     testContext = {
        at /Users/lukatenbosch/Downloads/campfire-v2/e2e/widget-agent-communication.spec.ts:34:21

    TypeError: Cannot read properties of undefined (reading 'widgetBrowser')

      58 |
      59 |   test.afterAll(async () => {
    > 60 |     await testContext.widgetBrowser?.close();
         |                       ^
      61 |     await testContext.agentContext?.close();
      62 |     await testContext.widgetContext?.close();
      63 |   });
        at /Users/lukatenbosch/Downloads/campfire-v2/e2e/widget-agent-communication.spec.ts:60:23
]]>
</failure>
</testcase>
<testcase name="Widget-Agent Communication E2E › should handle customer conversation initiation" classname="widget-agent-communication.spec.ts" time="0">
<failure message="widget-agent-communication.spec.ts:113:7 should handle customer conversation initiation" type="FAILURE">
<![CDATA[  [Google Chrome] › widget-agent-communication.spec.ts:113:7 › Widget-Agent Communication E2E › should handle customer conversation initiation 

    Error: ENOENT: no such file or directory, open 'e2e/test-metadata.json'

      32 |   test.beforeAll(async ({ browser }) => {
      33 |     const testMetadata = JSON.parse(
    > 34 |       require('fs').readFileSync('e2e/test-metadata.json', 'utf-8')
         |                     ^
      35 |     );
      36 |
      37 |     testContext = {
        at /Users/lukatenbosch/Downloads/campfire-v2/e2e/widget-agent-communication.spec.ts:34:21

    TypeError: Cannot read properties of undefined (reading 'widgetBrowser')

      58 |
      59 |   test.afterAll(async () => {
    > 60 |     await testContext.widgetBrowser?.close();
         |                       ^
      61 |     await testContext.agentContext?.close();
      62 |     await testContext.widgetContext?.close();
      63 |   });
        at /Users/lukatenbosch/Downloads/campfire-v2/e2e/widget-agent-communication.spec.ts:60:23
]]>
</failure>
</testcase>
<testcase name="Widget-Agent Communication E2E › should handle agent assignment and response" classname="widget-agent-communication.spec.ts" time="0">
<failure message="widget-agent-communication.spec.ts:166:7 should handle agent assignment and response" type="FAILURE">
<![CDATA[  [Google Chrome] › widget-agent-communication.spec.ts:166:7 › Widget-Agent Communication E2E › should handle agent assignment and response 

    Error: ENOENT: no such file or directory, open 'e2e/test-metadata.json'

      32 |   test.beforeAll(async ({ browser }) => {
      33 |     const testMetadata = JSON.parse(
    > 34 |       require('fs').readFileSync('e2e/test-metadata.json', 'utf-8')
         |                     ^
      35 |     );
      36 |
      37 |     testContext = {
        at /Users/lukatenbosch/Downloads/campfire-v2/e2e/widget-agent-communication.spec.ts:34:21

    TypeError: Cannot read properties of undefined (reading 'widgetBrowser')

      58 |
      59 |   test.afterAll(async () => {
    > 60 |     await testContext.widgetBrowser?.close();
         |                       ^
      61 |     await testContext.agentContext?.close();
      62 |     await testContext.widgetContext?.close();
      63 |   });
        at /Users/lukatenbosch/Downloads/campfire-v2/e2e/widget-agent-communication.spec.ts:60:23
]]>
</failure>
</testcase>
<testcase name="Widget-Agent Communication E2E › should handle emoji and rich text messages" classname="widget-agent-communication.spec.ts" time="0">
<failure message="widget-agent-communication.spec.ts:221:7 should handle emoji and rich text messages" type="FAILURE">
<![CDATA[  [Google Chrome] › widget-agent-communication.spec.ts:221:7 › Widget-Agent Communication E2E › should handle emoji and rich text messages 

    Error: ENOENT: no such file or directory, open 'e2e/test-metadata.json'

      32 |   test.beforeAll(async ({ browser }) => {
      33 |     const testMetadata = JSON.parse(
    > 34 |       require('fs').readFileSync('e2e/test-metadata.json', 'utf-8')
         |                     ^
      35 |     );
      36 |
      37 |     testContext = {
        at /Users/lukatenbosch/Downloads/campfire-v2/e2e/widget-agent-communication.spec.ts:34:21

    TypeError: Cannot read properties of undefined (reading 'widgetBrowser')

      58 |
      59 |   test.afterAll(async () => {
    > 60 |     await testContext.widgetBrowser?.close();
         |                       ^
      61 |     await testContext.agentContext?.close();
      62 |     await testContext.widgetContext?.close();
      63 |   });
        at /Users/lukatenbosch/Downloads/campfire-v2/e2e/widget-agent-communication.spec.ts:60:23
]]>
</failure>
</testcase>
<testcase name="Widget-Agent Communication E2E › should handle widget customization" classname="widget-agent-communication.spec.ts" time="0">
<failure message="widget-agent-communication.spec.ts:264:7 should handle widget customization" type="FAILURE">
<![CDATA[  [Google Chrome] › widget-agent-communication.spec.ts:264:7 › Widget-Agent Communication E2E › should handle widget customization 

    Error: ENOENT: no such file or directory, open 'e2e/test-metadata.json'

      32 |   test.beforeAll(async ({ browser }) => {
      33 |     const testMetadata = JSON.parse(
    > 34 |       require('fs').readFileSync('e2e/test-metadata.json', 'utf-8')
         |                     ^
      35 |     );
      36 |
      37 |     testContext = {
        at /Users/lukatenbosch/Downloads/campfire-v2/e2e/widget-agent-communication.spec.ts:34:21

    TypeError: Cannot read properties of undefined (reading 'widgetBrowser')

      58 |
      59 |   test.afterAll(async () => {
    > 60 |     await testContext.widgetBrowser?.close();
         |                       ^
      61 |     await testContext.agentContext?.close();
      62 |     await testContext.widgetContext?.close();
      63 |   });
        at /Users/lukatenbosch/Downloads/campfire-v2/e2e/widget-agent-communication.spec.ts:60:23
]]>
</failure>
</testcase>
<testcase name="Widget-Agent Communication E2E › should handle mobile responsiveness" classname="widget-agent-communication.spec.ts" time="0">
<failure message="widget-agent-communication.spec.ts:314:7 should handle mobile responsiveness" type="FAILURE">
<![CDATA[  [Google Chrome] › widget-agent-communication.spec.ts:314:7 › Widget-Agent Communication E2E › should handle mobile responsiveness 

    Error: ENOENT: no such file or directory, open 'e2e/test-metadata.json'

      32 |   test.beforeAll(async ({ browser }) => {
      33 |     const testMetadata = JSON.parse(
    > 34 |       require('fs').readFileSync('e2e/test-metadata.json', 'utf-8')
         |                     ^
      35 |     );
      36 |
      37 |     testContext = {
        at /Users/lukatenbosch/Downloads/campfire-v2/e2e/widget-agent-communication.spec.ts:34:21

    TypeError: Cannot read properties of undefined (reading 'widgetBrowser')

      58 |
      59 |   test.afterAll(async () => {
    > 60 |     await testContext.widgetBrowser?.close();
         |                       ^
      61 |     await testContext.agentContext?.close();
      62 |     await testContext.widgetContext?.close();
      63 |   });
        at /Users/lukatenbosch/Downloads/campfire-v2/e2e/widget-agent-communication.spec.ts:60:23
]]>
</failure>
</testcase>
<testcase name="Widget-Agent Communication E2E › should handle conversation closure" classname="widget-agent-communication.spec.ts" time="0">
<failure message="widget-agent-communication.spec.ts:358:7 should handle conversation closure" type="FAILURE">
<![CDATA[  [Google Chrome] › widget-agent-communication.spec.ts:358:7 › Widget-Agent Communication E2E › should handle conversation closure 

    Error: ENOENT: no such file or directory, open 'e2e/test-metadata.json'

      32 |   test.beforeAll(async ({ browser }) => {
      33 |     const testMetadata = JSON.parse(
    > 34 |       require('fs').readFileSync('e2e/test-metadata.json', 'utf-8')
         |                     ^
      35 |     );
      36 |
      37 |     testContext = {
        at /Users/lukatenbosch/Downloads/campfire-v2/e2e/widget-agent-communication.spec.ts:34:21

    TypeError: Cannot read properties of undefined (reading 'widgetBrowser')

      58 |
      59 |   test.afterAll(async () => {
    > 60 |     await testContext.widgetBrowser?.close();
         |                       ^
      61 |     await testContext.agentContext?.close();
      62 |     await testContext.widgetContext?.close();
      63 |   });
        at /Users/lukatenbosch/Downloads/campfire-v2/e2e/widget-agent-communication.spec.ts:60:23
]]>
</failure>
</testcase>
</testsuite>
</testsuites>