<testsuites id="" name="" tests="1" failures="1" skipped="0" errors="0" time="12.307909">
<testsuite name="tests/widget-dashboard-sync.spec.ts" timestamp="2025-08-01T21:42:11.214Z" hostname="chromium" tests="1" failures="1" skipped="0" time="11.679" errors="0">
<testcase name="Widget-Dashboard Message Synchronization › should sync messages from widget to dashboard inbox" classname="tests/widget-dashboard-sync.spec.ts" time="11.679">
<failure message="widget-dashboard-sync.spec.ts:17:7 should sync messages from widget to dashboard inbox" type="FAILURE">
<![CDATA[  [chromium] › tests/widget-dashboard-sync.spec.ts:17:7 › Widget-Dashboard Message Synchronization › should sync messages from widget to dashboard inbox 

    Error: expect.toBeVisible: Error: strict mode violation: locator('[data-testid="widget-panel"] div:has-text("Widget to dashboard sync test - 1754084542603"):not(textarea)') resolved to 18 elements:
        1) <div class="flex-1 overflow-hidden">…</div> aka locator('.bg-white.rounded-lg > div:nth-child(3)')
        2) <div class="flex flex-col h-full">…</div> aka locator('.flex.flex-col.h-full').first()
        3) <div class="flex-1 overflow-hidden">…</div> aka locator('.flex.flex-col > div').first()
        4) <div class="relative flex-1 flex flex-col h-full">…</div> aka locator('.relative.flex-1').first()
        5) <div class="flex-1 relative">…</div> aka locator('.relative > .flex-1.relative')
        6) <div dir="ltr" class="relative overflow-hidden h-full">…</div> aka locator('.relative.overflow-hidden.h-full')
        7) <div data-radix-scroll-area-viewport="" class="h-full w-full rounded-[inherit]">…</div> aka locator('.h-full.w-full')
        8) <div>…</div> aka locator('.h-full.w-full > div')
        9) <div class="space-y-1">…</div> aka getByText('Hi! How can we help you today?Just nowWidget to dashboard sync test -')
        10) <div class="px-4 py-2">…</div> aka locator('.h-full > div > .space-y-1 > div:nth-child(2)')
        ...

    Call log:
      - Expect "toBeVisible" with timeout 5000ms
      - waiting for locator('[data-testid="widget-panel"] div:has-text("Widget to dashboard sync test - 1754084542603"):not(textarea)')


       99 |       // Verify message appears in widget - EnhancedMessageList uses different structure
      100 |       const sentMessage = widgetPage.locator(`[data-testid="widget-panel"] div:has-text("${testMessage}"):not(textarea)`);
    > 101 |       await expect(sentMessage).toBeVisible({ timeout: 5000 });
          |                                 ^
      102 |       console.log(`✅ Message sent from widget: "${testMessage}"`);
      103 |       
      104 |       // Step 4: Check if message appears in dashboard
        at /Users/lukatenbosch/Downloads/campfire-v2/e2e/tests/widget-dashboard-sync.spec.ts:101:33

    attachment #1: screenshot (image/png) ──────────────────────────────────────────────────────────
    ../test-results/tests-widget-dashboard-syn-59aae-m-widget-to-dashboard-inbox-chromium/test-failed-1.png
    ────────────────────────────────────────────────────────────────────────────────────────────────

    attachment #2: screenshot (image/png) ──────────────────────────────────────────────────────────
    ../test-results/tests-widget-dashboard-syn-59aae-m-widget-to-dashboard-inbox-chromium/test-failed-2.png
    ────────────────────────────────────────────────────────────────────────────────────────────────
]]>
</failure>
<system-out>
<![CDATA[🔄 Testing widget-dashboard message synchronization...
📊 Setting up dashboard...
✅ Dashboard login successful
✅ Dashboard inbox loaded
🔧 Setting up widget...
✅ Homepage loaded
💬 Sending message from widget...
✅ Widget opened

[[ATTACHMENT|tests-widget-dashboard-syn-59aae-m-widget-to-dashboard-inbox-chromium/test-failed-1.png]]

[[ATTACHMENT|tests-widget-dashboard-syn-59aae-m-widget-to-dashboard-inbox-chromium/test-failed-2.png]]
]]>
</system-out>
</testcase>
</testsuite>
</testsuites>