<testsuites id="" name="" tests="28" failures="4" skipped="6" errors="0" time="147.54588800000002">
<testsuite name="implementation-verification.spec.ts" timestamp="2025-08-03T15:35:07.384Z" hostname="chromium" tests="4" failures="1" skipped="0" time="158.809" errors="0">
<testcase name="Implementation Verification › should verify exponential backoff implementation exists in code" classname="implementation-verification.spec.ts" time="19.443">
<system-out>
<![CDATA[🔍 Verifying exponential backoff implementation exists...
📊 Implementation Check Results:
  Exponential backoff mentioned: false
  Timeout progression mentioned: false
  Retry attempt mentioned: false
✅ Code is syntactically correct and loadable
🎉 Implementation verification completed!
]]>
</system-out>
</testcase>
<testcase name="Implementation Verification › should verify basic bidirectional communication works" classname="implementation-verification.spec.ts" time="60.379">
<failure message="implementation-verification.spec.ts:96:7 should verify basic bidirectional communication works" type="FAILURE">
<![CDATA[  [chromium] › implementation-verification.spec.ts:96:7 › Implementation Verification › should verify basic bidirectional communication works 

    Test timeout of 60000ms exceeded.

    Error: browserContext.close: Target page, context or browser has been closed

      209 |     } finally {
      210 |       await agentContext.close();
    > 211 |       await visitorContext.close();
          |       ^
      212 |     }
      213 |
      214 |     console.log('🎉 Basic bidirectional communication test completed!');
        at /Users/lukatenbosch/Downloads/campfire-v2/tests/e2e/implementation-verification.spec.ts:211:7

    attachment #1: screenshot (image/png) ──────────────────────────────────────────────────────────
    ../../test-results/implementation-verificatio-b1aec-ctional-communication-works-chromium/test-failed-1.png
    ────────────────────────────────────────────────────────────────────────────────────────────────

    attachment #2: screenshot (image/png) ──────────────────────────────────────────────────────────
    ../../test-results/implementation-verificatio-b1aec-ctional-communication-works-chromium/test-failed-2.png
    ────────────────────────────────────────────────────────────────────────────────────────────────

    Error Context: ../../test-results/implementation-verificatio-b1aec-ctional-communication-works-chromium/error-context.md
]]>
</failure>
<system-out>
<![CDATA[🔄 Testing basic bidirectional communication...
📱 Agent logging into dashboard...
👤 Visitor opening widget...
💬 Visitor sending message...
⏳ Waiting for bidirectional communication...

[[ATTACHMENT|implementation-verificatio-b1aec-ctional-communication-works-chromium/test-failed-1.png]]

[[ATTACHMENT|implementation-verificatio-b1aec-ctional-communication-works-chromium/test-failed-2.png]]

[[ATTACHMENT|implementation-verificatio-b1aec-ctional-communication-works-chromium/error-context.md]]
]]>
</system-out>
</testcase>
<testcase name="Implementation Verification › should verify timeout values are correctly implemented" classname="implementation-verification.spec.ts" time="41.797">
<system-out>
<![CDATA[⏱️ Verifying timeout values implementation...
✅ Widget opened successfully
⏳ Monitoring for timeout activity...

📊 Timeout Analysis:
Total timeout-related logs: 0
ℹ️ No timeout-related logs captured (system may be working efficiently)
🎉 Timeout values verification completed!
]]>
</system-out>
</testcase>
<testcase name="Implementation Verification › should verify system stability and performance" classname="implementation-verification.spec.ts" time="37.19">
<system-out>
<![CDATA[🚀 Testing system stability and performance...
✅ Widget opened successfully
✅ Message sent successfully

📊 Performance Metrics:
  Page load time: 19773ms
  Widget open time: 492ms
  Messages sent: 1
  Errors encountered: 0
  Realtime activity: 0 logs

🎯 Performance Assessment:
⚠️ Page load performance: Slow
✅ Widget performance: Good
✅ Error rate: Excellent (no errors)
ℹ️ Realtime system: Quiet (may be working efficiently)
🎉 System stability and performance test completed!
]]>
</system-out>
</testcase>
</testsuite>
<testsuite name="implementation-verification.spec.ts" timestamp="2025-08-03T15:35:07.384Z" hostname="firefox" tests="4" failures="1" skipped="0" time="159.827" errors="0">
<testcase name="Implementation Verification › should verify exponential backoff implementation exists in code" classname="implementation-verification.spec.ts" time="23.545">
<system-out>
<![CDATA[🔍 Verifying exponential backoff implementation exists...
📊 Implementation Check Results:
  Exponential backoff mentioned: false
  Timeout progression mentioned: false
  Retry attempt mentioned: false
✅ Code is syntactically correct and loadable
🎉 Implementation verification completed!
]]>
</system-out>
</testcase>
<testcase name="Implementation Verification › should verify basic bidirectional communication works" classname="implementation-verification.spec.ts" time="60.693">
<failure message="implementation-verification.spec.ts:96:7 should verify basic bidirectional communication works" type="FAILURE">
<![CDATA[  [firefox] › implementation-verification.spec.ts:96:7 › Implementation Verification › should verify basic bidirectional communication works 

    Test timeout of 60000ms exceeded.

    Error: page.waitForTimeout: Test ended.

      139 |       // Step 4: Wait for potential communication
      140 |       console.log('⏳ Waiting for bidirectional communication...');
    > 141 |       await agentPage.waitForTimeout(30000); // Wait 30 seconds
          |                       ^
      142 |
      143 |       // Step 5: Check if message appears in dashboard
      144 |       const conversations = agentPage.locator('[data-testid="conversation"]');
        at /Users/lukatenbosch/Downloads/campfire-v2/tests/e2e/implementation-verification.spec.ts:141:23

    attachment #1: screenshot (image/png) ──────────────────────────────────────────────────────────
    ../../test-results/implementation-verificatio-b1aec-ctional-communication-works-firefox/test-failed-2.png
    ────────────────────────────────────────────────────────────────────────────────────────────────

    attachment #2: screenshot (image/png) ──────────────────────────────────────────────────────────
    ../../test-results/implementation-verificatio-b1aec-ctional-communication-works-firefox/test-failed-1.png
    ────────────────────────────────────────────────────────────────────────────────────────────────

    Error Context: ../../test-results/implementation-verificatio-b1aec-ctional-communication-works-firefox/error-context.md
]]>
</failure>
<system-out>
<![CDATA[🔄 Testing basic bidirectional communication...
📱 Agent logging into dashboard...
👤 Visitor opening widget...
💬 Visitor sending message...
⏳ Waiting for bidirectional communication...

[[ATTACHMENT|implementation-verificatio-b1aec-ctional-communication-works-firefox/test-failed-2.png]]

[[ATTACHMENT|implementation-verificatio-b1aec-ctional-communication-works-firefox/test-failed-1.png]]

[[ATTACHMENT|implementation-verificatio-b1aec-ctional-communication-works-firefox/error-context.md]]
]]>
</system-out>
</testcase>
<testcase name="Implementation Verification › should verify timeout values are correctly implemented" classname="implementation-verification.spec.ts" time="45.429">
<system-out>
<![CDATA[⏱️ Verifying timeout values implementation...
✅ Widget opened successfully
⏳ Monitoring for timeout activity...

📊 Timeout Analysis:
Total timeout-related logs: 0
ℹ️ No timeout-related logs captured (system may be working efficiently)
🎉 Timeout values verification completed!
]]>
</system-out>
</testcase>
<testcase name="Implementation Verification › should verify system stability and performance" classname="implementation-verification.spec.ts" time="30.16">
<system-out>
<![CDATA[🚀 Testing system stability and performance...
✅ Widget opened successfully
✅ Message sent successfully

📊 Performance Metrics:
  Page load time: 10279ms
  Widget open time: 744ms
  Messages sent: 1
  Errors encountered: 0
  Realtime activity: 0 logs

🎯 Performance Assessment:
⚠️ Page load performance: Slow
✅ Widget performance: Good
✅ Error rate: Excellent (no errors)
ℹ️ Realtime system: Quiet (may be working efficiently)
🎉 System stability and performance test completed!
]]>
</system-out>
</testcase>
</testsuite>
<testsuite name="implementation-verification.spec.ts" timestamp="2025-08-03T15:35:07.384Z" hostname="webkit" tests="4" failures="1" skipped="0" time="131.115" errors="0">
<testcase name="Implementation Verification › should verify exponential backoff implementation exists in code" classname="implementation-verification.spec.ts" time="16.71">
<system-out>
<![CDATA[🔍 Verifying exponential backoff implementation exists...
📊 Implementation Check Results:
  Exponential backoff mentioned: false
  Timeout progression mentioned: false
  Retry attempt mentioned: false
✅ Code is syntactically correct and loadable
🎉 Implementation verification completed!
]]>
</system-out>
</testcase>
<testcase name="Implementation Verification › should verify basic bidirectional communication works" classname="implementation-verification.spec.ts" time="60.686">
<failure message="implementation-verification.spec.ts:96:7 should verify basic bidirectional communication works" type="FAILURE">
<![CDATA[  [webkit] › implementation-verification.spec.ts:96:7 › Implementation Verification › should verify basic bidirectional communication works 

    Test timeout of 60000ms exceeded.

    Error: browserContext.close: Test ended.
    Browser logs:

    <launching> /Users/lukatenbosch/Library/Caches/ms-playwright/webkit-2191/pw_run.sh --inspector-pipe --no-startup-window
    <launched> pid=82474
    [pid=82474][err] 2025-08-03 09:35:54.954 Playwright[82480:6020057] +[IMKClient subclass]: chose IMKClient_Modern
    [pid=82474] <gracefully close start>
    [pid=82474] <process did exit: exitCode=0, signal=null>
    [pid=82474] starting temporary directories cleanup

      208 |
      209 |     } finally {
    > 210 |       await agentContext.close();
          |       ^
      211 |       await visitorContext.close();
      212 |     }
      213 |
        at /Users/lukatenbosch/Downloads/campfire-v2/tests/e2e/implementation-verification.spec.ts:210:7

    attachment #1: screenshot (image/png) ──────────────────────────────────────────────────────────
    ../../test-results/implementation-verificatio-b1aec-ctional-communication-works-webkit/test-failed-1.png
    ────────────────────────────────────────────────────────────────────────────────────────────────

    attachment #2: screenshot (image/png) ──────────────────────────────────────────────────────────
    ../../test-results/implementation-verificatio-b1aec-ctional-communication-works-webkit/test-failed-2.png
    ────────────────────────────────────────────────────────────────────────────────────────────────

    Error Context: ../../test-results/implementation-verificatio-b1aec-ctional-communication-works-webkit/error-context.md
]]>
</failure>
<system-out>
<![CDATA[🔄 Testing basic bidirectional communication...
📱 Agent logging into dashboard...
👤 Visitor opening widget...
💬 Visitor sending message...
⏳ Waiting for bidirectional communication...
Found 6 conversations in dashboard

[[ATTACHMENT|implementation-verificatio-b1aec-ctional-communication-works-webkit/test-failed-1.png]]

[[ATTACHMENT|implementation-verificatio-b1aec-ctional-communication-works-webkit/test-failed-2.png]]

[[ATTACHMENT|implementation-verificatio-b1aec-ctional-communication-works-webkit/error-context.md]]
]]>
</system-out>
</testcase>
<testcase name="Implementation Verification › should verify timeout values are correctly implemented" classname="implementation-verification.spec.ts" time="30.117">
<system-out>
<![CDATA[⏱️ Verifying timeout values implementation...
✅ Widget opened successfully
⏳ Monitoring for timeout activity...

📊 Timeout Analysis:
Total timeout-related logs: 0
ℹ️ No timeout-related logs captured (system may be working efficiently)
🎉 Timeout values verification completed!
]]>
</system-out>
</testcase>
<testcase name="Implementation Verification › should verify system stability and performance" classname="implementation-verification.spec.ts" time="23.602">
<system-out>
<![CDATA[🚀 Testing system stability and performance...
✅ Widget opened successfully
✅ Message sent successfully

📊 Performance Metrics:
  Page load time: 6695ms
  Widget open time: 318ms
  Messages sent: 1
  Errors encountered: 0
  Realtime activity: 0 logs

🎯 Performance Assessment:
⚠️ Page load performance: Slow
✅ Widget performance: Good
✅ Error rate: Excellent (no errors)
ℹ️ Realtime system: Quiet (may be working efficiently)
🎉 System stability and performance test completed!
]]>
</system-out>
</testcase>
</testsuite>
<testsuite name="implementation-verification.spec.ts" timestamp="2025-08-03T15:35:07.384Z" hostname="Mobile Chrome" tests="4" failures="0" skipped="0" time="118.41" errors="0">
<testcase name="Implementation Verification › should verify exponential backoff implementation exists in code" classname="implementation-verification.spec.ts" time="9.776">
<system-out>
<![CDATA[🔍 Verifying exponential backoff implementation exists...
📊 Implementation Check Results:
  Exponential backoff mentioned: false
  Timeout progression mentioned: false
  Retry attempt mentioned: false
✅ Code is syntactically correct and loadable
🎉 Implementation verification completed!
]]>
</system-out>
</testcase>
<testcase name="Implementation Verification › should verify basic bidirectional communication works" classname="implementation-verification.spec.ts" time="57.728">
<system-out>
<![CDATA[🔄 Testing basic bidirectional communication...
📱 Agent logging into dashboard...
👤 Visitor opening widget...
💬 Visitor sending message...
⏳ Waiting for bidirectional communication...
Found 5 conversations in dashboard

📊 Realtime Activity Summary:
Total realtime logs captured: 51

📋 Recent Realtime Logs (last 10):
  1. AGENT: [Realtime] Channel org:b5e80170-004c-4e82-a88c-3e2166b169dd:conv:c77a297f-34e9-4bf3-a7e4-ee45...
  2. AGENT: [Realtime] Channel org:b5e80170-004c-4e82-a88c-3e2166b169dd:conv:c77a297f-34e9-4bf3-a7e4-ee45...
  3. AGENT: [Realtime] Channel org:b5e80170-004c-4e82-a88c-3e2166b169dd:conv:c77a297f-34e9-4bf3-a7e4-ee45...
  4. AGENT: [Realtime] 📊 Channel org:b5e80170-004c-4e82-a88c-3e2166b169dd:conv:c77a297f-34e9-4bf3-a7e4-e...
  5. AGENT: [Realtime] ✅ Channel org:b5e80170-004c-4e82-a88c-3e2166b169dd:conv:c77a297f-34e9-4bf3-a7e4-ee...
  6. AGENT: [Realtime] 📝 Postgres change on org:b5e80170-004c-4e82-a88c-3e2166b169dd:conv:c77a297f-34e9-...
  7. AGENT: [Realtime] 📝 Postgres change on org:b5e80170-004c-4e82-a88c-3e2166b169dd:conv:c77a297f-34e9-...
  8. AGENT: [Realtime] 📝 Postgres change on org:b5e80170-004c-4e82-a88c-3e2166b169dd:conv:c77a297f-34e9-...
  9. AGENT: [Realtime] 📝 Postgres change on org:b5e80170-004c-4e82-a88c-3e2166b169dd:conv:c77a297f-34e9-...
  10. AGENT: [Realtime] 📝 Postgres change on org:b5e80170-004c-4e82-a88c-3e2166b169dd:conv:c77a297f-34e9-...

🎯 Exponential Backoff Indicators: 0

🎉 Communication Test Results:
⚠️ Message not found in dashboard (may need more time or debugging)
ℹ️ No exponential backoff activity (connections likely succeeding on first attempt)
✅ Realtime system is active and logging
🎉 Basic bidirectional communication test completed!
]]>
</system-out>
</testcase>
<testcase name="Implementation Verification › should verify timeout values are correctly implemented" classname="implementation-verification.spec.ts" time="26.228">
<system-out>
<![CDATA[⏱️ Verifying timeout values implementation...
✅ Widget opened successfully
⏳ Monitoring for timeout activity...

📊 Timeout Analysis:
Total timeout-related logs: 0
ℹ️ No timeout-related logs captured (system may be working efficiently)
🎉 Timeout values verification completed!
]]>
</system-out>
</testcase>
<testcase name="Implementation Verification › should verify system stability and performance" classname="implementation-verification.spec.ts" time="24.678">
<system-out>
<![CDATA[🚀 Testing system stability and performance...
✅ Widget opened successfully
✅ Message sent successfully

📊 Performance Metrics:
  Page load time: 6330ms
  Widget open time: 288ms
  Messages sent: 1
  Errors encountered: 0
  Realtime activity: 0 logs

🎯 Performance Assessment:
⚠️ Page load performance: Slow
✅ Widget performance: Good
✅ Error rate: Excellent (no errors)
ℹ️ Realtime system: Quiet (may be working efficiently)
🎉 System stability and performance test completed!
]]>
</system-out>
</testcase>
</testsuite>
<testsuite name="implementation-verification.spec.ts" timestamp="2025-08-03T15:35:07.384Z" hostname="Mobile Safari" tests="4" failures="1" skipped="0" time="121.601" errors="0">
<testcase name="Implementation Verification › should verify exponential backoff implementation exists in code" classname="implementation-verification.spec.ts" time="7.424">
<system-out>
<![CDATA[🔍 Verifying exponential backoff implementation exists...
📊 Implementation Check Results:
  Exponential backoff mentioned: false
  Timeout progression mentioned: false
  Retry attempt mentioned: false
✅ Code is syntactically correct and loadable
🎉 Implementation verification completed!
]]>
</system-out>
</testcase>
<testcase name="Implementation Verification › should verify basic bidirectional communication works" classname="implementation-verification.spec.ts" time="61.187">
<failure message="implementation-verification.spec.ts:96:7 should verify basic bidirectional communication works" type="FAILURE">
<![CDATA[  [Mobile Safari] › implementation-verification.spec.ts:96:7 › Implementation Verification › should verify basic bidirectional communication works 

    Test timeout of 60000ms exceeded.

    Error: browserContext.close: Test ended.
    Browser logs:

    <launching> /Users/lukatenbosch/Library/Caches/ms-playwright/webkit-2191/pw_run.sh --inspector-pipe --no-startup-window
    <launched> pid=82878
    [pid=82878][err] 2025-08-03 09:36:21.322 Playwright[82884:6024138] +[IMKClient subclass]: chose IMKClient_Modern
    [pid=82878] <gracefully close start>
    [pid=82878] <process did exit: exitCode=0, signal=null>
    [pid=82878] starting temporary directories cleanup

      208 |
      209 |     } finally {
    > 210 |       await agentContext.close();
          |       ^
      211 |       await visitorContext.close();
      212 |     }
      213 |
        at /Users/lukatenbosch/Downloads/campfire-v2/tests/e2e/implementation-verification.spec.ts:210:7

    attachment #1: screenshot (image/png) ──────────────────────────────────────────────────────────
    ../../test-results/implementation-verificatio-b1aec-ctional-communication-works-Mobile-Safari/test-failed-1.png
    ────────────────────────────────────────────────────────────────────────────────────────────────

    attachment #2: screenshot (image/png) ──────────────────────────────────────────────────────────
    ../../test-results/implementation-verificatio-b1aec-ctional-communication-works-Mobile-Safari/test-failed-2.png
    ────────────────────────────────────────────────────────────────────────────────────────────────

    Error Context: ../../test-results/implementation-verificatio-b1aec-ctional-communication-works-Mobile-Safari/error-context.md
]]>
</failure>
<system-out>
<![CDATA[🔄 Testing basic bidirectional communication...
📱 Agent logging into dashboard...
👤 Visitor opening widget...
💬 Visitor sending message...
⏳ Waiting for bidirectional communication...
Found 5 conversations in dashboard

[[ATTACHMENT|implementation-verificatio-b1aec-ctional-communication-works-Mobile-Safari/test-failed-1.png]]

[[ATTACHMENT|implementation-verificatio-b1aec-ctional-communication-works-Mobile-Safari/test-failed-2.png]]

[[ATTACHMENT|implementation-verificatio-b1aec-ctional-communication-works-Mobile-Safari/error-context.md]]
]]>
</system-out>
</testcase>
<testcase name="Implementation Verification › should verify timeout values are correctly implemented" classname="implementation-verification.spec.ts" time="31.669">
<system-out>
<![CDATA[⏱️ Verifying timeout values implementation...
✅ Widget opened successfully
⏳ Monitoring for timeout activity...

📊 Timeout Analysis:
Total timeout-related logs: 0
ℹ️ No timeout-related logs captured (system may be working efficiently)
🎉 Timeout values verification completed!
]]>
</system-out>
</testcase>
<testcase name="Implementation Verification › should verify system stability and performance" classname="implementation-verification.spec.ts" time="21.321">
<system-out>
<![CDATA[🚀 Testing system stability and performance...
✅ Widget opened successfully
✅ Message sent successfully

📊 Performance Metrics:
  Page load time: 3980ms
  Widget open time: 216ms
  Messages sent: 1
  Errors encountered: 0
  Realtime activity: 0 logs

🎯 Performance Assessment:
✅ Page load performance: Good
✅ Widget performance: Good
✅ Error rate: Excellent (no errors)
ℹ️ Realtime system: Quiet (may be working efficiently)
🎉 System stability and performance test completed!
]]>
</system-out>
</testcase>
</testsuite>
<testsuite name="implementation-verification.spec.ts" timestamp="2025-08-03T15:35:07.384Z" hostname="Microsoft Edge" tests="4" failures="0" skipped="3" time="127.125" errors="0">
<testcase name="Implementation Verification › should verify exponential backoff implementation exists in code" classname="implementation-verification.spec.ts" time="12.622">
<system-out>
<![CDATA[🔍 Verifying exponential backoff implementation exists...
📊 Implementation Check Results:
  Exponential backoff mentioned: false
  Timeout progression mentioned: false
  Retry attempt mentioned: false
✅ Code is syntactically correct and loadable
🎉 Implementation verification completed!
]]>
</system-out>
</testcase>
<testcase name="Implementation Verification › should verify basic bidirectional communication works" classname="implementation-verification.spec.ts" time="44.91">
<skipped>
</skipped>
</testcase>
<testcase name="Implementation Verification › should verify timeout values are correctly implemented" classname="implementation-verification.spec.ts" time="36.776">
<skipped>
</skipped>
</testcase>
<testcase name="Implementation Verification › should verify system stability and performance" classname="implementation-verification.spec.ts" time="32.817">
<skipped>
</skipped>
</testcase>
</testsuite>
<testsuite name="implementation-verification.spec.ts" timestamp="2025-08-03T15:35:07.384Z" hostname="Google Chrome" tests="4" failures="0" skipped="3" time="84.252" errors="0">
<testcase name="Implementation Verification › should verify exponential backoff implementation exists in code" classname="implementation-verification.spec.ts" time="23.319">
<system-out>
<![CDATA[🔍 Verifying exponential backoff implementation exists...
📊 Implementation Check Results:
  Exponential backoff mentioned: false
  Timeout progression mentioned: false
  Retry attempt mentioned: false
✅ Code is syntactically correct and loadable
🎉 Implementation verification completed!
]]>
</system-out>
</testcase>
<testcase name="Implementation Verification › should verify basic bidirectional communication works" classname="implementation-verification.spec.ts" time="31.949">
<skipped>
</skipped>
</testcase>
<testcase name="Implementation Verification › should verify timeout values are correctly implemented" classname="implementation-verification.spec.ts" time="18.946">
<skipped>
</skipped>
</testcase>
<testcase name="Implementation Verification › should verify system stability and performance" classname="implementation-verification.spec.ts" time="10.038">
<skipped>
</skipped>
</testcase>
</testsuite>
</testsuites>