<testsuites id="" name="" tests="1" failures="1" skipped="0" errors="0" time="34.310725999999995">
<testsuite name="tests/inbox/inbox-features.spec.ts" timestamp="2025-08-01T19:00:12.847Z" hostname="chromium" tests="1" failures="1" skipped="0" time="33.66" errors="0">
<testcase name="Inbox Features and Functionalities › should display conversation list with proper information" classname="tests/inbox/inbox-features.spec.ts" time="33.66">
<failure message="inbox-features.spec.ts:22:7 should display conversation list with proper information" type="FAILURE">
<![CDATA[  [chromium] › tests/inbox/inbox-features.spec.ts:22:7 › Inbox Features and Functionalities › should display conversation list with proper information 

    TimeoutError: page.waitForSelector: Timeout 30000ms exceeded.
    Call log:
      - waiting for locator('h2:has-text("Inbox")') to be visible


      22 |   test('should display conversation list with proper information', async ({ page }) => {
      23 |     // Wait for the inbox page to load
    > 24 |     await page.waitForSelector('h2:has-text("Inbox")');
         |                ^
      25 |     
      26 |     // Verify inbox header is visible
      27 |     await expect(page.locator('h2:has-text("Inbox")')).toBeVisible();
        at /Users/lukatenbosch/Downloads/campfire-v2/e2e/tests/inbox/inbox-features.spec.ts:24:16

    attachment #1: screenshot (image/png) ──────────────────────────────────────────────────────────
    ../test-results/tests-inbox-inbox-features-41830-ist-with-proper-information-chromium/test-failed-1.png
    ────────────────────────────────────────────────────────────────────────────────────────────────

    attachment #2: video (video/webm) ──────────────────────────────────────────────────────────────
    ../test-results/tests-inbox-inbox-features-41830-ist-with-proper-information-chromium/video.webm
    ────────────────────────────────────────────────────────────────────────────────────────────────

    Error Context: ../test-results/tests-inbox-inbox-features-41830-ist-with-proper-information-chromium/error-context.md
]]>
</failure>
<system-out>
<![CDATA[
[[ATTACHMENT|tests-inbox-inbox-features-41830-ist-with-proper-information-chromium/test-failed-1.png]]

[[ATTACHMENT|tests-inbox-inbox-features-41830-ist-with-proper-information-chromium/video.webm]]

[[ATTACHMENT|tests-inbox-inbox-features-41830-ist-with-proper-information-chromium/error-context.md]]
]]>
</system-out>
</testcase>
</testsuite>
</testsuites>