<testsuites id="" name="" tests="1" failures="1" skipped="0" errors="0" time="15.808485000000001">
<testsuite name="focused-simple-test.spec.ts" timestamp="2025-08-03T22:00:20.937Z" hostname="chromium" tests="1" failures="1" skipped="0" time="15.077" errors="0">
<testcase name="Focused Simple Bidirectional Test â€º should verify widget to agent message delivery" classname="focused-simple-test.spec.ts" time="15.077">
<failure message="focused-simple-test.spec.ts:115:7 should verify widget to agent message delivery" type="FAILURE">
<![CDATA[  [chromium] â€º focused-simple-test.spec.ts:115:7 â€º Focused Simple Bidirectional Test â€º should verify widget to agent message delivery 

    Test timeout of 15000ms exceeded.

    Error: page.click: Target page, context or browser has been closed
    Call log:
      - waiting for locator('button[type="submit"]')
        - locator resolved to <button type="submit" data-testid="login-button" class="inline-flex items-center justify-center font-medium transition-all duration-200 ease-out focus-visible:outline-none focus-visible:ring-2 focus-visible:ring-primary focus-visible:ring-offset-2 disabled:pointer-events-none disabled:opacity-50 bg-primary text-white border border-primary hover:bg-primary-600 hover:border-primary-600 hover:shadow-md active:bg-primary-700 active:border-primary-700 shadow-sm h-10 px-4 rounded-md text-sm gap-2 w-full">â€¦</button>
      - attempting click action
        2 Ã— waiting for element to be visible, enabled and stable
          - element is visible, enabled and stable
          - scrolling into view if needed
          - done scrolling
          - <nextjs-portal></nextjs-portal> from <script data-nextjs-dev-overlay="true">â€¦</script> subtree intercepts pointer events
        - retrying click action
        - waiting 20ms
        2 Ã— waiting for element to be visible, enabled and stable
          - element is visible, enabled and stable
          - scrolling into view if needed
          - done scrolling
          - <nextjs-portal></nextjs-portal> from <script data-nextjs-dev-overlay="true">â€¦</script> subtree intercepts pointer events
        - retrying click action
          - waiting 100ms
        27 Ã— waiting for element to be visible, enabled and stable
           - element is visible, enabled and stable
           - scrolling into view if needed
           - done scrolling
           - <nextjs-portal></nextjs-portal> from <script data-nextjs-dev-overlay="true">â€¦</script> subtree intercepts pointer events
         - retrying click action
           - waiting 500ms


      22 |   await page.fill('#email', TEST_CONFIG.agentEmail);
      23 |   await page.fill('#password', TEST_CONFIG.agentPassword);
    > 24 |   await page.click('button[type="submit"]');
         |              ^
      25 |   await page.waitForURL('**/dashboard**', { timeout: 15000 });
      26 |   console.log('âœ… Agent logged in successfully');
      27 | }
        at loginAsAgent (/Users/lukatenbosch/Downloads/campfire-v2/tests/e2e/focused-simple-test.spec.ts:24:14)
        at /Users/lukatenbosch/Downloads/campfire-v2/tests/e2e/focused-simple-test.spec.ts:120:5

    attachment #1: screenshot (image/png) â”€â”€â”€â”€â”€â”€â”€â”€â”€â”€â”€â”€â”€â”€â”€â”€â”€â”€â”€â”€â”€â”€â”€â”€â”€â”€â”€â”€â”€â”€â”€â”€â”€â”€â”€â”€â”€â”€â”€â”€â”€â”€â”€â”€â”€â”€â”€â”€â”€â”€â”€â”€â”€â”€â”€â”€â”€â”€
    ../../test-results/focused-simple-test-Focuse-c9fee-t-to-agent-message-delivery-chromium/test-failed-2.png
    â”€â”€â”€â”€â”€â”€â”€â”€â”€â”€â”€â”€â”€â”€â”€â”€â”€â”€â”€â”€â”€â”€â”€â”€â”€â”€â”€â”€â”€â”€â”€â”€â”€â”€â”€â”€â”€â”€â”€â”€â”€â”€â”€â”€â”€â”€â”€â”€â”€â”€â”€â”€â”€â”€â”€â”€â”€â”€â”€â”€â”€â”€â”€â”€â”€â”€â”€â”€â”€â”€â”€â”€â”€â”€â”€â”€â”€â”€â”€â”€â”€â”€â”€â”€â”€â”€â”€â”€â”€â”€â”€â”€â”€â”€â”€â”€

    attachment #2: screenshot (image/png) â”€â”€â”€â”€â”€â”€â”€â”€â”€â”€â”€â”€â”€â”€â”€â”€â”€â”€â”€â”€â”€â”€â”€â”€â”€â”€â”€â”€â”€â”€â”€â”€â”€â”€â”€â”€â”€â”€â”€â”€â”€â”€â”€â”€â”€â”€â”€â”€â”€â”€â”€â”€â”€â”€â”€â”€â”€â”€
    ../../test-results/focused-simple-test-Focuse-c9fee-t-to-agent-message-delivery-chromium/test-failed-1.png
    â”€â”€â”€â”€â”€â”€â”€â”€â”€â”€â”€â”€â”€â”€â”€â”€â”€â”€â”€â”€â”€â”€â”€â”€â”€â”€â”€â”€â”€â”€â”€â”€â”€â”€â”€â”€â”€â”€â”€â”€â”€â”€â”€â”€â”€â”€â”€â”€â”€â”€â”€â”€â”€â”€â”€â”€â”€â”€â”€â”€â”€â”€â”€â”€â”€â”€â”€â”€â”€â”€â”€â”€â”€â”€â”€â”€â”€â”€â”€â”€â”€â”€â”€â”€â”€â”€â”€â”€â”€â”€â”€â”€â”€â”€â”€â”€

    Error Context: ../../test-results/focused-simple-test-Focuse-c9fee-t-to-agent-message-delivery-chromium/error-context.md
]]>
</failure>
<system-out>
<![CDATA[
ðŸŽ¯ TEST 1: Widget â†’ Agent Message Delivery
==========================================
ðŸ” Agent logging in...

[[ATTACHMENT|focused-simple-test-Focuse-c9fee-t-to-agent-message-delivery-chromium/test-failed-2.png]]

[[ATTACHMENT|focused-simple-test-Focuse-c9fee-t-to-agent-message-delivery-chromium/test-failed-1.png]]

[[ATTACHMENT|focused-simple-test-Focuse-c9fee-t-to-agent-message-delivery-chromium/error-context.md]]
]]>
</system-out>
</testcase>
</testsuite>
</testsuites>