<testsuites id="" name="" tests="45" failures="0" skipped="43" errors="0" time="8.843958">
<testsuite name="tests/auth/comprehensive-authenticated-test.spec.ts" timestamp="2025-08-01T21:57:58.484Z" hostname="chromium" tests="1" failures="0" skipped="0" time="4.952" errors="0">
<testcase name="Comprehensive Authenticated Testing › should test real-time features in inbox" classname="tests/auth/comprehensive-authenticated-test.spec.ts" time="4.952">
<system-out>
<![CDATA[🔄 Testing real-time features...
✅ Conversations loaded
✅ Conversation selection working
✅ Real-time features tested
]]>
</system-out>
</testcase>
</testsuite>
<testsuite name="tests/auth/simple-login.spec.ts" timestamp="2025-08-01T21:57:58.484Z" hostname="chromium" tests="1" failures="0" skipped="0" time="1.355" errors="0">
<testcase name="Simple Login Test › should access inbox after login" classname="tests/auth/simple-login.spec.ts" time="1.355">
<system-out>
<![CDATA[✅ Inbox access successful!
]]>
</system-out>
</testcase>
</testsuite>
<testsuite name="tests/comprehensive-feature-test.spec.ts" timestamp="2025-08-01T21:57:58.484Z" hostname="chromium" tests="1" failures="0" skipped="1" time="2.032" errors="0">
<testcase name="Comprehensive Feature Testing › should test inbox functionality and conversation management" classname="tests/comprehensive-feature-test.spec.ts" time="2.032">
<skipped>
</skipped>
</testcase>
</testsuite>
<testsuite name="tests/inbox/ai-handover.spec.ts" timestamp="2025-08-01T21:57:58.484Z" hostname="chromium" tests="12" failures="0" skipped="12" time="0" errors="0">
<testcase name="Inbox AI Handover Features › should initiate AI handover from agent to AI" classname="tests/inbox/ai-handover.spec.ts" time="0">
<skipped>
</skipped>
</testcase>
<testcase name="Inbox AI Handover Features › should handle AI handover from AI to agent" classname="tests/inbox/ai-handover.spec.ts" time="0">
<skipped>
</skipped>
</testcase>
<testcase name="Inbox AI Handover Features › should show AI handover history and context" classname="tests/inbox/ai-handover.spec.ts" time="0">
<skipped>
</skipped>
</testcase>
<testcase name="Inbox AI Handover Features › should handle AI handover with conversation context" classname="tests/inbox/ai-handover.spec.ts" time="0">
<skipped>
</skipped>
</testcase>
<testcase name="Inbox AI Handover Features › should handle AI handover with file attachments" classname="tests/inbox/ai-handover.spec.ts" time="0">
<skipped>
</skipped>
</testcase>
<testcase name="Inbox AI Handover Features › should handle AI handover with conversation tags" classname="tests/inbox/ai-handover.spec.ts" time="0">
<skipped>
</skipped>
</testcase>
<testcase name="Inbox AI Handover Features › should handle AI handover with customer information" classname="tests/inbox/ai-handover.spec.ts" time="0">
<skipped>
</skipped>
</testcase>
<testcase name="Inbox AI Handover Features › should handle AI handover with conversation history" classname="tests/inbox/ai-handover.spec.ts" time="0">
<skipped>
</skipped>
</testcase>
<testcase name="Inbox AI Handover Features › should handle AI handover with conversation priority" classname="tests/inbox/ai-handover.spec.ts" time="0">
<skipped>
</skipped>
</testcase>
<testcase name="Inbox AI Handover Features › should handle AI handover with conversation status" classname="tests/inbox/ai-handover.spec.ts" time="0">
<skipped>
</skipped>
</testcase>
<testcase name="Inbox AI Handover Features › should handle AI handover with conversation assignment" classname="tests/inbox/ai-handover.spec.ts" time="0">
<skipped>
</skipped>
</testcase>
<testcase name="Inbox AI Handover Features › should handle AI handover with conversation metrics" classname="tests/inbox/ai-handover.spec.ts" time="0">
<skipped>
</skipped>
</testcase>
</testsuite>
<testsuite name="tests/inbox/bidirectional-communication.spec.ts" timestamp="2025-08-01T21:57:58.484Z" hostname="chromium" tests="5" failures="0" skipped="5" time="0" errors="0">
<testcase name="Inbox Bidirectional Communication › should display inbox page" classname="tests/inbox/bidirectional-communication.spec.ts" time="0">
<skipped>
</skipped>
</testcase>
<testcase name="Inbox Bidirectional Communication › should show inbox interface elements" classname="tests/inbox/bidirectional-communication.spec.ts" time="0">
<skipped>
</skipped>
</testcase>
<testcase name="Inbox Bidirectional Communication › should handle inbox navigation" classname="tests/inbox/bidirectional-communication.spec.ts" time="0">
<skipped>
</skipped>
</testcase>
<testcase name="Inbox Bidirectional Communication › should maintain session in inbox" classname="tests/inbox/bidirectional-communication.spec.ts" time="0">
<skipped>
</skipped>
</testcase>
<testcase name="Inbox Bidirectional Communication › should handle inbox page refresh" classname="tests/inbox/bidirectional-communication.spec.ts" time="0">
<skipped>
</skipped>
</testcase>
</testsuite>
<testsuite name="tests/inbox/inbox-features.spec.ts" timestamp="2025-08-01T21:57:58.484Z" hostname="chromium" tests="19" failures="0" skipped="19" time="0" errors="0">
<testcase name="Inbox Features and Functionalities › should display conversation list with proper information" classname="tests/inbox/inbox-features.spec.ts" time="0">
<skipped>
</skipped>
</testcase>
<testcase name="Inbox Features and Functionalities › should filter conversations by status" classname="tests/inbox/inbox-features.spec.ts" time="0">
<skipped>
</skipped>
</testcase>
<testcase name="Inbox Features and Functionalities › should search conversations" classname="tests/inbox/inbox-features.spec.ts" time="0">
<skipped>
</skipped>
</testcase>
<testcase name="Inbox Features and Functionalities › should sort conversations by different criteria" classname="tests/inbox/inbox-features.spec.ts" time="0">
<skipped>
</skipped>
</testcase>
<testcase name="Inbox Features and Functionalities › should handle conversation selection and navigation" classname="tests/inbox/inbox-features.spec.ts" time="0">
<skipped>
</skipped>
</testcase>
<testcase name="Inbox Features and Functionalities › should handle conversation assignment" classname="tests/inbox/inbox-features.spec.ts" time="0">
<skipped>
</skipped>
</testcase>
<testcase name="Inbox Features and Functionalities › should handle conversation priority changes" classname="tests/inbox/inbox-features.spec.ts" time="0">
<skipped>
</skipped>
</testcase>
<testcase name="Inbox Features and Functionalities › should handle conversation status changes" classname="tests/inbox/inbox-features.spec.ts" time="0">
<skipped>
</skipped>
</testcase>
<testcase name="Inbox Features and Functionalities › should handle conversation tags and labels" classname="tests/inbox/inbox-features.spec.ts" time="0">
<skipped>
</skipped>
</testcase>
<testcase name="Inbox Features and Functionalities › should handle customer information display" classname="tests/inbox/inbox-features.spec.ts" time="0">
<skipped>
</skipped>
</testcase>
<testcase name="Inbox Features and Functionalities › should handle conversation history and context" classname="tests/inbox/inbox-features.spec.ts" time="0">
<skipped>
</skipped>
</testcase>
<testcase name="Inbox Features and Functionalities › should handle conversation metrics and analytics" classname="tests/inbox/inbox-features.spec.ts" time="0">
<skipped>
</skipped>
</testcase>
<testcase name="Inbox Features and Functionalities › should handle conversation notes and internal comments" classname="tests/inbox/inbox-features.spec.ts" time="0">
<skipped>
</skipped>
</testcase>
<testcase name="Inbox Features and Functionalities › should handle conversation templates and canned responses" classname="tests/inbox/inbox-features.spec.ts" time="0">
<skipped>
</skipped>
</testcase>
<testcase name="Inbox Features and Functionalities › should handle conversation export and sharing" classname="tests/inbox/inbox-features.spec.ts" time="0">
<skipped>
</skipped>
</testcase>
<testcase name="Inbox Features and Functionalities › should handle conversation bulk actions" classname="tests/inbox/inbox-features.spec.ts" time="0">
<skipped>
</skipped>
</testcase>
<testcase name="Inbox Features and Functionalities › should handle conversation keyboard shortcuts" classname="tests/inbox/inbox-features.spec.ts" time="0">
<skipped>
</skipped>
</testcase>
<testcase name="Inbox Features and Functionalities › should handle conversation accessibility features" classname="tests/inbox/inbox-features.spec.ts" time="0">
<skipped>
</skipped>
</testcase>
<testcase name="Inbox Features and Functionalities › should handle conversation performance and loading states" classname="tests/inbox/inbox-features.spec.ts" time="0">
<skipped>
</skipped>
</testcase>
</testsuite>
<testsuite name="tests/inbox/realtime-features.spec.ts" timestamp="2025-08-01T21:57:58.484Z" hostname="chromium" tests="5" failures="0" skipped="5" time="0" errors="0">
<testcase name="Inbox Real-time Features › should load inbox page with real-time capabilities" classname="tests/inbox/realtime-features.spec.ts" time="0">
<skipped>
</skipped>
</testcase>
<testcase name="Inbox Real-time Features › should maintain real-time connection state" classname="tests/inbox/realtime-features.spec.ts" time="0">
<skipped>
</skipped>
</testcase>
<testcase name="Inbox Real-time Features › should handle page navigation with real-time" classname="tests/inbox/realtime-features.spec.ts" time="0">
<skipped>
</skipped>
</testcase>
<testcase name="Inbox Real-time Features › should handle page refresh with real-time" classname="tests/inbox/realtime-features.spec.ts" time="0">
<skipped>
</skipped>
</testcase>
<testcase name="Inbox Real-time Features › should maintain session across real-time operations" classname="tests/inbox/realtime-features.spec.ts" time="0">
<skipped>
</skipped>
</testcase>
</testsuite>
<testsuite name="tests/widget-dashboard-sync.spec.ts" timestamp="2025-08-01T21:57:58.484Z" hostname="chromium" tests="1" failures="0" skipped="1" time="0" errors="0">
<testcase name="Widget-Dashboard Message Synchronization › should sync messages from widget to dashboard inbox" classname="tests/widget-dashboard-sync.spec.ts" time="0">
<skipped>
</skipped>
</testcase>
</testsuite>
</testsuites>