<testsuites id="" name="" tests="42" failures="7" skipped="35" errors="0" time="87.91739299999999">
<testsuite name="conversation-list.spec.ts" timestamp="2025-08-03T20:48:58.520Z" hostname="chromium" tests="6" failures="6" skipped="0" time="278.525" errors="0">
<testcase name="Conversation List Responsive Behavior › conversation list fills parent width at different breakpoints" classname="conversation-list.spec.ts" time="46.486">
<failure message="conversation-list.spec.ts:11:7 conversation list fills parent width at different breakpoints" type="FAILURE">
<![CDATA[  [chromium] › conversation-list.spec.ts:11:7 › Conversation List Responsive Behavior › conversation list fills parent width at different breakpoints 

    TimeoutError: page.goto: Timeout 30000ms exceeded.
    Call log:
      - navigating to "http://localhost:3001/dashboard/inbox", waiting until "load"


      4 |   test.beforeEach(async ({ page }) => {
      5 |     // Navigate to the inbox dashboard
    > 6 |     await page.goto('/dashboard/inbox');
        |                ^
      7 |     // Wait for the conversation list to load
      8 |     await page.waitForSelector('[data-testid="conversation-list-container"]');
      9 |   });
        at /Users/lukatenbosch/Downloads/campfire-v2/tests/e2e/conversation-list.spec.ts:6:16
]]>
</failure>
</testcase>
<testcase name="Conversation List Responsive Behavior › no horizontal scrollbar at any breakpoint" classname="conversation-list.spec.ts" time="46.496">
<failure message="conversation-list.spec.ts:41:7 no horizontal scrollbar at any breakpoint" type="FAILURE">
<![CDATA[  [chromium] › conversation-list.spec.ts:41:7 › Conversation List Responsive Behavior › no horizontal scrollbar at any breakpoint 

    TimeoutError: page.goto: Timeout 30000ms exceeded.
    Call log:
      - navigating to "http://localhost:3001/dashboard/inbox", waiting until "load"


      4 |   test.beforeEach(async ({ page }) => {
      5 |     // Navigate to the inbox dashboard
    > 6 |     await page.goto('/dashboard/inbox');
        |                ^
      7 |     // Wait for the conversation list to load
      8 |     await page.waitForSelector('[data-testid="conversation-list-container"]');
      9 |   });
        at /Users/lukatenbosch/Downloads/campfire-v2/tests/e2e/conversation-list.spec.ts:6:16
]]>
</failure>
</testcase>
<testcase name="Conversation List Responsive Behavior › conversation items maintain 56px height" classname="conversation-list.spec.ts" time="46.525">
<failure message="conversation-list.spec.ts:66:7 conversation items maintain 56px height" type="FAILURE">
<![CDATA[  [chromium] › conversation-list.spec.ts:66:7 › Conversation List Responsive Behavior › conversation items maintain 56px height 

    TimeoutError: page.goto: Timeout 30000ms exceeded.
    Call log:
      - navigating to "http://localhost:3001/dashboard/inbox", waiting until "load"


      4 |   test.beforeEach(async ({ page }) => {
      5 |     // Navigate to the inbox dashboard
    > 6 |     await page.goto('/dashboard/inbox');
        |                ^
      7 |     // Wait for the conversation list to load
      8 |     await page.waitForSelector('[data-testid="conversation-list-container"]');
      9 |   });
        at /Users/lukatenbosch/Downloads/campfire-v2/tests/e2e/conversation-list.spec.ts:6:16

    Error Context: ../../test-results/conversation-list-Conversa-b2e8a--items-maintain-56px-height-chromium/error-context.md
]]>
</failure>
<system-out>
<![CDATA[
[[ATTACHMENT|conversation-list-Conversa-b2e8a--items-maintain-56px-height-chromium/error-context.md]]
]]>
</system-out>
</testcase>
<testcase name="Conversation List Responsive Behavior › text truncation works properly" classname="conversation-list.spec.ts" time="46.964">
<failure message="conversation-list.spec.ts:89:7 text truncation works properly" type="FAILURE">
<![CDATA[  [chromium] › conversation-list.spec.ts:89:7 › Conversation List Responsive Behavior › text truncation works properly 

    TimeoutError: page.goto: Timeout 30000ms exceeded.
    Call log:
      - navigating to "http://localhost:3001/dashboard/inbox", waiting until "load"


      4 |   test.beforeEach(async ({ page }) => {
      5 |     // Navigate to the inbox dashboard
    > 6 |     await page.goto('/dashboard/inbox');
        |                ^
      7 |     // Wait for the conversation list to load
      8 |     await page.waitForSelector('[data-testid="conversation-list-container"]');
      9 |   });
        at /Users/lukatenbosch/Downloads/campfire-v2/tests/e2e/conversation-list.spec.ts:6:16
]]>
</failure>
</testcase>
<testcase name="Conversation List Responsive Behavior › vertical scrolling works within conversation list" classname="conversation-list.spec.ts" time="45.433">
<failure message="conversation-list.spec.ts:121:7 vertical scrolling works within conversation list" type="FAILURE">
<![CDATA[  [chromium] › conversation-list.spec.ts:121:7 › Conversation List Responsive Behavior › vertical scrolling works within conversation list 

    TimeoutError: page.goto: Timeout 30000ms exceeded.
    Call log:
      - navigating to "http://localhost:3001/dashboard/inbox", waiting until "load"


      4 |   test.beforeEach(async ({ page }) => {
      5 |     // Navigate to the inbox dashboard
    > 6 |     await page.goto('/dashboard/inbox');
        |                ^
      7 |     // Wait for the conversation list to load
      8 |     await page.waitForSelector('[data-testid="conversation-list-container"]');
      9 |   });
        at /Users/lukatenbosch/Downloads/campfire-v2/tests/e2e/conversation-list.spec.ts:6:16

    attachment #1: screenshot (image/png) ──────────────────────────────────────────────────────────
    ../../test-results/conversation-list-Conversa-bdd9c-ks-within-conversation-list-chromium/test-failed-1.png
    ────────────────────────────────────────────────────────────────────────────────────────────────

    Error Context: ../../test-results/conversation-list-Conversa-bdd9c-ks-within-conversation-list-chromium/error-context.md
]]>
</failure>
<system-out>
<![CDATA[
[[ATTACHMENT|conversation-list-Conversa-bdd9c-ks-within-conversation-list-chromium/test-failed-1.png]]

[[ATTACHMENT|conversation-list-Conversa-bdd9c-ks-within-conversation-list-chromium/error-context.md]]
]]>
</system-out>
</testcase>
<testcase name="Conversation List Responsive Behavior › blank area on right is minimal" classname="conversation-list.spec.ts" time="46.621">
<failure message="conversation-list.spec.ts:149:7 blank area on right is minimal" type="FAILURE">
<![CDATA[  [chromium] › conversation-list.spec.ts:149:7 › Conversation List Responsive Behavior › blank area on right is minimal 

    TimeoutError: page.goto: Timeout 30000ms exceeded.
    Call log:
      - navigating to "http://localhost:3001/dashboard/inbox", waiting until "load"


      4 |   test.beforeEach(async ({ page }) => {
      5 |     // Navigate to the inbox dashboard
    > 6 |     await page.goto('/dashboard/inbox');
        |                ^
      7 |     // Wait for the conversation list to load
      8 |     await page.waitForSelector('[data-testid="conversation-list-container"]');
      9 |   });
        at /Users/lukatenbosch/Downloads/campfire-v2/tests/e2e/conversation-list.spec.ts:6:16
]]>
</failure>
</testcase>
</testsuite>
<testsuite name="conversation-list.spec.ts" timestamp="2025-08-03T20:48:58.520Z" hostname="firefox" tests="6" failures="1" skipped="5" time="47.56" errors="0">
<testcase name="Conversation List Responsive Behavior › conversation list fills parent width at different breakpoints" classname="conversation-list.spec.ts" time="47.56">
<failure message="conversation-list.spec.ts:11:7 conversation list fills parent width at different breakpoints" type="FAILURE">
<![CDATA[  [firefox] › conversation-list.spec.ts:11:7 › Conversation List Responsive Behavior › conversation list fills parent width at different breakpoints 

    TimeoutError: page.goto: Timeout 30000ms exceeded.
    Call log:
      - navigating to "http://localhost:3001/dashboard/inbox", waiting until "load"


      4 |   test.beforeEach(async ({ page }) => {
      5 |     // Navigate to the inbox dashboard
    > 6 |     await page.goto('/dashboard/inbox');
        |                ^
      7 |     // Wait for the conversation list to load
      8 |     await page.waitForSelector('[data-testid="conversation-list-container"]');
      9 |   });
        at /Users/lukatenbosch/Downloads/campfire-v2/tests/e2e/conversation-list.spec.ts:6:16

    attachment #1: screenshot (image/png) ──────────────────────────────────────────────────────────
    ../../test-results/conversation-list-Conversa-cbeb1-th-at-different-breakpoints-firefox/test-failed-1.png
    ────────────────────────────────────────────────────────────────────────────────────────────────
]]>
</failure>
<system-out>
<![CDATA[
[[ATTACHMENT|conversation-list-Conversa-cbeb1-th-at-different-breakpoints-firefox/test-failed-1.png]]
]]>
</system-out>
</testcase>
<testcase name="Conversation List Responsive Behavior › no horizontal scrollbar at any breakpoint" classname="conversation-list.spec.ts" time="0">
<skipped>
</skipped>
</testcase>
<testcase name="Conversation List Responsive Behavior › conversation items maintain 56px height" classname="conversation-list.spec.ts" time="0">
<skipped>
</skipped>
</testcase>
<testcase name="Conversation List Responsive Behavior › text truncation works properly" classname="conversation-list.spec.ts" time="0">
<skipped>
</skipped>
</testcase>
<testcase name="Conversation List Responsive Behavior › vertical scrolling works within conversation list" classname="conversation-list.spec.ts" time="0">
<skipped>
</skipped>
</testcase>
<testcase name="Conversation List Responsive Behavior › blank area on right is minimal" classname="conversation-list.spec.ts" time="0">
<skipped>
</skipped>
</testcase>
</testsuite>
<testsuite name="conversation-list.spec.ts" timestamp="2025-08-03T20:48:58.520Z" hostname="webkit" tests="6" failures="0" skipped="6" time="0" errors="0">
<testcase name="Conversation List Responsive Behavior › conversation list fills parent width at different breakpoints" classname="conversation-list.spec.ts" time="0">
<skipped>
</skipped>
</testcase>
<testcase name="Conversation List Responsive Behavior › no horizontal scrollbar at any breakpoint" classname="conversation-list.spec.ts" time="0">
<skipped>
</skipped>
</testcase>
<testcase name="Conversation List Responsive Behavior › conversation items maintain 56px height" classname="conversation-list.spec.ts" time="0">
<skipped>
</skipped>
</testcase>
<testcase name="Conversation List Responsive Behavior › text truncation works properly" classname="conversation-list.spec.ts" time="0">
<skipped>
</skipped>
</testcase>
<testcase name="Conversation List Responsive Behavior › vertical scrolling works within conversation list" classname="conversation-list.spec.ts" time="0">
<skipped>
</skipped>
</testcase>
<testcase name="Conversation List Responsive Behavior › blank area on right is minimal" classname="conversation-list.spec.ts" time="0">
<skipped>
</skipped>
</testcase>
</testsuite>
<testsuite name="conversation-list.spec.ts" timestamp="2025-08-03T20:48:58.520Z" hostname="Mobile Chrome" tests="6" failures="0" skipped="6" time="0" errors="0">
<testcase name="Conversation List Responsive Behavior › conversation list fills parent width at different breakpoints" classname="conversation-list.spec.ts" time="0">
<skipped>
</skipped>
</testcase>
<testcase name="Conversation List Responsive Behavior › no horizontal scrollbar at any breakpoint" classname="conversation-list.spec.ts" time="0">
<skipped>
</skipped>
</testcase>
<testcase name="Conversation List Responsive Behavior › conversation items maintain 56px height" classname="conversation-list.spec.ts" time="0">
<skipped>
</skipped>
</testcase>
<testcase name="Conversation List Responsive Behavior › text truncation works properly" classname="conversation-list.spec.ts" time="0">
<skipped>
</skipped>
</testcase>
<testcase name="Conversation List Responsive Behavior › vertical scrolling works within conversation list" classname="conversation-list.spec.ts" time="0">
<skipped>
</skipped>
</testcase>
<testcase name="Conversation List Responsive Behavior › blank area on right is minimal" classname="conversation-list.spec.ts" time="0">
<skipped>
</skipped>
</testcase>
</testsuite>
<testsuite name="conversation-list.spec.ts" timestamp="2025-08-03T20:48:58.520Z" hostname="Mobile Safari" tests="6" failures="0" skipped="6" time="0" errors="0">
<testcase name="Conversation List Responsive Behavior › conversation list fills parent width at different breakpoints" classname="conversation-list.spec.ts" time="0">
<skipped>
</skipped>
</testcase>
<testcase name="Conversation List Responsive Behavior › no horizontal scrollbar at any breakpoint" classname="conversation-list.spec.ts" time="0">
<skipped>
</skipped>
</testcase>
<testcase name="Conversation List Responsive Behavior › conversation items maintain 56px height" classname="conversation-list.spec.ts" time="0">
<skipped>
</skipped>
</testcase>
<testcase name="Conversation List Responsive Behavior › text truncation works properly" classname="conversation-list.spec.ts" time="0">
<skipped>
</skipped>
</testcase>
<testcase name="Conversation List Responsive Behavior › vertical scrolling works within conversation list" classname="conversation-list.spec.ts" time="0">
<skipped>
</skipped>
</testcase>
<testcase name="Conversation List Responsive Behavior › blank area on right is minimal" classname="conversation-list.spec.ts" time="0">
<skipped>
</skipped>
</testcase>
</testsuite>
<testsuite name="conversation-list.spec.ts" timestamp="2025-08-03T20:48:58.520Z" hostname="Microsoft Edge" tests="6" failures="0" skipped="6" time="0" errors="0">
<testcase name="Conversation List Responsive Behavior › conversation list fills parent width at different breakpoints" classname="conversation-list.spec.ts" time="0">
<skipped>
</skipped>
</testcase>
<testcase name="Conversation List Responsive Behavior › no horizontal scrollbar at any breakpoint" classname="conversation-list.spec.ts" time="0">
<skipped>
</skipped>
</testcase>
<testcase name="Conversation List Responsive Behavior › conversation items maintain 56px height" classname="conversation-list.spec.ts" time="0">
<skipped>
</skipped>
</testcase>
<testcase name="Conversation List Responsive Behavior › text truncation works properly" classname="conversation-list.spec.ts" time="0">
<skipped>
</skipped>
</testcase>
<testcase name="Conversation List Responsive Behavior › vertical scrolling works within conversation list" classname="conversation-list.spec.ts" time="0">
<skipped>
</skipped>
</testcase>
<testcase name="Conversation List Responsive Behavior › blank area on right is minimal" classname="conversation-list.spec.ts" time="0">
<skipped>
</skipped>
</testcase>
</testsuite>
<testsuite name="conversation-list.spec.ts" timestamp="2025-08-03T20:48:58.520Z" hostname="Google Chrome" tests="6" failures="0" skipped="6" time="0" errors="0">
<testcase name="Conversation List Responsive Behavior › conversation list fills parent width at different breakpoints" classname="conversation-list.spec.ts" time="0">
<skipped>
</skipped>
</testcase>
<testcase name="Conversation List Responsive Behavior › no horizontal scrollbar at any breakpoint" classname="conversation-list.spec.ts" time="0">
<skipped>
</skipped>
</testcase>
<testcase name="Conversation List Responsive Behavior › conversation items maintain 56px height" classname="conversation-list.spec.ts" time="0">
<skipped>
</skipped>
</testcase>
<testcase name="Conversation List Responsive Behavior › text truncation works properly" classname="conversation-list.spec.ts" time="0">
<skipped>
</skipped>
</testcase>
<testcase name="Conversation List Responsive Behavior › vertical scrolling works within conversation list" classname="conversation-list.spec.ts" time="0">
<skipped>
</skipped>
</testcase>
<testcase name="Conversation List Responsive Behavior › blank area on right is minimal" classname="conversation-list.spec.ts" time="0">
<skipped>
</skipped>
</testcase>
</testsuite>
</testsuites>