<testsuites id="" name="" tests="35" failures="35" skipped="0" errors="0" time="48.87915">
<testsuite name="simple-conversation-continuity.spec.ts" timestamp="2025-08-03T16:30:07.955Z" hostname="chromium" tests="5" failures="5" skipped="0" time="22.685" errors="0">
<testcase name="Simple Conversation Continuity › should create visitor ID and persist it across sessions" classname="simple-conversation-continuity.spec.ts" time="0.184">
<failure message="simple-conversation-continuity.spec.ts:77:7 should create visitor ID and persist it across sessions" type="FAILURE">
<![CDATA[  [chromium] › simple-conversation-continuity.spec.ts:77:7 › Simple Conversation Continuity › should create visitor ID and persist it across sessions 

    Error: page.evaluate: SecurityError: Failed to read the 'localStorage' property from 'Window': Access is denied for this document.
        at UtilityScript.evaluate (<anonymous>:293:16)
        at UtilityScript.<anonymous> (<anonymous>:1:44)
        at UtilityScript.evaluate (<anonymous>:293:16)
        at UtilityScript.<anonymous> (<anonymous>:1:44)
        at clearVisitorIdFromLocalStorage (/Users/lukatenbosch/Downloads/campfire-v2/tests/e2e/simple-conversation-continuity.spec.ts:53:14)
        at /Users/lukatenbosch/Downloads/campfire-v2/tests/e2e/simple-conversation-continuity.spec.ts:82:11

    attachment #1: screenshot (image/png) ──────────────────────────────────────────────────────────
    ../../test-results/simple-conversation-contin-76443--persist-it-across-sessions-chromium/test-failed-1.png
    ────────────────────────────────────────────────────────────────────────────────────────────────

    attachment #2: screenshot (image/png) ──────────────────────────────────────────────────────────
    ../../test-results/simple-conversation-contin-76443--persist-it-across-sessions-chromium/test-failed-2.png
    ────────────────────────────────────────────────────────────────────────────────────────────────
]]>
</failure>
<system-out>
<![CDATA[
🎯 TEST 1: Visitor ID Persistence
=================================

[[ATTACHMENT|simple-conversation-contin-76443--persist-it-across-sessions-chromium/test-failed-1.png]]

[[ATTACHMENT|simple-conversation-contin-76443--persist-it-across-sessions-chromium/test-failed-2.png]]
]]>
</system-out>
</testcase>
<testcase name="Simple Conversation Continuity › should reuse existing conversation for returning visitor" classname="simple-conversation-continuity.spec.ts" time="0.145">
<failure message="simple-conversation-continuity.spec.ts:106:7 should reuse existing conversation for returning visitor" type="FAILURE">
<![CDATA[  [chromium] › simple-conversation-continuity.spec.ts:106:7 › Simple Conversation Continuity › should reuse existing conversation for returning visitor 

    Error: page.evaluate: SecurityError: Failed to read the 'localStorage' property from 'Window': Access is denied for this document.
        at UtilityScript.evaluate (<anonymous>:293:16)
        at UtilityScript.<anonymous> (<anonymous>:1:44)
        at UtilityScript.evaluate (<anonymous>:293:16)
        at UtilityScript.<anonymous> (<anonymous>:1:44)
        at clearVisitorIdFromLocalStorage (/Users/lukatenbosch/Downloads/campfire-v2/tests/e2e/simple-conversation-continuity.spec.ts:53:14)
        at /Users/lukatenbosch/Downloads/campfire-v2/tests/e2e/simple-conversation-continuity.spec.ts:111:11

    attachment #1: screenshot (image/png) ──────────────────────────────────────────────────────────
    ../../test-results/simple-conversation-contin-d3776-ation-for-returning-visitor-chromium/test-failed-1.png
    ────────────────────────────────────────────────────────────────────────────────────────────────

    attachment #2: screenshot (image/png) ──────────────────────────────────────────────────────────
    ../../test-results/simple-conversation-contin-d3776-ation-for-returning-visitor-chromium/test-failed-2.png
    ────────────────────────────────────────────────────────────────────────────────────────────────
]]>
</failure>
<system-out>
<![CDATA[
🎯 TEST 2: Conversation Continuity
==================================

[[ATTACHMENT|simple-conversation-contin-d3776-ation-for-returning-visitor-chromium/test-failed-1.png]]

[[ATTACHMENT|simple-conversation-contin-d3776-ation-for-returning-visitor-chromium/test-failed-2.png]]
]]>
</system-out>
</testcase>
<testcase name="Simple Conversation Continuity › should create new conversation for different visitor" classname="simple-conversation-continuity.spec.ts" time="0.095">
<failure message="simple-conversation-continuity.spec.ts:148:7 should create new conversation for different visitor" type="FAILURE">
<![CDATA[  [chromium] › simple-conversation-continuity.spec.ts:148:7 › Simple Conversation Continuity › should create new conversation for different visitor 

    Error: page.evaluate: SecurityError: Failed to read the 'localStorage' property from 'Window': Access is denied for this document.
        at UtilityScript.evaluate (<anonymous>:293:16)
        at UtilityScript.<anonymous> (<anonymous>:1:44)
        at UtilityScript.evaluate (<anonymous>:293:16)
        at UtilityScript.<anonymous> (<anonymous>:1:44)
        at clearVisitorIdFromLocalStorage (/Users/lukatenbosch/Downloads/campfire-v2/tests/e2e/simple-conversation-continuity.spec.ts:53:14)
        at /Users/lukatenbosch/Downloads/campfire-v2/tests/e2e/simple-conversation-continuity.spec.ts:153:11

    attachment #1: screenshot (image/png) ──────────────────────────────────────────────────────────
    ../../test-results/simple-conversation-contin-a344c-ation-for-different-visitor-chromium/test-failed-1.png
    ────────────────────────────────────────────────────────────────────────────────────────────────

    attachment #2: screenshot (image/png) ──────────────────────────────────────────────────────────
    ../../test-results/simple-conversation-contin-a344c-ation-for-different-visitor-chromium/test-failed-2.png
    ────────────────────────────────────────────────────────────────────────────────────────────────
]]>
</failure>
<system-out>
<![CDATA[
🎯 TEST 3: New Visitor Gets New Conversation
============================================

[[ATTACHMENT|simple-conversation-contin-a344c-ation-for-different-visitor-chromium/test-failed-1.png]]

[[ATTACHMENT|simple-conversation-contin-a344c-ation-for-different-visitor-chromium/test-failed-2.png]]
]]>
</system-out>
</testcase>
<testcase name="Simple Conversation Continuity › should verify conversation count in database" classname="simple-conversation-continuity.spec.ts" time="22.109">
<failure message="simple-conversation-continuity.spec.ts:182:7 should verify conversation count in database" type="FAILURE">
<![CDATA[  [chromium] › simple-conversation-continuity.spec.ts:182:7 › Simple Conversation Continuity › should verify conversation count in database 

    Error: expect(received).toBeGreaterThan(expected)

    Expected: > 0
    Received:   0

      201 |     // Based on our tests, we should have 2-3 conversations max
      202 |     expect(conversationCount).toBeLessThan(10);
    > 203 |     expect(conversationCount).toBeGreaterThan(0);
          |                               ^
      204 |
      205 |     console.log('✅ SUCCESS: Reasonable conversation count in database');
      206 |   });
        at /Users/lukatenbosch/Downloads/campfire-v2/tests/e2e/simple-conversation-continuity.spec.ts:203:31

    attachment #1: screenshot (image/png) ──────────────────────────────────────────────────────────
    ../../test-results/simple-conversation-contin-f97c3-versation-count-in-database-chromium/test-failed-2.png
    ────────────────────────────────────────────────────────────────────────────────────────────────

    attachment #2: screenshot (image/png) ──────────────────────────────────────────────────────────
    ../../test-results/simple-conversation-contin-f97c3-versation-count-in-database-chromium/test-failed-1.png
    ────────────────────────────────────────────────────────────────────────────────────────────────

    Error Context: ../../test-results/simple-conversation-contin-f97c3-versation-count-in-database-chromium/error-context.md
]]>
</failure>
<system-out>
<![CDATA[
🎯 TEST 4: Database Verification
================================
🔐 Agent logging in...
✅ Agent logged in successfully
Conversations in dashboard: 0

[[ATTACHMENT|simple-conversation-contin-f97c3-versation-count-in-database-chromium/test-failed-2.png]]

[[ATTACHMENT|simple-conversation-contin-f97c3-versation-count-in-database-chromium/test-failed-1.png]]

[[ATTACHMENT|simple-conversation-contin-f97c3-versation-count-in-database-chromium/error-context.md]]
]]>
</system-out>
</testcase>
<testcase name="Simple Conversation Continuity › should verify visitor ID format and uniqueness" classname="simple-conversation-continuity.spec.ts" time="0.152">
<failure message="simple-conversation-continuity.spec.ts:208:7 should verify visitor ID format and uniqueness" type="FAILURE">
<![CDATA[  [chromium] › simple-conversation-continuity.spec.ts:208:7 › Simple Conversation Continuity › should verify visitor ID format and uniqueness 

    Error: page.evaluate: SecurityError: Failed to read the 'localStorage' property from 'Window': Access is denied for this document.
        at UtilityScript.evaluate (<anonymous>:293:16)
        at UtilityScript.<anonymous> (<anonymous>:1:44)
        at UtilityScript.evaluate (<anonymous>:293:16)
        at UtilityScript.<anonymous> (<anonymous>:1:44)
        at clearVisitorIdFromLocalStorage (/Users/lukatenbosch/Downloads/campfire-v2/tests/e2e/simple-conversation-continuity.spec.ts:53:14)
        at /Users/lukatenbosch/Downloads/campfire-v2/tests/e2e/simple-conversation-continuity.spec.ts:216:13

    attachment #1: screenshot (image/png) ──────────────────────────────────────────────────────────
    ../../test-results/simple-conversation-contin-0de60-or-ID-format-and-uniqueness-chromium/test-failed-1.png
    ────────────────────────────────────────────────────────────────────────────────────────────────

    attachment #2: screenshot (image/png) ──────────────────────────────────────────────────────────
    ../../test-results/simple-conversation-contin-0de60-or-ID-format-and-uniqueness-chromium/test-failed-2.png
    ────────────────────────────────────────────────────────────────────────────────────────────────
]]>
</failure>
<system-out>
<![CDATA[
🎯 TEST 5: Visitor ID Format Verification
=========================================

[[ATTACHMENT|simple-conversation-contin-0de60-or-ID-format-and-uniqueness-chromium/test-failed-1.png]]

[[ATTACHMENT|simple-conversation-contin-0de60-or-ID-format-and-uniqueness-chromium/test-failed-2.png]]
]]>
</system-out>
</testcase>
</testsuite>
<testsuite name="simple-conversation-continuity.spec.ts" timestamp="2025-08-03T16:30:07.955Z" hostname="firefox" tests="5" failures="5" skipped="0" time="14.251" errors="0">
<testcase name="Simple Conversation Continuity › should create visitor ID and persist it across sessions" classname="simple-conversation-continuity.spec.ts" time="0.458">
<failure message="simple-conversation-continuity.spec.ts:77:7 should create visitor ID and persist it across sessions" type="FAILURE">
<![CDATA[  [firefox] › simple-conversation-continuity.spec.ts:77:7 › Simple Conversation Continuity › should create visitor ID and persist it across sessions 

    Error: page.evaluate: The operation is insecure.
    @debugger eval code line 291 > eval:2:5
    evaluate@debugger eval code:293:16
    @debugger eval code:1:44

        at @debugger eval code line 291 > eval:2:5
        at evaluate@debugger eval code:293:16
        at @debugger eval code:1:44
        at clearVisitorIdFromLocalStorage (/Users/lukatenbosch/Downloads/campfire-v2/tests/e2e/simple-conversation-continuity.spec.ts:53:14)
        at /Users/lukatenbosch/Downloads/campfire-v2/tests/e2e/simple-conversation-continuity.spec.ts:82:11

    attachment #1: screenshot (image/png) ──────────────────────────────────────────────────────────
    ../../test-results/simple-conversation-contin-76443--persist-it-across-sessions-firefox/test-failed-1.png
    ────────────────────────────────────────────────────────────────────────────────────────────────

    attachment #2: screenshot (image/png) ──────────────────────────────────────────────────────────
    ../../test-results/simple-conversation-contin-76443--persist-it-across-sessions-firefox/test-failed-2.png
    ────────────────────────────────────────────────────────────────────────────────────────────────
]]>
</failure>
<system-out>
<![CDATA[
🎯 TEST 1: Visitor ID Persistence
=================================

[[ATTACHMENT|simple-conversation-contin-76443--persist-it-across-sessions-firefox/test-failed-1.png]]

[[ATTACHMENT|simple-conversation-contin-76443--persist-it-across-sessions-firefox/test-failed-2.png]]
]]>
</system-out>
</testcase>
<testcase name="Simple Conversation Continuity › should reuse existing conversation for returning visitor" classname="simple-conversation-continuity.spec.ts" time="0.369">
<failure message="simple-conversation-continuity.spec.ts:106:7 should reuse existing conversation for returning visitor" type="FAILURE">
<![CDATA[  [firefox] › simple-conversation-continuity.spec.ts:106:7 › Simple Conversation Continuity › should reuse existing conversation for returning visitor 

    Error: page.evaluate: The operation is insecure.
    @debugger eval code line 291 > eval:2:5
    evaluate@debugger eval code:293:16
    @debugger eval code:1:44

        at @debugger eval code line 291 > eval:2:5
        at evaluate@debugger eval code:293:16
        at @debugger eval code:1:44
        at clearVisitorIdFromLocalStorage (/Users/lukatenbosch/Downloads/campfire-v2/tests/e2e/simple-conversation-continuity.spec.ts:53:14)
        at /Users/lukatenbosch/Downloads/campfire-v2/tests/e2e/simple-conversation-continuity.spec.ts:111:11

    attachment #1: screenshot (image/png) ──────────────────────────────────────────────────────────
    ../../test-results/simple-conversation-contin-d3776-ation-for-returning-visitor-firefox/test-failed-1.png
    ────────────────────────────────────────────────────────────────────────────────────────────────

    attachment #2: screenshot (image/png) ──────────────────────────────────────────────────────────
    ../../test-results/simple-conversation-contin-d3776-ation-for-returning-visitor-firefox/test-failed-2.png
    ────────────────────────────────────────────────────────────────────────────────────────────────
]]>
</failure>
<system-out>
<![CDATA[
🎯 TEST 2: Conversation Continuity
==================================

[[ATTACHMENT|simple-conversation-contin-d3776-ation-for-returning-visitor-firefox/test-failed-1.png]]

[[ATTACHMENT|simple-conversation-contin-d3776-ation-for-returning-visitor-firefox/test-failed-2.png]]
]]>
</system-out>
</testcase>
<testcase name="Simple Conversation Continuity › should create new conversation for different visitor" classname="simple-conversation-continuity.spec.ts" time="0.34">
<failure message="simple-conversation-continuity.spec.ts:148:7 should create new conversation for different visitor" type="FAILURE">
<![CDATA[  [firefox] › simple-conversation-continuity.spec.ts:148:7 › Simple Conversation Continuity › should create new conversation for different visitor 

    Error: page.evaluate: The operation is insecure.
    @debugger eval code line 291 > eval:2:5
    evaluate@debugger eval code:293:16
    @debugger eval code:1:44

        at @debugger eval code line 291 > eval:2:5
        at evaluate@debugger eval code:293:16
        at @debugger eval code:1:44
        at clearVisitorIdFromLocalStorage (/Users/lukatenbosch/Downloads/campfire-v2/tests/e2e/simple-conversation-continuity.spec.ts:53:14)
        at /Users/lukatenbosch/Downloads/campfire-v2/tests/e2e/simple-conversation-continuity.spec.ts:153:11

    attachment #1: screenshot (image/png) ──────────────────────────────────────────────────────────
    ../../test-results/simple-conversation-contin-a344c-ation-for-different-visitor-firefox/test-failed-2.png
    ────────────────────────────────────────────────────────────────────────────────────────────────

    attachment #2: screenshot (image/png) ──────────────────────────────────────────────────────────
    ../../test-results/simple-conversation-contin-a344c-ation-for-different-visitor-firefox/test-failed-1.png
    ────────────────────────────────────────────────────────────────────────────────────────────────
]]>
</failure>
<system-out>
<![CDATA[
🎯 TEST 3: New Visitor Gets New Conversation
============================================

[[ATTACHMENT|simple-conversation-contin-a344c-ation-for-different-visitor-firefox/test-failed-2.png]]

[[ATTACHMENT|simple-conversation-contin-a344c-ation-for-different-visitor-firefox/test-failed-1.png]]
]]>
</system-out>
</testcase>
<testcase name="Simple Conversation Continuity › should verify conversation count in database" classname="simple-conversation-continuity.spec.ts" time="12.699">
<failure message="simple-conversation-continuity.spec.ts:182:7 should verify conversation count in database" type="FAILURE">
<![CDATA[  [firefox] › simple-conversation-continuity.spec.ts:182:7 › Simple Conversation Continuity › should verify conversation count in database 

    Error: page.goto: NS_BINDING_ABORTED; maybe frame was detached?
    Call log:
      - navigating to "http://localhost:3001/dashboard/inbox", waiting until "load"


      186 |     // Login as agent to check dashboard
      187 |     await loginAsAgent(agentPage);
    > 188 |     await agentPage.goto(`${TEST_CONFIG.baseURL}/dashboard/inbox`);
          |                     ^
      189 |     await agentPage.waitForLoadState('networkidle');
      190 |
      191 |     // Wait for conversations to load
        at /Users/lukatenbosch/Downloads/campfire-v2/tests/e2e/simple-conversation-continuity.spec.ts:188:21

    attachment #1: screenshot (image/png) ──────────────────────────────────────────────────────────
    ../../test-results/simple-conversation-contin-f97c3-versation-count-in-database-firefox/test-failed-1.png
    ────────────────────────────────────────────────────────────────────────────────────────────────

    attachment #2: screenshot (image/png) ──────────────────────────────────────────────────────────
    ../../test-results/simple-conversation-contin-f97c3-versation-count-in-database-firefox/test-failed-2.png
    ────────────────────────────────────────────────────────────────────────────────────────────────
]]>
</failure>
<system-out>
<![CDATA[
🎯 TEST 4: Database Verification
================================
🔐 Agent logging in...
✅ Agent logged in successfully

[[ATTACHMENT|simple-conversation-contin-f97c3-versation-count-in-database-firefox/test-failed-1.png]]

[[ATTACHMENT|simple-conversation-contin-f97c3-versation-count-in-database-firefox/test-failed-2.png]]
]]>
</system-out>
</testcase>
<testcase name="Simple Conversation Continuity › should verify visitor ID format and uniqueness" classname="simple-conversation-continuity.spec.ts" time="0.385">
<failure message="simple-conversation-continuity.spec.ts:208:7 should verify visitor ID format and uniqueness" type="FAILURE">
<![CDATA[  [firefox] › simple-conversation-continuity.spec.ts:208:7 › Simple Conversation Continuity › should verify visitor ID format and uniqueness 

    Error: page.evaluate: The operation is insecure.
    @debugger eval code line 291 > eval:2:5
    evaluate@debugger eval code:293:16
    @debugger eval code:1:44

        at @debugger eval code line 291 > eval:2:5
        at evaluate@debugger eval code:293:16
        at @debugger eval code:1:44
        at clearVisitorIdFromLocalStorage (/Users/lukatenbosch/Downloads/campfire-v2/tests/e2e/simple-conversation-continuity.spec.ts:53:14)
        at /Users/lukatenbosch/Downloads/campfire-v2/tests/e2e/simple-conversation-continuity.spec.ts:216:13

    attachment #1: screenshot (image/png) ──────────────────────────────────────────────────────────
    ../../test-results/simple-conversation-contin-0de60-or-ID-format-and-uniqueness-firefox/test-failed-2.png
    ────────────────────────────────────────────────────────────────────────────────────────────────

    attachment #2: screenshot (image/png) ──────────────────────────────────────────────────────────
    ../../test-results/simple-conversation-contin-0de60-or-ID-format-and-uniqueness-firefox/test-failed-1.png
    ────────────────────────────────────────────────────────────────────────────────────────────────
]]>
</failure>
<system-out>
<![CDATA[
🎯 TEST 5: Visitor ID Format Verification
=========================================

[[ATTACHMENT|simple-conversation-contin-0de60-or-ID-format-and-uniqueness-firefox/test-failed-2.png]]

[[ATTACHMENT|simple-conversation-contin-0de60-or-ID-format-and-uniqueness-firefox/test-failed-1.png]]
]]>
</system-out>
</testcase>
</testsuite>
<testsuite name="simple-conversation-continuity.spec.ts" timestamp="2025-08-03T16:30:07.955Z" hostname="webkit" tests="5" failures="5" skipped="0" time="11.436" errors="0">
<testcase name="Simple Conversation Continuity › should create visitor ID and persist it across sessions" classname="simple-conversation-continuity.spec.ts" time="0.175">
<failure message="simple-conversation-continuity.spec.ts:77:7 should create visitor ID and persist it across sessions" type="FAILURE">
<![CDATA[  [webkit] › simple-conversation-continuity.spec.ts:77:7 › Simple Conversation Continuity › should create visitor ID and persist it across sessions 

    Error: page.evaluate: SecurityError: The operation is insecure.

      51 |
      52 | async function clearVisitorIdFromLocalStorage(page: Page) {
    > 53 |   await page.evaluate((orgId) => {
         |              ^
      54 |     localStorage.removeItem(`campfire_visitor_${orgId}`);
      55 |   }, TEST_CONFIG.organizationId);
      56 | }
        at clearVisitorIdFromLocalStorage (/Users/lukatenbosch/Downloads/campfire-v2/tests/e2e/simple-conversation-continuity.spec.ts:53:14)
        at /Users/lukatenbosch/Downloads/campfire-v2/tests/e2e/simple-conversation-continuity.spec.ts:82:11

    attachment #1: screenshot (image/png) ──────────────────────────────────────────────────────────
    ../../test-results/simple-conversation-contin-76443--persist-it-across-sessions-webkit/test-failed-1.png
    ────────────────────────────────────────────────────────────────────────────────────────────────

    attachment #2: screenshot (image/png) ──────────────────────────────────────────────────────────
    ../../test-results/simple-conversation-contin-76443--persist-it-across-sessions-webkit/test-failed-2.png
    ────────────────────────────────────────────────────────────────────────────────────────────────
]]>
</failure>
<system-out>
<![CDATA[
🎯 TEST 1: Visitor ID Persistence
=================================

[[ATTACHMENT|simple-conversation-contin-76443--persist-it-across-sessions-webkit/test-failed-1.png]]

[[ATTACHMENT|simple-conversation-contin-76443--persist-it-across-sessions-webkit/test-failed-2.png]]
]]>
</system-out>
</testcase>
<testcase name="Simple Conversation Continuity › should reuse existing conversation for returning visitor" classname="simple-conversation-continuity.spec.ts" time="0.206">
<failure message="simple-conversation-continuity.spec.ts:106:7 should reuse existing conversation for returning visitor" type="FAILURE">
<![CDATA[  [webkit] › simple-conversation-continuity.spec.ts:106:7 › Simple Conversation Continuity › should reuse existing conversation for returning visitor 

    Error: page.evaluate: SecurityError: The operation is insecure.

      51 |
      52 | async function clearVisitorIdFromLocalStorage(page: Page) {
    > 53 |   await page.evaluate((orgId) => {
         |              ^
      54 |     localStorage.removeItem(`campfire_visitor_${orgId}`);
      55 |   }, TEST_CONFIG.organizationId);
      56 | }
        at clearVisitorIdFromLocalStorage (/Users/lukatenbosch/Downloads/campfire-v2/tests/e2e/simple-conversation-continuity.spec.ts:53:14)
        at /Users/lukatenbosch/Downloads/campfire-v2/tests/e2e/simple-conversation-continuity.spec.ts:111:11

    attachment #1: screenshot (image/png) ──────────────────────────────────────────────────────────
    ../../test-results/simple-conversation-contin-d3776-ation-for-returning-visitor-webkit/test-failed-2.png
    ────────────────────────────────────────────────────────────────────────────────────────────────

    attachment #2: screenshot (image/png) ──────────────────────────────────────────────────────────
    ../../test-results/simple-conversation-contin-d3776-ation-for-returning-visitor-webkit/test-failed-1.png
    ────────────────────────────────────────────────────────────────────────────────────────────────
]]>
</failure>
<system-out>
<![CDATA[
🎯 TEST 2: Conversation Continuity
==================================

[[ATTACHMENT|simple-conversation-contin-d3776-ation-for-returning-visitor-webkit/test-failed-2.png]]

[[ATTACHMENT|simple-conversation-contin-d3776-ation-for-returning-visitor-webkit/test-failed-1.png]]
]]>
</system-out>
</testcase>
<testcase name="Simple Conversation Continuity › should create new conversation for different visitor" classname="simple-conversation-continuity.spec.ts" time="0.146">
<failure message="simple-conversation-continuity.spec.ts:148:7 should create new conversation for different visitor" type="FAILURE">
<![CDATA[  [webkit] › simple-conversation-continuity.spec.ts:148:7 › Simple Conversation Continuity › should create new conversation for different visitor 

    Error: page.evaluate: SecurityError: The operation is insecure.

      51 |
      52 | async function clearVisitorIdFromLocalStorage(page: Page) {
    > 53 |   await page.evaluate((orgId) => {
         |              ^
      54 |     localStorage.removeItem(`campfire_visitor_${orgId}`);
      55 |   }, TEST_CONFIG.organizationId);
      56 | }
        at clearVisitorIdFromLocalStorage (/Users/lukatenbosch/Downloads/campfire-v2/tests/e2e/simple-conversation-continuity.spec.ts:53:14)
        at /Users/lukatenbosch/Downloads/campfire-v2/tests/e2e/simple-conversation-continuity.spec.ts:153:11

    attachment #1: screenshot (image/png) ──────────────────────────────────────────────────────────
    ../../test-results/simple-conversation-contin-a344c-ation-for-different-visitor-webkit/test-failed-2.png
    ────────────────────────────────────────────────────────────────────────────────────────────────

    attachment #2: screenshot (image/png) ──────────────────────────────────────────────────────────
    ../../test-results/simple-conversation-contin-a344c-ation-for-different-visitor-webkit/test-failed-1.png
    ────────────────────────────────────────────────────────────────────────────────────────────────
]]>
</failure>
<system-out>
<![CDATA[
🎯 TEST 3: New Visitor Gets New Conversation
============================================

[[ATTACHMENT|simple-conversation-contin-a344c-ation-for-different-visitor-webkit/test-failed-2.png]]

[[ATTACHMENT|simple-conversation-contin-a344c-ation-for-different-visitor-webkit/test-failed-1.png]]
]]>
</system-out>
</testcase>
<testcase name="Simple Conversation Continuity › should verify conversation count in database" classname="simple-conversation-continuity.spec.ts" time="10.692">
<failure message="simple-conversation-continuity.spec.ts:182:7 should verify conversation count in database" type="FAILURE">
<![CDATA[  [webkit] › simple-conversation-continuity.spec.ts:182:7 › Simple Conversation Continuity › should verify conversation count in database 

    Error: page.goto: Navigation to "http://localhost:3001/dashboard/inbox" is interrupted by another navigation to "http://localhost:3001/login"
    Call log:
      - navigating to "http://localhost:3001/dashboard/inbox", waiting until "load"


      186 |     // Login as agent to check dashboard
      187 |     await loginAsAgent(agentPage);
    > 188 |     await agentPage.goto(`${TEST_CONFIG.baseURL}/dashboard/inbox`);
          |                     ^
      189 |     await agentPage.waitForLoadState('networkidle');
      190 |
      191 |     // Wait for conversations to load
        at /Users/lukatenbosch/Downloads/campfire-v2/tests/e2e/simple-conversation-continuity.spec.ts:188:21

    attachment #1: screenshot (image/png) ──────────────────────────────────────────────────────────
    ../../test-results/simple-conversation-contin-f97c3-versation-count-in-database-webkit/test-failed-2.png
    ────────────────────────────────────────────────────────────────────────────────────────────────

    attachment #2: screenshot (image/png) ──────────────────────────────────────────────────────────
    ../../test-results/simple-conversation-contin-f97c3-versation-count-in-database-webkit/test-failed-1.png
    ────────────────────────────────────────────────────────────────────────────────────────────────

    Error Context: ../../test-results/simple-conversation-contin-f97c3-versation-count-in-database-webkit/error-context.md
]]>
</failure>
<system-out>
<![CDATA[
🎯 TEST 4: Database Verification
================================
🔐 Agent logging in...
✅ Agent logged in successfully

[[ATTACHMENT|simple-conversation-contin-f97c3-versation-count-in-database-webkit/test-failed-2.png]]

[[ATTACHMENT|simple-conversation-contin-f97c3-versation-count-in-database-webkit/test-failed-1.png]]

[[ATTACHMENT|simple-conversation-contin-f97c3-versation-count-in-database-webkit/error-context.md]]
]]>
</system-out>
</testcase>
<testcase name="Simple Conversation Continuity › should verify visitor ID format and uniqueness" classname="simple-conversation-continuity.spec.ts" time="0.217">
<failure message="simple-conversation-continuity.spec.ts:208:7 should verify visitor ID format and uniqueness" type="FAILURE">
<![CDATA[  [webkit] › simple-conversation-continuity.spec.ts:208:7 › Simple Conversation Continuity › should verify visitor ID format and uniqueness 

    Error: page.evaluate: SecurityError: The operation is insecure.

      51 |
      52 | async function clearVisitorIdFromLocalStorage(page: Page) {
    > 53 |   await page.evaluate((orgId) => {
         |              ^
      54 |     localStorage.removeItem(`campfire_visitor_${orgId}`);
      55 |   }, TEST_CONFIG.organizationId);
      56 | }
        at clearVisitorIdFromLocalStorage (/Users/lukatenbosch/Downloads/campfire-v2/tests/e2e/simple-conversation-continuity.spec.ts:53:14)
        at /Users/lukatenbosch/Downloads/campfire-v2/tests/e2e/simple-conversation-continuity.spec.ts:216:13

    attachment #1: screenshot (image/png) ──────────────────────────────────────────────────────────
    ../../test-results/simple-conversation-contin-0de60-or-ID-format-and-uniqueness-webkit/test-failed-1.png
    ────────────────────────────────────────────────────────────────────────────────────────────────

    attachment #2: screenshot (image/png) ──────────────────────────────────────────────────────────
    ../../test-results/simple-conversation-contin-0de60-or-ID-format-and-uniqueness-webkit/test-failed-2.png
    ────────────────────────────────────────────────────────────────────────────────────────────────
]]>
</failure>
<system-out>
<![CDATA[
🎯 TEST 5: Visitor ID Format Verification
=========================================

[[ATTACHMENT|simple-conversation-contin-0de60-or-ID-format-and-uniqueness-webkit/test-failed-1.png]]

[[ATTACHMENT|simple-conversation-contin-0de60-or-ID-format-and-uniqueness-webkit/test-failed-2.png]]
]]>
</system-out>
</testcase>
</testsuite>
<testsuite name="simple-conversation-continuity.spec.ts" timestamp="2025-08-03T16:30:07.955Z" hostname="Mobile Chrome" tests="5" failures="5" skipped="0" time="12.614" errors="0">
<testcase name="Simple Conversation Continuity › should create visitor ID and persist it across sessions" classname="simple-conversation-continuity.spec.ts" time="0.143">
<failure message="simple-conversation-continuity.spec.ts:77:7 should create visitor ID and persist it across sessions" type="FAILURE">
<![CDATA[  [Mobile Chrome] › simple-conversation-continuity.spec.ts:77:7 › Simple Conversation Continuity › should create visitor ID and persist it across sessions 

    Error: page.evaluate: SecurityError: Failed to read the 'localStorage' property from 'Window': Access is denied for this document.
        at UtilityScript.evaluate (<anonymous>:293:16)
        at UtilityScript.<anonymous> (<anonymous>:1:44)
        at UtilityScript.evaluate (<anonymous>:293:16)
        at UtilityScript.<anonymous> (<anonymous>:1:44)
        at clearVisitorIdFromLocalStorage (/Users/lukatenbosch/Downloads/campfire-v2/tests/e2e/simple-conversation-continuity.spec.ts:53:14)
        at /Users/lukatenbosch/Downloads/campfire-v2/tests/e2e/simple-conversation-continuity.spec.ts:82:11

    attachment #1: screenshot (image/png) ──────────────────────────────────────────────────────────
    ../../test-results/simple-conversation-contin-76443--persist-it-across-sessions-Mobile-Chrome/test-failed-1.png
    ────────────────────────────────────────────────────────────────────────────────────────────────

    attachment #2: screenshot (image/png) ──────────────────────────────────────────────────────────
    ../../test-results/simple-conversation-contin-76443--persist-it-across-sessions-Mobile-Chrome/test-failed-2.png
    ────────────────────────────────────────────────────────────────────────────────────────────────
]]>
</failure>
<system-out>
<![CDATA[
🎯 TEST 1: Visitor ID Persistence
=================================

[[ATTACHMENT|simple-conversation-contin-76443--persist-it-across-sessions-Mobile-Chrome/test-failed-1.png]]

[[ATTACHMENT|simple-conversation-contin-76443--persist-it-across-sessions-Mobile-Chrome/test-failed-2.png]]
]]>
</system-out>
</testcase>
<testcase name="Simple Conversation Continuity › should reuse existing conversation for returning visitor" classname="simple-conversation-continuity.spec.ts" time="0.216">
<failure message="simple-conversation-continuity.spec.ts:106:7 should reuse existing conversation for returning visitor" type="FAILURE">
<![CDATA[  [Mobile Chrome] › simple-conversation-continuity.spec.ts:106:7 › Simple Conversation Continuity › should reuse existing conversation for returning visitor 

    Error: page.evaluate: SecurityError: Failed to read the 'localStorage' property from 'Window': Access is denied for this document.
        at UtilityScript.evaluate (<anonymous>:293:16)
        at UtilityScript.<anonymous> (<anonymous>:1:44)
        at UtilityScript.evaluate (<anonymous>:293:16)
        at UtilityScript.<anonymous> (<anonymous>:1:44)
        at clearVisitorIdFromLocalStorage (/Users/lukatenbosch/Downloads/campfire-v2/tests/e2e/simple-conversation-continuity.spec.ts:53:14)
        at /Users/lukatenbosch/Downloads/campfire-v2/tests/e2e/simple-conversation-continuity.spec.ts:111:11

    attachment #1: screenshot (image/png) ──────────────────────────────────────────────────────────
    ../../test-results/simple-conversation-contin-d3776-ation-for-returning-visitor-Mobile-Chrome/test-failed-1.png
    ────────────────────────────────────────────────────────────────────────────────────────────────

    attachment #2: screenshot (image/png) ──────────────────────────────────────────────────────────
    ../../test-results/simple-conversation-contin-d3776-ation-for-returning-visitor-Mobile-Chrome/test-failed-2.png
    ────────────────────────────────────────────────────────────────────────────────────────────────
]]>
</failure>
<system-out>
<![CDATA[
🎯 TEST 2: Conversation Continuity
==================================

[[ATTACHMENT|simple-conversation-contin-d3776-ation-for-returning-visitor-Mobile-Chrome/test-failed-1.png]]

[[ATTACHMENT|simple-conversation-contin-d3776-ation-for-returning-visitor-Mobile-Chrome/test-failed-2.png]]
]]>
</system-out>
</testcase>
<testcase name="Simple Conversation Continuity › should create new conversation for different visitor" classname="simple-conversation-continuity.spec.ts" time="0.687">
<failure message="simple-conversation-continuity.spec.ts:148:7 should create new conversation for different visitor" type="FAILURE">
<![CDATA[  [Mobile Chrome] › simple-conversation-continuity.spec.ts:148:7 › Simple Conversation Continuity › should create new conversation for different visitor 

    Error: page.evaluate: SecurityError: Failed to read the 'localStorage' property from 'Window': Access is denied for this document.
        at UtilityScript.evaluate (<anonymous>:293:16)
        at UtilityScript.<anonymous> (<anonymous>:1:44)
        at UtilityScript.evaluate (<anonymous>:293:16)
        at UtilityScript.<anonymous> (<anonymous>:1:44)
        at clearVisitorIdFromLocalStorage (/Users/lukatenbosch/Downloads/campfire-v2/tests/e2e/simple-conversation-continuity.spec.ts:53:14)
        at /Users/lukatenbosch/Downloads/campfire-v2/tests/e2e/simple-conversation-continuity.spec.ts:153:11

    attachment #1: screenshot (image/png) ──────────────────────────────────────────────────────────
    ../../test-results/simple-conversation-contin-a344c-ation-for-different-visitor-Mobile-Chrome/test-failed-1.png
    ────────────────────────────────────────────────────────────────────────────────────────────────

    attachment #2: screenshot (image/png) ──────────────────────────────────────────────────────────
    ../../test-results/simple-conversation-contin-a344c-ation-for-different-visitor-Mobile-Chrome/test-failed-2.png
    ────────────────────────────────────────────────────────────────────────────────────────────────
]]>
</failure>
<system-out>
<![CDATA[
🎯 TEST 3: New Visitor Gets New Conversation
============================================

[[ATTACHMENT|simple-conversation-contin-a344c-ation-for-different-visitor-Mobile-Chrome/test-failed-1.png]]

[[ATTACHMENT|simple-conversation-contin-a344c-ation-for-different-visitor-Mobile-Chrome/test-failed-2.png]]
]]>
</system-out>
</testcase>
<testcase name="Simple Conversation Continuity › should verify conversation count in database" classname="simple-conversation-continuity.spec.ts" time="11.466">
<failure message="simple-conversation-continuity.spec.ts:182:7 should verify conversation count in database" type="FAILURE">
<![CDATA[  [Mobile Chrome] › simple-conversation-continuity.spec.ts:182:7 › Simple Conversation Continuity › should verify conversation count in database 

    Error: expect(received).toBeGreaterThan(expected)

    Expected: > 0
    Received:   0

      201 |     // Based on our tests, we should have 2-3 conversations max
      202 |     expect(conversationCount).toBeLessThan(10);
    > 203 |     expect(conversationCount).toBeGreaterThan(0);
          |                               ^
      204 |
      205 |     console.log('✅ SUCCESS: Reasonable conversation count in database');
      206 |   });
        at /Users/lukatenbosch/Downloads/campfire-v2/tests/e2e/simple-conversation-continuity.spec.ts:203:31

    attachment #1: screenshot (image/png) ──────────────────────────────────────────────────────────
    ../../test-results/simple-conversation-contin-f97c3-versation-count-in-database-Mobile-Chrome/test-failed-2.png
    ────────────────────────────────────────────────────────────────────────────────────────────────

    attachment #2: screenshot (image/png) ──────────────────────────────────────────────────────────
    ../../test-results/simple-conversation-contin-f97c3-versation-count-in-database-Mobile-Chrome/test-failed-1.png
    ────────────────────────────────────────────────────────────────────────────────────────────────

    Error Context: ../../test-results/simple-conversation-contin-f97c3-versation-count-in-database-Mobile-Chrome/error-context.md
]]>
</failure>
<system-out>
<![CDATA[
🎯 TEST 4: Database Verification
================================
🔐 Agent logging in...
✅ Agent logged in successfully
Conversations in dashboard: 0

[[ATTACHMENT|simple-conversation-contin-f97c3-versation-count-in-database-Mobile-Chrome/test-failed-2.png]]

[[ATTACHMENT|simple-conversation-contin-f97c3-versation-count-in-database-Mobile-Chrome/test-failed-1.png]]

[[ATTACHMENT|simple-conversation-contin-f97c3-versation-count-in-database-Mobile-Chrome/error-context.md]]
]]>
</system-out>
</testcase>
<testcase name="Simple Conversation Continuity › should verify visitor ID format and uniqueness" classname="simple-conversation-continuity.spec.ts" time="0.102">
<failure message="simple-conversation-continuity.spec.ts:208:7 should verify visitor ID format and uniqueness" type="FAILURE">
<![CDATA[  [Mobile Chrome] › simple-conversation-continuity.spec.ts:208:7 › Simple Conversation Continuity › should verify visitor ID format and uniqueness 

    Error: page.evaluate: SecurityError: Failed to read the 'localStorage' property from 'Window': Access is denied for this document.
        at UtilityScript.evaluate (<anonymous>:293:16)
        at UtilityScript.<anonymous> (<anonymous>:1:44)
        at UtilityScript.evaluate (<anonymous>:293:16)
        at UtilityScript.<anonymous> (<anonymous>:1:44)
        at clearVisitorIdFromLocalStorage (/Users/lukatenbosch/Downloads/campfire-v2/tests/e2e/simple-conversation-continuity.spec.ts:53:14)
        at /Users/lukatenbosch/Downloads/campfire-v2/tests/e2e/simple-conversation-continuity.spec.ts:216:13

    attachment #1: screenshot (image/png) ──────────────────────────────────────────────────────────
    ../../test-results/simple-conversation-contin-0de60-or-ID-format-and-uniqueness-Mobile-Chrome/test-failed-1.png
    ────────────────────────────────────────────────────────────────────────────────────────────────

    attachment #2: screenshot (image/png) ──────────────────────────────────────────────────────────
    ../../test-results/simple-conversation-contin-0de60-or-ID-format-and-uniqueness-Mobile-Chrome/test-failed-2.png
    ────────────────────────────────────────────────────────────────────────────────────────────────
]]>
</failure>
<system-out>
<![CDATA[
🎯 TEST 5: Visitor ID Format Verification
=========================================

[[ATTACHMENT|simple-conversation-contin-0de60-or-ID-format-and-uniqueness-Mobile-Chrome/test-failed-1.png]]

[[ATTACHMENT|simple-conversation-contin-0de60-or-ID-format-and-uniqueness-Mobile-Chrome/test-failed-2.png]]
]]>
</system-out>
</testcase>
</testsuite>
<testsuite name="simple-conversation-continuity.spec.ts" timestamp="2025-08-03T16:30:07.955Z" hostname="Mobile Safari" tests="5" failures="5" skipped="0" time="8.491" errors="0">
<testcase name="Simple Conversation Continuity › should create visitor ID and persist it across sessions" classname="simple-conversation-continuity.spec.ts" time="0.091">
<failure message="simple-conversation-continuity.spec.ts:77:7 should create visitor ID and persist it across sessions" type="FAILURE">
<![CDATA[  [Mobile Safari] › simple-conversation-continuity.spec.ts:77:7 › Simple Conversation Continuity › should create visitor ID and persist it across sessions 

    Error: page.evaluate: SecurityError: The operation is insecure.

      51 |
      52 | async function clearVisitorIdFromLocalStorage(page: Page) {
    > 53 |   await page.evaluate((orgId) => {
         |              ^
      54 |     localStorage.removeItem(`campfire_visitor_${orgId}`);
      55 |   }, TEST_CONFIG.organizationId);
      56 | }
        at clearVisitorIdFromLocalStorage (/Users/lukatenbosch/Downloads/campfire-v2/tests/e2e/simple-conversation-continuity.spec.ts:53:14)
        at /Users/lukatenbosch/Downloads/campfire-v2/tests/e2e/simple-conversation-continuity.spec.ts:82:11

    attachment #1: screenshot (image/png) ──────────────────────────────────────────────────────────
    ../../test-results/simple-conversation-contin-76443--persist-it-across-sessions-Mobile-Safari/test-failed-1.png
    ────────────────────────────────────────────────────────────────────────────────────────────────

    attachment #2: screenshot (image/png) ──────────────────────────────────────────────────────────
    ../../test-results/simple-conversation-contin-76443--persist-it-across-sessions-Mobile-Safari/test-failed-2.png
    ────────────────────────────────────────────────────────────────────────────────────────────────
]]>
</failure>
<system-out>
<![CDATA[
🎯 TEST 1: Visitor ID Persistence
=================================

[[ATTACHMENT|simple-conversation-contin-76443--persist-it-across-sessions-Mobile-Safari/test-failed-1.png]]

[[ATTACHMENT|simple-conversation-contin-76443--persist-it-across-sessions-Mobile-Safari/test-failed-2.png]]
]]>
</system-out>
</testcase>
<testcase name="Simple Conversation Continuity › should reuse existing conversation for returning visitor" classname="simple-conversation-continuity.spec.ts" time="0.09">
<failure message="simple-conversation-continuity.spec.ts:106:7 should reuse existing conversation for returning visitor" type="FAILURE">
<![CDATA[  [Mobile Safari] › simple-conversation-continuity.spec.ts:106:7 › Simple Conversation Continuity › should reuse existing conversation for returning visitor 

    Error: page.evaluate: SecurityError: The operation is insecure.

      51 |
      52 | async function clearVisitorIdFromLocalStorage(page: Page) {
    > 53 |   await page.evaluate((orgId) => {
         |              ^
      54 |     localStorage.removeItem(`campfire_visitor_${orgId}`);
      55 |   }, TEST_CONFIG.organizationId);
      56 | }
        at clearVisitorIdFromLocalStorage (/Users/lukatenbosch/Downloads/campfire-v2/tests/e2e/simple-conversation-continuity.spec.ts:53:14)
        at /Users/lukatenbosch/Downloads/campfire-v2/tests/e2e/simple-conversation-continuity.spec.ts:111:11

    attachment #1: screenshot (image/png) ──────────────────────────────────────────────────────────
    ../../test-results/simple-conversation-contin-d3776-ation-for-returning-visitor-Mobile-Safari/test-failed-1.png
    ────────────────────────────────────────────────────────────────────────────────────────────────

    attachment #2: screenshot (image/png) ──────────────────────────────────────────────────────────
    ../../test-results/simple-conversation-contin-d3776-ation-for-returning-visitor-Mobile-Safari/test-failed-2.png
    ────────────────────────────────────────────────────────────────────────────────────────────────
]]>
</failure>
<system-out>
<![CDATA[
🎯 TEST 2: Conversation Continuity
==================================

[[ATTACHMENT|simple-conversation-contin-d3776-ation-for-returning-visitor-Mobile-Safari/test-failed-1.png]]

[[ATTACHMENT|simple-conversation-contin-d3776-ation-for-returning-visitor-Mobile-Safari/test-failed-2.png]]
]]>
</system-out>
</testcase>
<testcase name="Simple Conversation Continuity › should create new conversation for different visitor" classname="simple-conversation-continuity.spec.ts" time="0.048">
<failure message="simple-conversation-continuity.spec.ts:148:7 should create new conversation for different visitor" type="FAILURE">
<![CDATA[  [Mobile Safari] › simple-conversation-continuity.spec.ts:148:7 › Simple Conversation Continuity › should create new conversation for different visitor 

    Error: page.evaluate: SecurityError: The operation is insecure.

      51 |
      52 | async function clearVisitorIdFromLocalStorage(page: Page) {
    > 53 |   await page.evaluate((orgId) => {
         |              ^
      54 |     localStorage.removeItem(`campfire_visitor_${orgId}`);
      55 |   }, TEST_CONFIG.organizationId);
      56 | }
        at clearVisitorIdFromLocalStorage (/Users/lukatenbosch/Downloads/campfire-v2/tests/e2e/simple-conversation-continuity.spec.ts:53:14)
        at /Users/lukatenbosch/Downloads/campfire-v2/tests/e2e/simple-conversation-continuity.spec.ts:153:11

    attachment #1: screenshot (image/png) ──────────────────────────────────────────────────────────
    ../../test-results/simple-conversation-contin-a344c-ation-for-different-visitor-Mobile-Safari/test-failed-1.png
    ────────────────────────────────────────────────────────────────────────────────────────────────

    attachment #2: screenshot (image/png) ──────────────────────────────────────────────────────────
    ../../test-results/simple-conversation-contin-a344c-ation-for-different-visitor-Mobile-Safari/test-failed-2.png
    ────────────────────────────────────────────────────────────────────────────────────────────────
]]>
</failure>
<system-out>
<![CDATA[
🎯 TEST 3: New Visitor Gets New Conversation
============================================

[[ATTACHMENT|simple-conversation-contin-a344c-ation-for-different-visitor-Mobile-Safari/test-failed-1.png]]

[[ATTACHMENT|simple-conversation-contin-a344c-ation-for-different-visitor-Mobile-Safari/test-failed-2.png]]
]]>
</system-out>
</testcase>
<testcase name="Simple Conversation Continuity › should verify conversation count in database" classname="simple-conversation-continuity.spec.ts" time="8.229">
<failure message="simple-conversation-continuity.spec.ts:182:7 should verify conversation count in database" type="FAILURE">
<![CDATA[  [Mobile Safari] › simple-conversation-continuity.spec.ts:182:7 › Simple Conversation Continuity › should verify conversation count in database 

    Error: expect(received).toBeGreaterThan(expected)

    Expected: > 0
    Received:   0

      201 |     // Based on our tests, we should have 2-3 conversations max
      202 |     expect(conversationCount).toBeLessThan(10);
    > 203 |     expect(conversationCount).toBeGreaterThan(0);
          |                               ^
      204 |
      205 |     console.log('✅ SUCCESS: Reasonable conversation count in database');
      206 |   });
        at /Users/lukatenbosch/Downloads/campfire-v2/tests/e2e/simple-conversation-continuity.spec.ts:203:31

    attachment #1: screenshot (image/png) ──────────────────────────────────────────────────────────
    ../../test-results/simple-conversation-contin-f97c3-versation-count-in-database-Mobile-Safari/test-failed-1.png
    ────────────────────────────────────────────────────────────────────────────────────────────────

    attachment #2: screenshot (image/png) ──────────────────────────────────────────────────────────
    ../../test-results/simple-conversation-contin-f97c3-versation-count-in-database-Mobile-Safari/test-failed-2.png
    ────────────────────────────────────────────────────────────────────────────────────────────────

    Error Context: ../../test-results/simple-conversation-contin-f97c3-versation-count-in-database-Mobile-Safari/error-context.md
]]>
</failure>
<system-out>
<![CDATA[
🎯 TEST 4: Database Verification
================================
🔐 Agent logging in...
✅ Agent logged in successfully
Conversations in dashboard: 0

[[ATTACHMENT|simple-conversation-contin-f97c3-versation-count-in-database-Mobile-Safari/test-failed-1.png]]

[[ATTACHMENT|simple-conversation-contin-f97c3-versation-count-in-database-Mobile-Safari/test-failed-2.png]]

[[ATTACHMENT|simple-conversation-contin-f97c3-versation-count-in-database-Mobile-Safari/error-context.md]]
]]>
</system-out>
</testcase>
<testcase name="Simple Conversation Continuity › should verify visitor ID format and uniqueness" classname="simple-conversation-continuity.spec.ts" time="0.033">
<failure message="simple-conversation-continuity.spec.ts:208:7 should verify visitor ID format and uniqueness" type="FAILURE">
<![CDATA[  [Mobile Safari] › simple-conversation-continuity.spec.ts:208:7 › Simple Conversation Continuity › should verify visitor ID format and uniqueness 

    Error: page.evaluate: SecurityError: The operation is insecure.

      51 |
      52 | async function clearVisitorIdFromLocalStorage(page: Page) {
    > 53 |   await page.evaluate((orgId) => {
         |              ^
      54 |     localStorage.removeItem(`campfire_visitor_${orgId}`);
      55 |   }, TEST_CONFIG.organizationId);
      56 | }
        at clearVisitorIdFromLocalStorage (/Users/lukatenbosch/Downloads/campfire-v2/tests/e2e/simple-conversation-continuity.spec.ts:53:14)
        at /Users/lukatenbosch/Downloads/campfire-v2/tests/e2e/simple-conversation-continuity.spec.ts:216:13

    attachment #1: screenshot (image/png) ──────────────────────────────────────────────────────────
    ../../test-results/simple-conversation-contin-0de60-or-ID-format-and-uniqueness-Mobile-Safari/test-failed-2.png
    ────────────────────────────────────────────────────────────────────────────────────────────────

    attachment #2: screenshot (image/png) ──────────────────────────────────────────────────────────
    ../../test-results/simple-conversation-contin-0de60-or-ID-format-and-uniqueness-Mobile-Safari/test-failed-1.png
    ────────────────────────────────────────────────────────────────────────────────────────────────
]]>
</failure>
<system-out>
<![CDATA[
🎯 TEST 5: Visitor ID Format Verification
=========================================

[[ATTACHMENT|simple-conversation-contin-0de60-or-ID-format-and-uniqueness-Mobile-Safari/test-failed-2.png]]

[[ATTACHMENT|simple-conversation-contin-0de60-or-ID-format-and-uniqueness-Mobile-Safari/test-failed-1.png]]
]]>
</system-out>
</testcase>
</testsuite>
<testsuite name="simple-conversation-continuity.spec.ts" timestamp="2025-08-03T16:30:07.955Z" hostname="Microsoft Edge" tests="5" failures="5" skipped="0" time="11.099" errors="0">
<testcase name="Simple Conversation Continuity › should create visitor ID and persist it across sessions" classname="simple-conversation-continuity.spec.ts" time="0.195">
<failure message="simple-conversation-continuity.spec.ts:77:7 should create visitor ID and persist it across sessions" type="FAILURE">
<![CDATA[  [Microsoft Edge] › simple-conversation-continuity.spec.ts:77:7 › Simple Conversation Continuity › should create visitor ID and persist it across sessions 

    Error: page.evaluate: SecurityError: Failed to read the 'localStorage' property from 'Window': Access is denied for this document.
        at UtilityScript.evaluate (<anonymous>:293:16)
        at UtilityScript.<anonymous> (<anonymous>:1:44)
        at UtilityScript.evaluate (<anonymous>:293:16)
        at UtilityScript.<anonymous> (<anonymous>:1:44)
        at clearVisitorIdFromLocalStorage (/Users/lukatenbosch/Downloads/campfire-v2/tests/e2e/simple-conversation-continuity.spec.ts:53:14)
        at /Users/lukatenbosch/Downloads/campfire-v2/tests/e2e/simple-conversation-continuity.spec.ts:82:11

    attachment #1: screenshot (image/png) ──────────────────────────────────────────────────────────
    ../../test-results/simple-conversation-contin-76443--persist-it-across-sessions-Microsoft-Edge/test-failed-1.png
    ────────────────────────────────────────────────────────────────────────────────────────────────

    attachment #2: screenshot (image/png) ──────────────────────────────────────────────────────────
    ../../test-results/simple-conversation-contin-76443--persist-it-across-sessions-Microsoft-Edge/test-failed-2.png
    ────────────────────────────────────────────────────────────────────────────────────────────────
]]>
</failure>
<system-out>
<![CDATA[
🎯 TEST 1: Visitor ID Persistence
=================================

[[ATTACHMENT|simple-conversation-contin-76443--persist-it-across-sessions-Microsoft-Edge/test-failed-1.png]]

[[ATTACHMENT|simple-conversation-contin-76443--persist-it-across-sessions-Microsoft-Edge/test-failed-2.png]]
]]>
</system-out>
</testcase>
<testcase name="Simple Conversation Continuity › should reuse existing conversation for returning visitor" classname="simple-conversation-continuity.spec.ts" time="0.332">
<failure message="simple-conversation-continuity.spec.ts:106:7 should reuse existing conversation for returning visitor" type="FAILURE">
<![CDATA[  [Microsoft Edge] › simple-conversation-continuity.spec.ts:106:7 › Simple Conversation Continuity › should reuse existing conversation for returning visitor 

    Error: page.evaluate: SecurityError: Failed to read the 'localStorage' property from 'Window': Access is denied for this document.
        at UtilityScript.evaluate (<anonymous>:293:16)
        at UtilityScript.<anonymous> (<anonymous>:1:44)
        at UtilityScript.evaluate (<anonymous>:293:16)
        at UtilityScript.<anonymous> (<anonymous>:1:44)
        at clearVisitorIdFromLocalStorage (/Users/lukatenbosch/Downloads/campfire-v2/tests/e2e/simple-conversation-continuity.spec.ts:53:14)
        at /Users/lukatenbosch/Downloads/campfire-v2/tests/e2e/simple-conversation-continuity.spec.ts:111:11

    attachment #1: screenshot (image/png) ──────────────────────────────────────────────────────────
    ../../test-results/simple-conversation-contin-d3776-ation-for-returning-visitor-Microsoft-Edge/test-failed-1.png
    ────────────────────────────────────────────────────────────────────────────────────────────────

    attachment #2: screenshot (image/png) ──────────────────────────────────────────────────────────
    ../../test-results/simple-conversation-contin-d3776-ation-for-returning-visitor-Microsoft-Edge/test-failed-2.png
    ────────────────────────────────────────────────────────────────────────────────────────────────
]]>
</failure>
<system-out>
<![CDATA[
🎯 TEST 2: Conversation Continuity
==================================

[[ATTACHMENT|simple-conversation-contin-d3776-ation-for-returning-visitor-Microsoft-Edge/test-failed-1.png]]

[[ATTACHMENT|simple-conversation-contin-d3776-ation-for-returning-visitor-Microsoft-Edge/test-failed-2.png]]
]]>
</system-out>
</testcase>
<testcase name="Simple Conversation Continuity › should create new conversation for different visitor" classname="simple-conversation-continuity.spec.ts" time="0.179">
<failure message="simple-conversation-continuity.spec.ts:148:7 should create new conversation for different visitor" type="FAILURE">
<![CDATA[  [Microsoft Edge] › simple-conversation-continuity.spec.ts:148:7 › Simple Conversation Continuity › should create new conversation for different visitor 

    Error: page.evaluate: SecurityError: Failed to read the 'localStorage' property from 'Window': Access is denied for this document.
        at UtilityScript.evaluate (<anonymous>:293:16)
        at UtilityScript.<anonymous> (<anonymous>:1:44)
        at UtilityScript.evaluate (<anonymous>:293:16)
        at UtilityScript.<anonymous> (<anonymous>:1:44)
        at clearVisitorIdFromLocalStorage (/Users/lukatenbosch/Downloads/campfire-v2/tests/e2e/simple-conversation-continuity.spec.ts:53:14)
        at /Users/lukatenbosch/Downloads/campfire-v2/tests/e2e/simple-conversation-continuity.spec.ts:153:11

    attachment #1: screenshot (image/png) ──────────────────────────────────────────────────────────
    ../../test-results/simple-conversation-contin-a344c-ation-for-different-visitor-Microsoft-Edge/test-failed-1.png
    ────────────────────────────────────────────────────────────────────────────────────────────────

    attachment #2: screenshot (image/png) ──────────────────────────────────────────────────────────
    ../../test-results/simple-conversation-contin-a344c-ation-for-different-visitor-Microsoft-Edge/test-failed-2.png
    ────────────────────────────────────────────────────────────────────────────────────────────────
]]>
</failure>
<system-out>
<![CDATA[
🎯 TEST 3: New Visitor Gets New Conversation
============================================

[[ATTACHMENT|simple-conversation-contin-a344c-ation-for-different-visitor-Microsoft-Edge/test-failed-1.png]]

[[ATTACHMENT|simple-conversation-contin-a344c-ation-for-different-visitor-Microsoft-Edge/test-failed-2.png]]
]]>
</system-out>
</testcase>
<testcase name="Simple Conversation Continuity › should verify conversation count in database" classname="simple-conversation-continuity.spec.ts" time="10.264">
<failure message="simple-conversation-continuity.spec.ts:182:7 should verify conversation count in database" type="FAILURE">
<![CDATA[  [Microsoft Edge] › simple-conversation-continuity.spec.ts:182:7 › Simple Conversation Continuity › should verify conversation count in database 

    Error: expect(received).toBeGreaterThan(expected)

    Expected: > 0
    Received:   0

      201 |     // Based on our tests, we should have 2-3 conversations max
      202 |     expect(conversationCount).toBeLessThan(10);
    > 203 |     expect(conversationCount).toBeGreaterThan(0);
          |                               ^
      204 |
      205 |     console.log('✅ SUCCESS: Reasonable conversation count in database');
      206 |   });
        at /Users/lukatenbosch/Downloads/campfire-v2/tests/e2e/simple-conversation-continuity.spec.ts:203:31

    attachment #1: screenshot (image/png) ──────────────────────────────────────────────────────────
    ../../test-results/simple-conversation-contin-f97c3-versation-count-in-database-Microsoft-Edge/test-failed-2.png
    ────────────────────────────────────────────────────────────────────────────────────────────────

    attachment #2: screenshot (image/png) ──────────────────────────────────────────────────────────
    ../../test-results/simple-conversation-contin-f97c3-versation-count-in-database-Microsoft-Edge/test-failed-1.png
    ────────────────────────────────────────────────────────────────────────────────────────────────

    Error Context: ../../test-results/simple-conversation-contin-f97c3-versation-count-in-database-Microsoft-Edge/error-context.md
]]>
</failure>
<system-out>
<![CDATA[
🎯 TEST 4: Database Verification
================================
🔐 Agent logging in...
✅ Agent logged in successfully
Conversations in dashboard: 0

[[ATTACHMENT|simple-conversation-contin-f97c3-versation-count-in-database-Microsoft-Edge/test-failed-2.png]]

[[ATTACHMENT|simple-conversation-contin-f97c3-versation-count-in-database-Microsoft-Edge/test-failed-1.png]]

[[ATTACHMENT|simple-conversation-contin-f97c3-versation-count-in-database-Microsoft-Edge/error-context.md]]
]]>
</system-out>
</testcase>
<testcase name="Simple Conversation Continuity › should verify visitor ID format and uniqueness" classname="simple-conversation-continuity.spec.ts" time="0.129">
<failure message="simple-conversation-continuity.spec.ts:208:7 should verify visitor ID format and uniqueness" type="FAILURE">
<![CDATA[  [Microsoft Edge] › simple-conversation-continuity.spec.ts:208:7 › Simple Conversation Continuity › should verify visitor ID format and uniqueness 

    Error: page.evaluate: SecurityError: Failed to read the 'localStorage' property from 'Window': Access is denied for this document.
        at UtilityScript.evaluate (<anonymous>:293:16)
        at UtilityScript.<anonymous> (<anonymous>:1:44)
        at UtilityScript.evaluate (<anonymous>:293:16)
        at UtilityScript.<anonymous> (<anonymous>:1:44)
        at clearVisitorIdFromLocalStorage (/Users/lukatenbosch/Downloads/campfire-v2/tests/e2e/simple-conversation-continuity.spec.ts:53:14)
        at /Users/lukatenbosch/Downloads/campfire-v2/tests/e2e/simple-conversation-continuity.spec.ts:216:13

    attachment #1: screenshot (image/png) ──────────────────────────────────────────────────────────
    ../../test-results/simple-conversation-contin-0de60-or-ID-format-and-uniqueness-Microsoft-Edge/test-failed-2.png
    ────────────────────────────────────────────────────────────────────────────────────────────────

    attachment #2: screenshot (image/png) ──────────────────────────────────────────────────────────
    ../../test-results/simple-conversation-contin-0de60-or-ID-format-and-uniqueness-Microsoft-Edge/test-failed-1.png
    ────────────────────────────────────────────────────────────────────────────────────────────────
]]>
</failure>
<system-out>
<![CDATA[
🎯 TEST 5: Visitor ID Format Verification
=========================================

[[ATTACHMENT|simple-conversation-contin-0de60-or-ID-format-and-uniqueness-Microsoft-Edge/test-failed-2.png]]

[[ATTACHMENT|simple-conversation-contin-0de60-or-ID-format-and-uniqueness-Microsoft-Edge/test-failed-1.png]]
]]>
</system-out>
</testcase>
</testsuite>
<testsuite name="simple-conversation-continuity.spec.ts" timestamp="2025-08-03T16:30:07.955Z" hostname="Google Chrome" tests="5" failures="5" skipped="0" time="8.611" errors="0">
<testcase name="Simple Conversation Continuity › should create visitor ID and persist it across sessions" classname="simple-conversation-continuity.spec.ts" time="0.1">
<failure message="simple-conversation-continuity.spec.ts:77:7 should create visitor ID and persist it across sessions" type="FAILURE">
<![CDATA[  [Google Chrome] › simple-conversation-continuity.spec.ts:77:7 › Simple Conversation Continuity › should create visitor ID and persist it across sessions 

    Error: page.evaluate: SecurityError: Failed to read the 'localStorage' property from 'Window': Access is denied for this document.
        at UtilityScript.evaluate (<anonymous>:293:16)
        at UtilityScript.<anonymous> (<anonymous>:1:44)
        at UtilityScript.evaluate (<anonymous>:293:16)
        at UtilityScript.<anonymous> (<anonymous>:1:44)
        at clearVisitorIdFromLocalStorage (/Users/lukatenbosch/Downloads/campfire-v2/tests/e2e/simple-conversation-continuity.spec.ts:53:14)
        at /Users/lukatenbosch/Downloads/campfire-v2/tests/e2e/simple-conversation-continuity.spec.ts:82:11

    attachment #1: screenshot (image/png) ──────────────────────────────────────────────────────────
    ../../test-results/simple-conversation-contin-76443--persist-it-across-sessions-Google-Chrome/test-failed-1.png
    ────────────────────────────────────────────────────────────────────────────────────────────────

    attachment #2: screenshot (image/png) ──────────────────────────────────────────────────────────
    ../../test-results/simple-conversation-contin-76443--persist-it-across-sessions-Google-Chrome/test-failed-2.png
    ────────────────────────────────────────────────────────────────────────────────────────────────
]]>
</failure>
<system-out>
<![CDATA[
🎯 TEST 1: Visitor ID Persistence
=================================

[[ATTACHMENT|simple-conversation-contin-76443--persist-it-across-sessions-Google-Chrome/test-failed-1.png]]

[[ATTACHMENT|simple-conversation-contin-76443--persist-it-across-sessions-Google-Chrome/test-failed-2.png]]
]]>
</system-out>
</testcase>
<testcase name="Simple Conversation Continuity › should reuse existing conversation for returning visitor" classname="simple-conversation-continuity.spec.ts" time="0.12">
<failure message="simple-conversation-continuity.spec.ts:106:7 should reuse existing conversation for returning visitor" type="FAILURE">
<![CDATA[  [Google Chrome] › simple-conversation-continuity.spec.ts:106:7 › Simple Conversation Continuity › should reuse existing conversation for returning visitor 

    Error: page.evaluate: SecurityError: Failed to read the 'localStorage' property from 'Window': Access is denied for this document.
        at UtilityScript.evaluate (<anonymous>:293:16)
        at UtilityScript.<anonymous> (<anonymous>:1:44)
        at UtilityScript.evaluate (<anonymous>:293:16)
        at UtilityScript.<anonymous> (<anonymous>:1:44)
        at clearVisitorIdFromLocalStorage (/Users/lukatenbosch/Downloads/campfire-v2/tests/e2e/simple-conversation-continuity.spec.ts:53:14)
        at /Users/lukatenbosch/Downloads/campfire-v2/tests/e2e/simple-conversation-continuity.spec.ts:111:11

    attachment #1: screenshot (image/png) ──────────────────────────────────────────────────────────
    ../../test-results/simple-conversation-contin-d3776-ation-for-returning-visitor-Google-Chrome/test-failed-1.png
    ────────────────────────────────────────────────────────────────────────────────────────────────

    attachment #2: screenshot (image/png) ──────────────────────────────────────────────────────────
    ../../test-results/simple-conversation-contin-d3776-ation-for-returning-visitor-Google-Chrome/test-failed-2.png
    ────────────────────────────────────────────────────────────────────────────────────────────────
]]>
</failure>
<system-out>
<![CDATA[
🎯 TEST 2: Conversation Continuity
==================================

[[ATTACHMENT|simple-conversation-contin-d3776-ation-for-returning-visitor-Google-Chrome/test-failed-1.png]]

[[ATTACHMENT|simple-conversation-contin-d3776-ation-for-returning-visitor-Google-Chrome/test-failed-2.png]]
]]>
</system-out>
</testcase>
<testcase name="Simple Conversation Continuity › should create new conversation for different visitor" classname="simple-conversation-continuity.spec.ts" time="0.094">
<failure message="simple-conversation-continuity.spec.ts:148:7 should create new conversation for different visitor" type="FAILURE">
<![CDATA[  [Google Chrome] › simple-conversation-continuity.spec.ts:148:7 › Simple Conversation Continuity › should create new conversation for different visitor 

    Error: page.evaluate: SecurityError: Failed to read the 'localStorage' property from 'Window': Access is denied for this document.
        at UtilityScript.evaluate (<anonymous>:293:16)
        at UtilityScript.<anonymous> (<anonymous>:1:44)
        at UtilityScript.evaluate (<anonymous>:293:16)
        at UtilityScript.<anonymous> (<anonymous>:1:44)
        at clearVisitorIdFromLocalStorage (/Users/lukatenbosch/Downloads/campfire-v2/tests/e2e/simple-conversation-continuity.spec.ts:53:14)
        at /Users/lukatenbosch/Downloads/campfire-v2/tests/e2e/simple-conversation-continuity.spec.ts:153:11

    attachment #1: screenshot (image/png) ──────────────────────────────────────────────────────────
    ../../test-results/simple-conversation-contin-a344c-ation-for-different-visitor-Google-Chrome/test-failed-1.png
    ────────────────────────────────────────────────────────────────────────────────────────────────

    attachment #2: screenshot (image/png) ──────────────────────────────────────────────────────────
    ../../test-results/simple-conversation-contin-a344c-ation-for-different-visitor-Google-Chrome/test-failed-2.png
    ────────────────────────────────────────────────────────────────────────────────────────────────
]]>
</failure>
<system-out>
<![CDATA[
🎯 TEST 3: New Visitor Gets New Conversation
============================================

[[ATTACHMENT|simple-conversation-contin-a344c-ation-for-different-visitor-Google-Chrome/test-failed-1.png]]

[[ATTACHMENT|simple-conversation-contin-a344c-ation-for-different-visitor-Google-Chrome/test-failed-2.png]]
]]>
</system-out>
</testcase>
<testcase name="Simple Conversation Continuity › should verify conversation count in database" classname="simple-conversation-continuity.spec.ts" time="8.207">
<failure message="simple-conversation-continuity.spec.ts:182:7 should verify conversation count in database" type="FAILURE">
<![CDATA[  [Google Chrome] › simple-conversation-continuity.spec.ts:182:7 › Simple Conversation Continuity › should verify conversation count in database 

    Error: expect(received).toBeGreaterThan(expected)

    Expected: > 0
    Received:   0

      201 |     // Based on our tests, we should have 2-3 conversations max
      202 |     expect(conversationCount).toBeLessThan(10);
    > 203 |     expect(conversationCount).toBeGreaterThan(0);
          |                               ^
      204 |
      205 |     console.log('✅ SUCCESS: Reasonable conversation count in database');
      206 |   });
        at /Users/lukatenbosch/Downloads/campfire-v2/tests/e2e/simple-conversation-continuity.spec.ts:203:31

    attachment #1: screenshot (image/png) ──────────────────────────────────────────────────────────
    ../../test-results/simple-conversation-contin-f97c3-versation-count-in-database-Google-Chrome/test-failed-1.png
    ────────────────────────────────────────────────────────────────────────────────────────────────

    attachment #2: screenshot (image/png) ──────────────────────────────────────────────────────────
    ../../test-results/simple-conversation-contin-f97c3-versation-count-in-database-Google-Chrome/test-failed-2.png
    ────────────────────────────────────────────────────────────────────────────────────────────────

    Error Context: ../../test-results/simple-conversation-contin-f97c3-versation-count-in-database-Google-Chrome/error-context.md
]]>
</failure>
<system-out>
<![CDATA[
🎯 TEST 4: Database Verification
================================
🔐 Agent logging in...
✅ Agent logged in successfully
Conversations in dashboard: 0

[[ATTACHMENT|simple-conversation-contin-f97c3-versation-count-in-database-Google-Chrome/test-failed-1.png]]

[[ATTACHMENT|simple-conversation-contin-f97c3-versation-count-in-database-Google-Chrome/test-failed-2.png]]

[[ATTACHMENT|simple-conversation-contin-f97c3-versation-count-in-database-Google-Chrome/error-context.md]]
]]>
</system-out>
</testcase>
<testcase name="Simple Conversation Continuity › should verify visitor ID format and uniqueness" classname="simple-conversation-continuity.spec.ts" time="0.09">
<failure message="simple-conversation-continuity.spec.ts:208:7 should verify visitor ID format and uniqueness" type="FAILURE">
<![CDATA[  [Google Chrome] › simple-conversation-continuity.spec.ts:208:7 › Simple Conversation Continuity › should verify visitor ID format and uniqueness 

    Error: page.evaluate: SecurityError: Failed to read the 'localStorage' property from 'Window': Access is denied for this document.
        at UtilityScript.evaluate (<anonymous>:293:16)
        at UtilityScript.<anonymous> (<anonymous>:1:44)
        at UtilityScript.evaluate (<anonymous>:293:16)
        at UtilityScript.<anonymous> (<anonymous>:1:44)
        at clearVisitorIdFromLocalStorage (/Users/lukatenbosch/Downloads/campfire-v2/tests/e2e/simple-conversation-continuity.spec.ts:53:14)
        at /Users/lukatenbosch/Downloads/campfire-v2/tests/e2e/simple-conversation-continuity.spec.ts:216:13

    attachment #1: screenshot (image/png) ──────────────────────────────────────────────────────────
    ../../test-results/simple-conversation-contin-0de60-or-ID-format-and-uniqueness-Google-Chrome/test-failed-1.png
    ────────────────────────────────────────────────────────────────────────────────────────────────

    attachment #2: screenshot (image/png) ──────────────────────────────────────────────────────────
    ../../test-results/simple-conversation-contin-0de60-or-ID-format-and-uniqueness-Google-Chrome/test-failed-2.png
    ────────────────────────────────────────────────────────────────────────────────────────────────
]]>
</failure>
<system-out>
<![CDATA[
🎯 TEST 5: Visitor ID Format Verification
=========================================

[[ATTACHMENT|simple-conversation-contin-0de60-or-ID-format-and-uniqueness-Google-Chrome/test-failed-1.png]]

[[ATTACHMENT|simple-conversation-contin-0de60-or-ID-format-and-uniqueness-Google-Chrome/test-failed-2.png]]
]]>
</system-out>
</testcase>
</testsuite>
</testsuites>