<testsuites id="" name="" tests="9" failures="0" skipped="0" errors="0" time="9.735479000000002">
<testsuite name="ui-functional-test.spec.ts" timestamp="2025-08-01T17:49:53.169Z" hostname="chromium" tests="9" failures="0" skipped="0" time="30.583" errors="0">
<testcase name="UI Functional Testing › should test real conversation assignment functionality" classname="ui-functional-test.spec.ts" time="3.282">
<system-out>
<![CDATA[👥 Testing conversation assignment...
✅ Assignment button found
]]>
</system-out>
</testcase>
<testcase name="UI Functional Testing › should test real AI handover functionality" classname="ui-functional-test.spec.ts" time="3.531">
<system-out>
<![CDATA[🤖 Testing AI handover functionality...
✅ AI handover button found
]]>
</system-out>
</testcase>
<testcase name="UI Functional Testing › should test real ticket conversion functionality" classname="ui-functional-test.spec.ts" time="3.801">
<system-out>
<![CDATA[🎫 Testing ticket conversion...
✅ Convert to ticket button found
]]>
</system-out>
</testcase>
<testcase name="UI Functional Testing › should test real conversation tagging functionality" classname="ui-functional-test.spec.ts" time="3.54">
<system-out>
<![CDATA[🏷️  Testing conversation tagging...
ℹ️  Tagging functionality not found in UI
]]>
</system-out>
</testcase>
<testcase name="UI Functional Testing › should test real conversation priority functionality" classname="ui-functional-test.spec.ts" time="2.541">
<system-out>
<![CDATA[⭐ Testing conversation priority...
ℹ️  Priority functionality not found in UI
]]>
</system-out>
</testcase>
<testcase name="UI Functional Testing › should test real conversation status functionality" classname="ui-functional-test.spec.ts" time="2.983">
<system-out>
<![CDATA[📊 Testing conversation status...
ℹ️  Status functionality not found in UI
]]>
</system-out>
</testcase>
<testcase name="UI Functional Testing › should test real bidirectional communication between widget and agent" classname="ui-functional-test.spec.ts" time="5.711">
<system-out>
<![CDATA[💬 Testing bidirectional communication...
✅ Widget opened
✅ Message input found
✅ Message typed
✅ Found 7 conversations
✅ Agent message input found
✅ Agent message typed
]]>
</system-out>
</testcase>
<testcase name="UI Functional Testing › should test real conversation notes functionality" classname="ui-functional-test.spec.ts" time="2.801">
<system-out>
<![CDATA[📝 Testing conversation notes...
ℹ️  Notes functionality not found in UI
]]>
</system-out>
</testcase>
<testcase name="UI Functional Testing › should test real conversation history and export functionality" classname="ui-functional-test.spec.ts" time="2.393">
<system-out>
<![CDATA[📋 Testing conversation history and export...
ℹ️  History/Export functionality not found in UI
]]>
</system-out>
</testcase>
</testsuite>
</testsuites>